Log file open, 10/28/20 08:43:07
LogInit: Display: Running engine for game: Null
LogPlatformFile: Not using cached read wrapper
LogTaskGraph: Started task graph with 5 named threads and 20 total threads with 3 sets of task threads.
LogStats: Stats thread started at 1.178982
LogD3D11RHI: Loaded GFSDK_Aftermath_Lib.x64.dll
LogICUInternationalization: ICU TimeZone Detection - Raw Offset: -5:00, Platform Override: ''
LogPluginManager: Mounting plugin Paper2D
LogPluginManager: Mounting plugin AISupport
LogPluginManager: Mounting plugin LightPropagationVolume
LogPluginManager: Mounting plugin CameraShakePreviewer
LogPluginManager: Mounting plugin ActorLayerUtilities
LogPluginManager: Mounting plugin AnimationSharing
LogPluginManager: Mounting plugin CLionSourceCodeAccess
LogPluginManager: Mounting plugin CodeLiteSourceCodeAccess
LogPluginManager: Mounting plugin GitSourceControl
LogPluginManager: Mounting plugin KDevelopSourceCodeAccess
LogPluginManager: Mounting plugin NullSourceCodeAccess
LogPluginManager: Mounting plugin PerforceSourceControl
LogPluginManager: Mounting plugin PlasticSourceControl
LogPluginManager: Mounting plugin RiderSourceCodeAccess
LogPluginManager: Mounting plugin SubversionSourceControl
LogPluginManager: Mounting plugin UObjectPlugin
LogPluginManager: Mounting plugin VisualStudioCodeSourceCodeAccess
LogPluginManager: Mounting plugin VisualStudioSourceCodeAccess
LogPluginManager: Mounting plugin XCodeSourceCodeAccess
LogPluginManager: Mounting plugin AssetManagerEditor
LogPluginManager: Mounting plugin CryptoKeys
LogPluginManager: Mounting plugin CurveEditorTools
LogPluginManager: Mounting plugin DataValidation
LogPluginManager: Mounting plugin EditorScriptingUtilities
LogPluginManager: Mounting plugin FacialAnimation
LogPluginManager: Mounting plugin GameplayTagsEditor
LogPluginManager: Mounting plugin GeometryMode
LogPluginManager: Mounting plugin MacGraphicsSwitching
LogPluginManager: Mounting plugin MaterialAnalyzer
LogPluginManager: Mounting plugin MobileLauncherProfileWizard
LogPluginManager: Mounting plugin PluginBrowser
LogPluginManager: Mounting plugin SpeedTreeImporter
LogPluginManager: Mounting plugin DatasmithContent
LogPluginManager: Mounting plugin VariantManagerContent
LogPluginManager: Mounting plugin AlembicImporter
LogPluginManager: Mounting plugin AutomationUtils
LogPluginManager: Mounting plugin BackChannel
LogPluginManager: Mounting plugin ChaosCloth
LogPluginManager: Mounting plugin ChaosClothEditor
LogPluginManager: Mounting plugin ChaosEditor
LogPluginManager: Mounting plugin ChaosNiagara
LogPluginManager: Mounting plugin ChaosSolverPlugin
LogPluginManager: Mounting plugin CharacterAI
LogPluginManager: Mounting plugin GeometryCache
LogPluginManager: Mounting plugin GeometryCollectionPlugin
LogPluginManager: Mounting plugin GeometryProcessing
LogPluginManager: Mounting plugin PlanarCut
LogPluginManager: Mounting plugin PlatformCrypto
LogPluginManager: Mounting plugin ProxyLODPlugin
LogPluginManager: Mounting plugin SkeletalReduction
LogPluginManager: Mounting plugin Niagara
LogPluginManager: Mounting plugin MagicLeap
LogPluginManager: Mounting plugin MagicLeapLightEstimation
LogPluginManager: Mounting plugin MagicLeapMedia
LogPluginManager: Mounting plugin MagicLeapPassableWorld
LogPluginManager: Mounting plugin MLSDK
LogPluginManager: Mounting plugin AndroidMedia
LogPluginManager: Mounting plugin AvfMedia
LogPluginManager: Mounting plugin ImgMedia
LogPluginManager: Mounting plugin MediaCompositing
LogPluginManager: Mounting plugin MediaPlayerEditor
LogPluginManager: Mounting plugin WebMMedia
LogPluginManager: Mounting plugin WmfMedia
LogPluginManager: Mounting plugin MeshPainting
LogPluginManager: Mounting plugin TcpMessaging
LogPluginManager: Mounting plugin UdpMessaging
LogPluginManager: Mounting plugin ActorSequence
LogPluginManager: Mounting plugin LevelSequenceEditor
LogPluginManager: Mounting plugin MatineeToLevelSequence
LogPluginManager: Mounting plugin MovieRenderPipeline
LogPluginManager: Mounting plugin TemplateSequence
LogPluginManager: Mounting plugin NetcodeUnitTest
LogPluginManager: Mounting plugin NUTUnrealEngine4
LogPluginManager: Mounting plugin OnlineSubsystemGooglePlay
LogPluginManager: Mounting plugin OnlineSubsystemIOS
LogPluginManager: Mounting plugin OnlineSubsystem
LogPluginManager: Mounting plugin OnlineSubsystemNull
LogPluginManager: Mounting plugin OnlineSubsystemUtils
LogPluginManager: Mounting plugin LauncherChunkInstaller
LogPluginManager: Mounting plugin AndroidDeviceProfileSelector
LogPluginManager: Mounting plugin AndroidMoviePlayer
LogPluginManager: Mounting plugin AndroidPermission
LogPluginManager: Mounting plugin AppleImageUtils
LogPluginManager: Mounting plugin AppleMoviePlayer
LogPluginManager: Mounting plugin ArchVisCharacter
LogPluginManager: Mounting plugin AssetTags
LogPluginManager: Mounting plugin AudioCapture
LogPluginManager: Mounting plugin CableComponent
LogPluginManager: Mounting plugin CustomMeshComponent
LogPluginManager: Mounting plugin EditableMesh
LogPluginManager: Mounting plugin ExampleDeviceProfileSelector
LogPluginManager: Mounting plugin GoogleCloudMessaging
LogPluginManager: Mounting plugin GooglePAD
LogPluginManager: Mounting plugin IOSDeviceProfileSelector
LogPluginManager: Mounting plugin LinuxDeviceProfileSelector
LogPluginManager: Mounting plugin LocationServicesBPLibrary
LogPluginManager: Mounting plugin MobilePatchingUtils
LogPluginManager: Mounting plugin OculusVR
LogPluginManager: Mounting plugin PhysXVehicles
LogPluginManager: Mounting plugin PostSplashScreen
LogPluginManager: Mounting plugin ProceduralMeshComponent
LogPluginManager: Mounting plugin RuntimePhysXCooking
LogPluginManager: Mounting plugin SignificanceManager
LogPluginManager: Mounting plugin SoundFields
LogPluginManager: Mounting plugin SteamVR
LogPluginManager: Mounting plugin Synthesis
LogPluginManager: Mounting plugin WebMMoviePlayer
LogPluginManager: Mounting plugin WindowsMoviePlayer
LogPluginManager: Mounting plugin ScreenshotTools
LogInit: Using libcurl 7.55.1-DEV
LogInit:  - built for x86_64-pc-win32
LogInit:  - supports SSL with OpenSSL/1.1.1
LogInit:  - supports HTTP deflate (compression) using libz 1.2.8
LogInit:  - other features:
LogInit:      CURL_VERSION_SSL
LogInit:      CURL_VERSION_LIBZ
LogInit:      CURL_VERSION_IPV6
LogInit:      CURL_VERSION_ASYNCHDNS
LogInit:      CURL_VERSION_LARGEFILE
LogInit:      CURL_VERSION_IDN
LogInit:  CurlRequestOptions (configurable via config and command line):
LogInit:  - bVerifyPeer = true  - Libcurl will verify peer certificate
LogInit:  - bUseHttpProxy = false  - Libcurl will NOT use HTTP proxy
LogInit:  - bDontReuseConnections = false  - Libcurl will reuse connections
LogInit:  - MaxHostConnections = 16  - Libcurl will limit the number of connections to a host
LogInit:  - LocalHostAddr = Default
LogInit:  - BufferSize = 65536
LogOnline: OSS: Creating online subsystem instance for: NULL
LogInit: WinSock: version 1.1 (2.2), MaxSocks=32767, MaxUdp=65467
LogOnline: OSS: TryLoadSubsystemAndSetDefault: Loaded subsystem for module [NULL]
LogInit: Build: ++UE4+Release-4.25-CL-13942748
LogInit: Engine Version: 4.25.3-13942748+++UE4+Release-4.25
LogInit: Compatible Engine Version: 4.25.0-13144385+++UE4+Release-4.25
LogInit: Net CL: 13144385
LogInit: OS: Windows 10 (Release 1909) (), CPU: Intel(R) Core(TM) i5-8500 CPU @ 3.00GHz, GPU: Intel(R) UHD Graphics 630
LogInit: Compiled (64-bit): Jul 25 2020 02:07:48
LogInit: Compiled with Visual C++: 19.24.28315.00
LogInit: Build Configuration: Development
LogInit: Branch Name: ++UE4+Release-4.25
LogInit: Command Line: 
LogInit: Base Directory: C:/Program Files/Epic Games/UE_4.25/Engine/Binaries/Win64/
LogInit: Allocator: TBB
LogInit: Installed Engine Build: 1
LogDevObjectVersion: Number of dev versions registered: 26
LogDevObjectVersion:   Dev-Blueprints (B0D832E4-1F89-4F0D-ACCF-7EB736FD4AA2): 10
LogDevObjectVersion:   Dev-Build (E1C64328-A22C-4D53-A36C-8E866417BD8C): 0
LogDevObjectVersion:   Dev-Core (375EC13C-06E4-48FB-B500-84F0262A717E): 4
LogDevObjectVersion:   Dev-Editor (E4B068ED-F494-42E9-A231-DA0B2E46BB41): 38
LogDevObjectVersion:   Dev-Framework (CFFC743F-43B0-4480-9391-14DF171D2073): 37
LogDevObjectVersion:   Dev-Mobile (B02B49B5-BB20-44E9-A304-32B752E40360): 2
LogDevObjectVersion:   Dev-Networking (A4E4105C-59A1-49B5-A7C5-40C4547EDFEE): 0
LogDevObjectVersion:   Dev-Online (39C831C9-5AE6-47DC-9A44-9C173E1C8E7C): 0
LogDevObjectVersion:   Dev-Physics (78F01B33-EBEA-4F98-B9B4-84EACCB95AA2): 4
LogDevObjectVersion:   Dev-Platform (6631380F-2D4D-43E0-8009-CF276956A95A): 0
LogDevObjectVersion:   Dev-Rendering (12F88B9F-8875-4AFC-A67C-D90C383ABD29): 43
LogDevObjectVersion:   Dev-Sequencer (7B5AE74C-D270-4C10-A958-57980B212A5A): 12
LogDevObjectVersion:   Dev-VR (D7296918-1DD6-4BDD-9DE2-64A83CC13884): 3
LogDevObjectVersion:   Dev-LoadTimes (C2A15278-BFE7-4AFE-6C17-90FF531DF755): 1
LogDevObjectVersion:   Private-Geometry (6EACA3D4-40EC-4CC1-B786-8BED09428FC5): 3
LogDevObjectVersion:   Dev-AnimPhys (29E575DD-E0A3-4627-9D10-D276232CDCEA): 17
LogDevObjectVersion:   Dev-Anim (AF43A65D-7FD3-4947-9873-3E8ED9C1BB05): 7
LogDevObjectVersion:   Dev-ReflectionCapture (6B266CEC-1EC7-4B8F-A30B-E4D90942FC07): 1
LogDevObjectVersion:   Dev-Automation (0DF73D61-A23F-47EA-B727-89E90C41499A): 1
LogDevObjectVersion:   FortniteMain (601D1886-AC64-4F84-AA16-D3DE0DEAC7D6): 31
LogDevObjectVersion:   Dev-Enterprise (9DFFBCD6-494F-0158-E221-12823C92A888): 10
LogDevObjectVersion:   Dev-Niagara (F2AED0AC-9AFE-416F-8664-AA7FFA26D6FC): 1
LogDevObjectVersion:   Dev-Destruction (174F1F0B-B4C6-45A5-B13F-2EE8D0FB917D): 10
LogDevObjectVersion:   Dev-Physics-Ext (35F94A83-E258-406C-A318-09F59610247C): 37
LogDevObjectVersion:   Dev-PhysicsMaterial-Chaos (B68FC16E-8B1B-42E2-B453-215C058844FE): 1
LogDevObjectVersion:   Dev-CineCamera (B2E18506-4273-CFC2-A54E-F4BB758BBA07): 1
LogInit: Presizing for max 25165824 objects, including 0 objects not considered by GC, pre-allocating 0 bytes for permanent pool.
LogConfig: Applying CVar settings from Section [/Script/Engine.StreamingSettings] File [C:/Users/130163/Documents/Unreal Projects/Null/Saved/Config/Windows/Engine.ini]
LogConfig: Setting CVar [[s.MinBulkDataSizeForAsyncLoading:131072]]
LogConfig: Setting CVar [[s.AsyncLoadingThreadEnabled:0]]
LogConfig: Setting CVar [[s.EventDrivenLoaderEnabled:1]]
LogConfig: Setting CVar [[s.WarnIfTimeLimitExceeded:0]]
LogConfig: Setting CVar [[s.TimeLimitExceededMultiplier:1.5]]
LogConfig: Setting CVar [[s.TimeLimitExceededMinTime:0.005]]
LogConfig: Setting CVar [[s.UseBackgroundLevelStreaming:1]]
LogConfig: Setting CVar [[s.PriorityAsyncLoadingExtraTime:15.0]]
LogConfig: Setting CVar [[s.LevelStreamingActorsUpdateTimeLimit:5.0]]
LogConfig: Setting CVar [[s.PriorityLevelStreamingActorsUpdateExtraTime:5.0]]
LogConfig: Setting CVar [[s.LevelStreamingComponentsRegistrationGranularity:10]]
LogConfig: Setting CVar [[s.UnregisterComponentsTimeLimit:1.0]]
LogConfig: Setting CVar [[s.LevelStreamingComponentsUnregistrationGranularity:5]]
LogConfig: Setting CVar [[s.FlushStreamingOnExit:1]]
LogInit: Object subsystem initialized
LogConfig: Setting CVar [[con.DebugEarlyDefault:1]]
LogConfig: Setting CVar [[r.setres:1280x720]]
[2020.10.28-12.43.08:373][  0]LogConfig: Setting CVar [[r.VSync:0]]
[2020.10.28-12.43.08:373][  0]LogConfig: Setting CVar [[r.RHICmdBypass:0]]
[2020.10.28-12.43.08:373][  0]LogConfig: Applying CVar settings from Section [/Script/Engine.RendererSettings] File [C:/Users/130163/Documents/Unreal Projects/Null/Saved/Config/Windows/Engine.ini]
[2020.10.28-12.43.08:373][  0]LogConfig: Setting CVar [[r.GPUCrashDebugging:0]]
[2020.10.28-12.43.08:373][  0]LogConfig: Applying CVar settings from Section [/Script/Engine.RendererOverrideSettings] File [C:/Users/130163/Documents/Unreal Projects/Null/Saved/Config/Windows/Engine.ini]
[2020.10.28-12.43.08:373][  0]LogConfig: Applying CVar settings from Section [/Script/Engine.StreamingSettings] File [C:/Users/130163/Documents/Unreal Projects/Null/Saved/Config/Windows/Engine.ini]
[2020.10.28-12.43.08:373][  0]LogConfig: Setting CVar [[s.MinBulkDataSizeForAsyncLoading:131072]]
[2020.10.28-12.43.08:373][  0]LogConfig: Setting CVar [[s.AsyncLoadingThreadEnabled:0]]
[2020.10.28-12.43.08:374][  0]LogConfig: Setting CVar [[s.EventDrivenLoaderEnabled:1]]
[2020.10.28-12.43.08:374][  0]LogConfig: Setting CVar [[s.WarnIfTimeLimitExceeded:0]]
[2020.10.28-12.43.08:374][  0]LogConfig: Setting CVar [[s.TimeLimitExceededMultiplier:1.5]]
[2020.10.28-12.43.08:374][  0]LogConfig: Setting CVar [[s.TimeLimitExceededMinTime:0.005]]
[2020.10.28-12.43.08:374][  0]LogConfig: Setting CVar [[s.UseBackgroundLevelStreaming:1]]
[2020.10.28-12.43.08:374][  0]LogConfig: Setting CVar [[s.PriorityAsyncLoadingExtraTime:15.0]]
[2020.10.28-12.43.08:374][  0]LogConfig: Setting CVar [[s.LevelStreamingActorsUpdateTimeLimit:5.0]]
[2020.10.28-12.43.08:374][  0]LogConfig: Setting CVar [[s.PriorityLevelStreamingActorsUpdateExtraTime:5.0]]
[2020.10.28-12.43.08:374][  0]LogConfig: Setting CVar [[s.LevelStreamingComponentsRegistrationGranularity:10]]
[2020.10.28-12.43.08:374][  0]LogConfig: Setting CVar [[s.UnregisterComponentsTimeLimit:1.0]]
[2020.10.28-12.43.08:374][  0]LogConfig: Setting CVar [[s.LevelStreamingComponentsUnregistrationGranularity:5]]
[2020.10.28-12.43.08:374][  0]LogConfig: Setting CVar [[s.FlushStreamingOnExit:1]]
[2020.10.28-12.43.08:374][  0]LogConfig: Applying CVar settings from Section [/Script/Engine.GarbageCollectionSettings] File [C:/Users/130163/Documents/Unreal Projects/Null/Saved/Config/Windows/Engine.ini]
[2020.10.28-12.43.08:374][  0]LogConfig: Setting CVar [[gc.MaxObjectsNotConsideredByGC:1]]
[2020.10.28-12.43.08:374][  0]LogConfig: Setting CVar [[gc.SizeOfPermanentObjectPool:0]]
[2020.10.28-12.43.08:374][  0]LogConfig: Setting CVar [[gc.FlushStreamingOnGC:0]]
[2020.10.28-12.43.08:374][  0]LogConfig: Setting CVar [[gc.NumRetriesBeforeForcingGC:10]]
[2020.10.28-12.43.08:374][  0]LogConfig: Setting CVar [[gc.AllowParallelGC:1]]
[2020.10.28-12.43.08:374][  0]LogConfig: Setting CVar [[gc.TimeBetweenPurgingPendingKillObjects:61.1]]
[2020.10.28-12.43.08:374][  0]LogConfig: Setting CVar [[gc.MaxObjectsInEditor:25165824]]
[2020.10.28-12.43.08:374][  0]LogConfig: Setting CVar [[gc.IncrementalBeginDestroyEnabled:1]]
[2020.10.28-12.43.08:374][  0]LogConfig: Setting CVar [[gc.CreateGCClusters:1]]
[2020.10.28-12.43.08:374][  0]LogConfig: Setting CVar [[gc.MinGCClusterSize:5]]
[2020.10.28-12.43.08:374][  0]LogConfig: Setting CVar [[gc.ActorClusteringEnabled:0]]
[2020.10.28-12.43.08:374][  0]LogConfig: Setting CVar [[gc.BlueprintClusteringEnabled:0]]
[2020.10.28-12.43.08:374][  0]LogConfig: Setting CVar [[gc.UseDisregardForGCOnDedicatedServers:0]]
[2020.10.28-12.43.08:374][  0]LogConfig: Applying CVar settings from Section [/Script/Engine.NetworkSettings] File [C:/Users/130163/Documents/Unreal Projects/Null/Saved/Config/Windows/Engine.ini]
[2020.10.28-12.43.08:374][  0]LogConfig: Applying CVar settings from Section [/Script/UnrealEd.CookerSettings] File [C:/Users/130163/Documents/Unreal Projects/Null/Saved/Config/Windows/Engine.ini]
[2020.10.28-12.43.08:381][  0]LogConfig: Applying CVar settings from Section [ViewDistanceQuality@3] File [C:/Users/130163/Documents/Unreal Projects/Null/Saved/Config/Windows/Scalability.ini]
[2020.10.28-12.43.08:381][  0]LogConfig: Setting CVar [[r.SkeletalMeshLODBias:0]]
[2020.10.28-12.43.08:381][  0]LogConfig: Setting CVar [[r.ViewDistanceScale:1.0]]
[2020.10.28-12.43.08:381][  0]LogConfig: Applying CVar settings from Section [AntiAliasingQuality@3] File [C:/Users/130163/Documents/Unreal Projects/Null/Saved/Config/Windows/Scalability.ini]
[2020.10.28-12.43.08:381][  0]LogConfig: Setting CVar [[r.PostProcessAAQuality:4]]
[2020.10.28-12.43.08:381][  0]LogConfig: Applying CVar settings from Section [ShadowQuality@3] File [C:/Users/130163/Documents/Unreal Projects/Null/Saved/Config/Windows/Scalability.ini]
[2020.10.28-12.43.08:381][  0]LogConfig: Setting CVar [[r.LightFunctionQuality:1]]
[2020.10.28-12.43.08:381][  0]LogConfig: Setting CVar [[r.ShadowQuality:5]]
[2020.10.28-12.43.08:381][  0]LogConfig: Setting CVar [[r.Shadow.CSM.MaxCascades:10]]
[2020.10.28-12.43.08:381][  0]LogConfig: Setting CVar [[r.Shadow.MaxResolution:2048]]
[2020.10.28-12.43.08:381][  0]LogConfig: Setting CVar [[r.Shadow.MaxCSMResolution:2048]]
[2020.10.28-12.43.08:381][  0]LogConfig: Setting CVar [[r.Shadow.RadiusThreshold:0.01]]
[2020.10.28-12.43.08:381][  0]LogConfig: Setting CVar [[r.Shadow.DistanceScale:1.0]]
[2020.10.28-12.43.08:381][  0]LogConfig: Setting CVar [[r.Shadow.CSM.TransitionScale:1.0]]
[2020.10.28-12.43.08:381][  0]LogConfig: Setting CVar [[r.Shadow.PreShadowResolutionFactor:1.0]]
[2020.10.28-12.43.08:381][  0]LogConfig: Setting CVar [[r.DistanceFieldShadowing:1]]
[2020.10.28-12.43.08:381][  0]LogConfig: Setting CVar [[r.DistanceFieldAO:1]]
[2020.10.28-12.43.08:381][  0]LogConfig: Setting CVar [[r.AOQuality:2]]
[2020.10.28-12.43.08:381][  0]LogConfig: Setting CVar [[r.VolumetricFog:1]]
[2020.10.28-12.43.08:381][  0]LogConfig: Setting CVar [[r.VolumetricFog.GridPixelSize:8]]
[2020.10.28-12.43.08:381][  0]LogConfig: Setting CVar [[r.VolumetricFog.GridSizeZ:128]]
[2020.10.28-12.43.08:381][  0]LogConfig: Setting CVar [[r.VolumetricFog.HistoryMissSupersampleCount:4]]
[2020.10.28-12.43.08:381][  0]LogConfig: Setting CVar [[r.LightMaxDrawDistanceScale:1]]
[2020.10.28-12.43.08:381][  0]LogConfig: Setting CVar [[r.CapsuleShadows:1]]
[2020.10.28-12.43.08:381][  0]LogConfig: Applying CVar settings from Section [PostProcessQuality@3] File [C:/Users/130163/Documents/Unreal Projects/Null/Saved/Config/Windows/Scalability.ini]
[2020.10.28-12.43.08:381][  0]LogConfig: Setting CVar [[r.MotionBlurQuality:4]]
[2020.10.28-12.43.08:381][  0]LogConfig: Setting CVar [[r.AmbientOcclusionMipLevelFactor:0.4]]
[2020.10.28-12.43.08:381][  0]LogConfig: Setting CVar [[r.AmbientOcclusionMaxQuality:100]]
[2020.10.28-12.43.08:381][  0]LogConfig: Setting CVar [[r.AmbientOcclusionLevels:-1]]
[2020.10.28-12.43.08:381][  0]LogConfig: Setting CVar [[r.AmbientOcclusionRadiusScale:1.0]]
[2020.10.28-12.43.08:381][  0]LogConfig: Setting CVar [[r.DepthOfFieldQuality:2]]
[2020.10.28-12.43.08:381][  0]LogConfig: Setting CVar [[r.RenderTargetPoolMin:400]]
[2020.10.28-12.43.08:381][  0]LogConfig: Setting CVar [[r.LensFlareQuality:2]]
[2020.10.28-12.43.08:381][  0]LogConfig: Setting CVar [[r.SceneColorFringeQuality:1]]
[2020.10.28-12.43.08:381][  0]LogConfig: Setting CVar [[r.EyeAdaptationQuality:2]]
[2020.10.28-12.43.08:381][  0]LogConfig: Setting CVar [[r.BloomQuality:5]]
[2020.10.28-12.43.08:381][  0]LogConfig: Setting CVar [[r.FastBlurThreshold:100]]
[2020.10.28-12.43.08:381][  0]LogConfig: Setting CVar [[r.Upscale.Quality:3]]
[2020.10.28-12.43.08:381][  0]LogConfig: Setting CVar [[r.Tonemapper.GrainQuantization:1]]
[2020.10.28-12.43.08:381][  0]LogConfig: Setting CVar [[r.LightShaftQuality:1]]
[2020.10.28-12.43.08:381][  0]LogConfig: Setting CVar [[r.Filter.SizeScale:1]]
[2020.10.28-12.43.08:381][  0]LogConfig: Setting CVar [[r.Tonemapper.Quality:5]]
[2020.10.28-12.43.08:381][  0]LogConfig: Setting CVar [[r.DOF.Gather.AccumulatorQuality:1        ; higher gathering accumulator quality]]
[2020.10.28-12.43.08:381][  0]LogConfig: Setting CVar [[r.DOF.Gather.PostfilterMethod:1          ; Median3x3 postfilering method]]
[2020.10.28-12.43.08:381][  0]LogConfig: Setting CVar [[r.DOF.Gather.EnableBokehSettings:0       ; no bokeh simulation when gathering]]
[2020.10.28-12.43.08:381][  0]LogConfig: Setting CVar [[r.DOF.Gather.RingCount:4                 ; medium number of samples when gathering]]
[2020.10.28-12.43.08:381][  0]LogConfig: Setting CVar [[r.DOF.Scatter.ForegroundCompositing:1    ; additive foreground scattering]]
[2020.10.28-12.43.08:381][  0]LogConfig: Setting CVar [[r.DOF.Scatter.BackgroundCompositing:2    ; additive background scattering]]
[2020.10.28-12.43.08:381][  0]LogConfig: Setting CVar [[r.DOF.Scatter.EnableBokehSettings:1      ; bokeh simulation when scattering]]
[2020.10.28-12.43.08:381][  0]LogConfig: Setting CVar [[r.DOF.Scatter.MaxSpriteRatio:0.1         ; only a maximum of 10% of scattered bokeh]]
[2020.10.28-12.43.08:381][  0]LogConfig: Setting CVar [[r.DOF.Recombine.Quality:1                ; cheap slight out of focus]]
[2020.10.28-12.43.08:381][  0]LogConfig: Setting CVar [[r.DOF.Recombine.EnableBokehSettings:0    ; no bokeh simulation on slight out of focus]]
[2020.10.28-12.43.08:381][  0]LogConfig: Setting CVar [[r.DOF.TemporalAAQuality:1                ; more stable temporal accumulation]]
[2020.10.28-12.43.08:381][  0]LogConfig: Setting CVar [[r.DOF.Kernel.MaxForegroundRadius:0.025]]
[2020.10.28-12.43.08:381][  0]LogConfig: Setting CVar [[r.DOF.Kernel.MaxBackgroundRadius:0.025]]
[2020.10.28-12.43.08:381][  0]LogConfig: Applying CVar settings from Section [TextureQuality@3] File [C:/Users/130163/Documents/Unreal Projects/Null/Saved/Config/Windows/Scalability.ini]
[2020.10.28-12.43.08:381][  0]LogConfig: Setting CVar [[r.Streaming.MipBias:0]]
[2020.10.28-12.43.08:381][  0]LogConfig: Setting CVar [[r.Streaming.AmortizeCPUToGPUCopy:0]]
[2020.10.28-12.43.08:381][  0]LogConfig: Setting CVar [[r.Streaming.MaxNumTexturesToStreamPerFrame:0]]
[2020.10.28-12.43.08:381][  0]LogConfig: Setting CVar [[r.Streaming.Boost:1]]
[2020.10.28-12.43.08:381][  0]LogConfig: Setting CVar [[r.MaxAnisotropy:8]]
[2020.10.28-12.43.08:381][  0]LogConfig: Setting CVar [[r.VT.MaxAnisotropy:8]]
[2020.10.28-12.43.08:381][  0]LogConfig: Setting CVar [[r.Streaming.LimitPoolSizeToVRAM:0]]
[2020.10.28-12.43.08:381][  0]LogConfig: Setting CVar [[r.Streaming.PoolSize:1000]]
[2020.10.28-12.43.08:381][  0]LogConfig: Setting CVar [[r.Streaming.MaxEffectiveScreenSize:0]]
[2020.10.28-12.43.08:381][  0]LogConfig: Applying CVar settings from Section [EffectsQuality@3] File [C:/Users/130163/Documents/Unreal Projects/Null/Saved/Config/Windows/Scalability.ini]
[2020.10.28-12.43.08:381][  0]LogConfig: Setting CVar [[r.TranslucencyLightingVolumeDim:64]]
[2020.10.28-12.43.08:381][  0]LogConfig: Setting CVar [[r.RefractionQuality:2]]
[2020.10.28-12.43.08:381][  0]LogConfig: Setting CVar [[r.SSR.Quality:3]]
[2020.10.28-12.43.08:381][  0]LogConfig: Setting CVar [[r.SSR.HalfResSceneColor:0]]
[2020.10.28-12.43.08:381][  0]LogConfig: Setting CVar [[r.SceneColorFormat:4]]
[2020.10.28-12.43.08:381][  0]LogConfig: Setting CVar [[r.DetailMode:2]]
[2020.10.28-12.43.08:381][  0]LogConfig: Setting CVar [[r.TranslucencyVolumeBlur:1]]
[2020.10.28-12.43.08:381][  0]LogConfig: Setting CVar [[r.MaterialQualityLevel:1 ; High quality]]
[2020.10.28-12.43.08:381][  0]LogConfig: Setting CVar [[r.SSS.Scale:1]]
[2020.10.28-12.43.08:382][  0]LogConfig: Setting CVar [[r.SSS.SampleSet:2]]
[2020.10.28-12.43.08:382][  0]LogConfig: Setting CVar [[r.SSS.Quality:1]]
[2020.10.28-12.43.08:382][  0]LogConfig: Setting CVar [[r.SSS.HalfRes:0]]
[2020.10.28-12.43.08:382][  0]LogConfig: Setting CVar [[r.SSGI.Quality:3]]
[2020.10.28-12.43.08:382][  0]LogConfig: Setting CVar [[r.EmitterSpawnRateScale:1.0]]
[2020.10.28-12.43.08:382][  0]LogConfig: Setting CVar [[r.ParticleLightQuality:2]]
[2020.10.28-12.43.08:382][  0]LogConfig: Setting CVar [[r.SkyAtmosphere.AerialPerspectiveLUT.FastApplyOnOpaque:1 ; Always have FastSkyLUT 1 in this case to avoid wrong sky]]
[2020.10.28-12.43.08:382][  0]LogConfig: Setting CVar [[r.SkyAtmosphere.AerialPerspectiveLUT.SampleCountPerSlice:1]]
[2020.10.28-12.43.08:382][  0]LogConfig: Setting CVar [[r.SkyAtmosphere.AerialPerspectiveLUT.DepthResolution:16.0]]
[2020.10.28-12.43.08:382][  0]LogConfig: Setting CVar [[r.SkyAtmosphere.FastSkyLUT:1]]
[2020.10.28-12.43.08:382][  0]LogConfig: Setting CVar [[r.SkyAtmosphere.FastSkyLUT.SampleCountMin:4.0]]
[2020.10.28-12.43.08:382][  0]LogConfig: Setting CVar [[r.SkyAtmosphere.FastSkyLUT.SampleCountMax:32.0]]
[2020.10.28-12.43.08:382][  0]LogConfig: Setting CVar [[r.SkyAtmosphere.SampleCountMin:4.0]]
[2020.10.28-12.43.08:382][  0]LogConfig: Setting CVar [[r.SkyAtmosphere.SampleCountMax:32.0]]
[2020.10.28-12.43.08:382][  0]LogConfig: Setting CVar [[r.SkyAtmosphere.TransmittanceLUT.UseSmallFormat:0]]
[2020.10.28-12.43.08:382][  0]LogConfig: Setting CVar [[r.SkyAtmosphere.TransmittanceLUT.SampleCount:10.0]]
[2020.10.28-12.43.08:382][  0]LogConfig: Setting CVar [[r.SkyAtmosphere.MultiScatteringLUT.SampleCount:15.0]]
[2020.10.28-12.43.08:382][  0]LogConfig: Applying CVar settings from Section [FoliageQuality@3] File [C:/Users/130163/Documents/Unreal Projects/Null/Saved/Config/Windows/Scalability.ini]
[2020.10.28-12.43.08:382][  0]LogConfig: Setting CVar [[foliage.DensityScale:1.0]]
[2020.10.28-12.43.08:382][  0]LogConfig: Setting CVar [[grass.DensityScale:1.0]]
[2020.10.28-12.43.08:382][  0]LogConfig: Applying CVar settings from Section [ShadingQuality@3] File [C:/Users/130163/Documents/Unreal Projects/Null/Saved/Config/Windows/Scalability.ini]
[2020.10.28-12.43.08:382][  0]LogConfig: Setting CVar [[r.HairStrands.SkyLighting.SampleCount:16]]
[2020.10.28-12.43.08:382][  0]LogConfig: Setting CVar [[r.HairStrands.SkyLighting.JitterIntegration:0]]
[2020.10.28-12.43.08:382][  0]LogConfig: Setting CVar [[r.HairStrands.SkyAO.SampleCount:16]]
[2020.10.28-12.43.08:382][  0]LogConfig: Setting CVar [[r.HairStrands.DeepShadow.SuperSampling:0]]
[2020.10.28-12.43.08:382][  0]LogConfig: Setting CVar [[r.HairStrands.VisibilityPPLL:0]]
[2020.10.28-12.43.08:382][  0]LogConfig: Setting CVar [[r.HairStrands.RasterizationScale:0.5]]
[2020.10.28-12.43.08:382][  0]LogConfig: Setting CVar [[r.HairStrands.VelocityRasterizationScale:1]]
[2020.10.28-12.43.08:383][  0]LogInit: Selected Device Profile: [Windows]
[2020.10.28-12.43.08:383][  0]LogInit: Applying CVar settings loaded from the selected device profile: [Windows]
[2020.10.28-12.43.08:384][  0]LogHAL: Display: Platform has ~ 16 GB [16994705408 / 17179869184 / 16], which maps to Larger [LargestMinGB=32, LargerMinGB=12, DefaultMinGB=8, SmallerMinGB=6, SmallestMinGB=0)
[2020.10.28-12.43.08:385][  0]LogInit: Going up to parent DeviceProfile []
[2020.10.28-12.43.08:385][  0]LogConfig: Applying CVar settings from Section [ViewDistanceQuality@3] File [C:/Users/130163/Documents/Unreal Projects/Null/Saved/Config/Windows/Scalability.ini]
[2020.10.28-12.43.08:385][  0]LogConfig: Setting CVar [[r.SkeletalMeshLODBias:0]]
[2020.10.28-12.43.08:385][  0]LogConfig: Setting CVar [[r.ViewDistanceScale:1.0]]
[2020.10.28-12.43.08:385][  0]LogConfig: Applying CVar settings from Section [AntiAliasingQuality@3] File [C:/Users/130163/Documents/Unreal Projects/Null/Saved/Config/Windows/Scalability.ini]
[2020.10.28-12.43.08:385][  0]LogConfig: Setting CVar [[r.PostProcessAAQuality:4]]
[2020.10.28-12.43.08:385][  0]LogConfig: Applying CVar settings from Section [ShadowQuality@3] File [C:/Users/130163/Documents/Unreal Projects/Null/Saved/Config/Windows/Scalability.ini]
[2020.10.28-12.43.08:385][  0]LogConfig: Setting CVar [[r.LightFunctionQuality:1]]
[2020.10.28-12.43.08:385][  0]LogConfig: Setting CVar [[r.ShadowQuality:5]]
[2020.10.28-12.43.08:385][  0]LogConfig: Setting CVar [[r.Shadow.CSM.MaxCascades:10]]
[2020.10.28-12.43.08:385][  0]LogConfig: Setting CVar [[r.Shadow.MaxResolution:2048]]
[2020.10.28-12.43.08:385][  0]LogConfig: Setting CVar [[r.Shadow.MaxCSMResolution:2048]]
[2020.10.28-12.43.08:385][  0]LogConfig: Setting CVar [[r.Shadow.RadiusThreshold:0.01]]
[2020.10.28-12.43.08:385][  0]LogConfig: Setting CVar [[r.Shadow.DistanceScale:1.0]]
[2020.10.28-12.43.08:385][  0]LogConfig: Setting CVar [[r.Shadow.CSM.TransitionScale:1.0]]
[2020.10.28-12.43.08:385][  0]LogConfig: Setting CVar [[r.Shadow.PreShadowResolutionFactor:1.0]]
[2020.10.28-12.43.08:385][  0]LogConfig: Setting CVar [[r.DistanceFieldShadowing:1]]
[2020.10.28-12.43.08:385][  0]LogConfig: Setting CVar [[r.DistanceFieldAO:1]]
[2020.10.28-12.43.08:385][  0]LogConfig: Setting CVar [[r.AOQuality:2]]
[2020.10.28-12.43.08:386][  0]LogConfig: Setting CVar [[r.VolumetricFog:1]]
[2020.10.28-12.43.08:386][  0]LogConfig: Setting CVar [[r.VolumetricFog.GridPixelSize:8]]
[2020.10.28-12.43.08:386][  0]LogConfig: Setting CVar [[r.VolumetricFog.GridSizeZ:128]]
[2020.10.28-12.43.08:386][  0]LogConfig: Setting CVar [[r.VolumetricFog.HistoryMissSupersampleCount:4]]
[2020.10.28-12.43.08:386][  0]LogConfig: Setting CVar [[r.LightMaxDrawDistanceScale:1]]
[2020.10.28-12.43.08:386][  0]LogConfig: Setting CVar [[r.CapsuleShadows:1]]
[2020.10.28-12.43.08:386][  0]LogConfig: Applying CVar settings from Section [PostProcessQuality@3] File [C:/Users/130163/Documents/Unreal Projects/Null/Saved/Config/Windows/Scalability.ini]
[2020.10.28-12.43.08:386][  0]LogConfig: Setting CVar [[r.MotionBlurQuality:4]]
[2020.10.28-12.43.08:386][  0]LogConfig: Setting CVar [[r.AmbientOcclusionMipLevelFactor:0.4]]
[2020.10.28-12.43.08:386][  0]LogConfig: Setting CVar [[r.AmbientOcclusionMaxQuality:100]]
[2020.10.28-12.43.08:386][  0]LogConfig: Setting CVar [[r.AmbientOcclusionLevels:-1]]
[2020.10.28-12.43.08:386][  0]LogConfig: Setting CVar [[r.AmbientOcclusionRadiusScale:1.0]]
[2020.10.28-12.43.08:386][  0]LogConfig: Setting CVar [[r.DepthOfFieldQuality:2]]
[2020.10.28-12.43.08:386][  0]LogConfig: Setting CVar [[r.RenderTargetPoolMin:400]]
[2020.10.28-12.43.08:386][  0]LogConfig: Setting CVar [[r.LensFlareQuality:2]]
[2020.10.28-12.43.08:386][  0]LogConfig: Setting CVar [[r.SceneColorFringeQuality:1]]
[2020.10.28-12.43.08:386][  0]LogConfig: Setting CVar [[r.EyeAdaptationQuality:2]]
[2020.10.28-12.43.08:386][  0]LogConfig: Setting CVar [[r.BloomQuality:5]]
[2020.10.28-12.43.08:386][  0]LogConfig: Setting CVar [[r.FastBlurThreshold:100]]
[2020.10.28-12.43.08:386][  0]LogConfig: Setting CVar [[r.Upscale.Quality:3]]
[2020.10.28-12.43.08:386][  0]LogConfig: Setting CVar [[r.Tonemapper.GrainQuantization:1]]
[2020.10.28-12.43.08:386][  0]LogConfig: Setting CVar [[r.LightShaftQuality:1]]
[2020.10.28-12.43.08:386][  0]LogConfig: Setting CVar [[r.Filter.SizeScale:1]]
[2020.10.28-12.43.08:386][  0]LogConfig: Setting CVar [[r.Tonemapper.Quality:5]]
[2020.10.28-12.43.08:386][  0]LogConfig: Setting CVar [[r.DOF.Gather.AccumulatorQuality:1        ; higher gathering accumulator quality]]
[2020.10.28-12.43.08:386][  0]LogConfig: Setting CVar [[r.DOF.Gather.PostfilterMethod:1          ; Median3x3 postfilering method]]
[2020.10.28-12.43.08:386][  0]LogConfig: Setting CVar [[r.DOF.Gather.EnableBokehSettings:0       ; no bokeh simulation when gathering]]
[2020.10.28-12.43.08:386][  0]LogConfig: Setting CVar [[r.DOF.Gather.RingCount:4                 ; medium number of samples when gathering]]
[2020.10.28-12.43.08:386][  0]LogConfig: Setting CVar [[r.DOF.Scatter.ForegroundCompositing:1    ; additive foreground scattering]]
[2020.10.28-12.43.08:386][  0]LogConfig: Setting CVar [[r.DOF.Scatter.BackgroundCompositing:2    ; additive background scattering]]
[2020.10.28-12.43.08:386][  0]LogConfig: Setting CVar [[r.DOF.Scatter.EnableBokehSettings:1      ; bokeh simulation when scattering]]
[2020.10.28-12.43.08:386][  0]LogConfig: Setting CVar [[r.DOF.Scatter.MaxSpriteRatio:0.1         ; only a maximum of 10% of scattered bokeh]]
[2020.10.28-12.43.08:386][  0]LogConfig: Setting CVar [[r.DOF.Recombine.Quality:1                ; cheap slight out of focus]]
[2020.10.28-12.43.08:386][  0]LogConfig: Setting CVar [[r.DOF.Recombine.EnableBokehSettings:0    ; no bokeh simulation on slight out of focus]]
[2020.10.28-12.43.08:386][  0]LogConfig: Setting CVar [[r.DOF.TemporalAAQuality:1                ; more stable temporal accumulation]]
[2020.10.28-12.43.08:386][  0]LogConfig: Setting CVar [[r.DOF.Kernel.MaxForegroundRadius:0.025]]
[2020.10.28-12.43.08:386][  0]LogConfig: Setting CVar [[r.DOF.Kernel.MaxBackgroundRadius:0.025]]
[2020.10.28-12.43.08:386][  0]LogConfig: Applying CVar settings from Section [TextureQuality@3] File [C:/Users/130163/Documents/Unreal Projects/Null/Saved/Config/Windows/Scalability.ini]
[2020.10.28-12.43.08:386][  0]LogConfig: Setting CVar [[r.Streaming.MipBias:0]]
[2020.10.28-12.43.08:386][  0]LogConfig: Setting CVar [[r.Streaming.AmortizeCPUToGPUCopy:0]]
[2020.10.28-12.43.08:386][  0]LogConfig: Setting CVar [[r.Streaming.MaxNumTexturesToStreamPerFrame:0]]
[2020.10.28-12.43.08:386][  0]LogConfig: Setting CVar [[r.Streaming.Boost:1]]
[2020.10.28-12.43.08:386][  0]LogConfig: Setting CVar [[r.MaxAnisotropy:8]]
[2020.10.28-12.43.08:386][  0]LogConfig: Setting CVar [[r.VT.MaxAnisotropy:8]]
[2020.10.28-12.43.08:386][  0]LogConfig: Setting CVar [[r.Streaming.LimitPoolSizeToVRAM:0]]
[2020.10.28-12.43.08:386][  0]LogConfig: Setting CVar [[r.Streaming.PoolSize:1000]]
[2020.10.28-12.43.08:386][  0]LogConfig: Setting CVar [[r.Streaming.MaxEffectiveScreenSize:0]]
[2020.10.28-12.43.08:386][  0]LogConfig: Applying CVar settings from Section [EffectsQuality@3] File [C:/Users/130163/Documents/Unreal Projects/Null/Saved/Config/Windows/Scalability.ini]
[2020.10.28-12.43.08:386][  0]LogConfig: Setting CVar [[r.TranslucencyLightingVolumeDim:64]]
[2020.10.28-12.43.08:386][  0]LogConfig: Setting CVar [[r.RefractionQuality:2]]
[2020.10.28-12.43.08:386][  0]LogConfig: Setting CVar [[r.SSR.Quality:3]]
[2020.10.28-12.43.08:386][  0]LogConfig: Setting CVar [[r.SSR.HalfResSceneColor:0]]
[2020.10.28-12.43.08:386][  0]LogConfig: Setting CVar [[r.SceneColorFormat:4]]
[2020.10.28-12.43.08:386][  0]LogConfig: Setting CVar [[r.DetailMode:2]]
[2020.10.28-12.43.08:386][  0]LogConfig: Setting CVar [[r.TranslucencyVolumeBlur:1]]
[2020.10.28-12.43.08:386][  0]LogConfig: Setting CVar [[r.MaterialQualityLevel:1 ; High quality]]
[2020.10.28-12.43.08:386][  0]LogConfig: Setting CVar [[r.SSS.Scale:1]]
[2020.10.28-12.43.08:386][  0]LogConfig: Setting CVar [[r.SSS.SampleSet:2]]
[2020.10.28-12.43.08:386][  0]LogConfig: Setting CVar [[r.SSS.Quality:1]]
[2020.10.28-12.43.08:386][  0]LogConfig: Setting CVar [[r.SSS.HalfRes:0]]
[2020.10.28-12.43.08:386][  0]LogConfig: Setting CVar [[r.SSGI.Quality:3]]
[2020.10.28-12.43.08:386][  0]LogConfig: Setting CVar [[r.EmitterSpawnRateScale:1.0]]
[2020.10.28-12.43.08:386][  0]LogConfig: Setting CVar [[r.ParticleLightQuality:2]]
[2020.10.28-12.43.08:386][  0]LogConfig: Setting CVar [[r.SkyAtmosphere.AerialPerspectiveLUT.FastApplyOnOpaque:1 ; Always have FastSkyLUT 1 in this case to avoid wrong sky]]
[2020.10.28-12.43.08:386][  0]LogConfig: Setting CVar [[r.SkyAtmosphere.AerialPerspectiveLUT.SampleCountPerSlice:1]]
[2020.10.28-12.43.08:386][  0]LogConfig: Setting CVar [[r.SkyAtmosphere.AerialPerspectiveLUT.DepthResolution:16.0]]
[2020.10.28-12.43.08:386][  0]LogConfig: Setting CVar [[r.SkyAtmosphere.FastSkyLUT:1]]
[2020.10.28-12.43.08:386][  0]LogConfig: Setting CVar [[r.SkyAtmosphere.FastSkyLUT.SampleCountMin:4.0]]
[2020.10.28-12.43.08:386][  0]LogConfig: Setting CVar [[r.SkyAtmosphere.FastSkyLUT.SampleCountMax:32.0]]
[2020.10.28-12.43.08:386][  0]LogConfig: Setting CVar [[r.SkyAtmosphere.SampleCountMin:4.0]]
[2020.10.28-12.43.08:386][  0]LogConfig: Setting CVar [[r.SkyAtmosphere.SampleCountMax:32.0]]
[2020.10.28-12.43.08:386][  0]LogConfig: Setting CVar [[r.SkyAtmosphere.TransmittanceLUT.UseSmallFormat:0]]
[2020.10.28-12.43.08:386][  0]LogConfig: Setting CVar [[r.SkyAtmosphere.TransmittanceLUT.SampleCount:10.0]]
[2020.10.28-12.43.08:386][  0]LogConfig: Setting CVar [[r.SkyAtmosphere.MultiScatteringLUT.SampleCount:15.0]]
[2020.10.28-12.43.08:386][  0]LogConfig: Applying CVar settings from Section [FoliageQuality@3] File [C:/Users/130163/Documents/Unreal Projects/Null/Saved/Config/Windows/Scalability.ini]
[2020.10.28-12.43.08:386][  0]LogConfig: Setting CVar [[foliage.DensityScale:1.0]]
[2020.10.28-12.43.08:386][  0]LogConfig: Setting CVar [[grass.DensityScale:1.0]]
[2020.10.28-12.43.08:386][  0]LogConfig: Applying CVar settings from Section [ShadingQuality@3] File [C:/Users/130163/Documents/Unreal Projects/Null/Saved/Config/Windows/Scalability.ini]
[2020.10.28-12.43.08:386][  0]LogConfig: Setting CVar [[r.HairStrands.SkyLighting.SampleCount:16]]
[2020.10.28-12.43.08:386][  0]LogConfig: Setting CVar [[r.HairStrands.SkyLighting.JitterIntegration:0]]
[2020.10.28-12.43.08:386][  0]LogConfig: Setting CVar [[r.HairStrands.SkyAO.SampleCount:16]]
[2020.10.28-12.43.08:386][  0]LogConfig: Setting CVar [[r.HairStrands.DeepShadow.SuperSampling:0]]
[2020.10.28-12.43.08:387][  0]LogConfig: Setting CVar [[r.HairStrands.VisibilityPPLL:0]]
[2020.10.28-12.43.08:387][  0]LogConfig: Setting CVar [[r.HairStrands.RasterizationScale:0.5]]
[2020.10.28-12.43.08:387][  0]LogConfig: Setting CVar [[r.HairStrands.VelocityRasterizationScale:1]]
[2020.10.28-12.43.08:387][  0]LogConfig: Applying CVar settings from Section [Startup] File [../../../Engine/Config/ConsoleVariables.ini]
[2020.10.28-12.43.08:392][  0]LogConfig: Setting CVar [[net.UseAdaptiveNetUpdateFrequency:0]]
[2020.10.28-12.43.08:392][  0]LogConfig: Setting CVar [[p.chaos.AllowCreatePhysxBodies:1]]
[2020.10.28-12.43.08:392][  0]LogConfig: Setting CVar [[fx.SkipVectorVMBackendOptimizations:1]]
[2020.10.28-12.43.08:392][  0]LogConfig: Applying CVar settings from Section [ConsoleVariables] File [C:/Users/130163/Documents/Unreal Projects/Null/Saved/Config/Windows/Engine.ini]
[2020.10.28-12.43.08:392][  0]LogInit: Computer: CAIT-02-115-04
[2020.10.28-12.43.08:392][  0]LogInit: User: 130163
[2020.10.28-12.43.08:392][  0]LogInit: CPU Page size=4096, Cores=6
[2020.10.28-12.43.08:392][  0]LogInit: High frequency timer resolution =10.000000 MHz
[2020.10.28-12.43.08:392][  0]LogMemory: Memory total: Physical=15.8GB (16GB approx)
[2020.10.28-12.43.08:392][  0]LogMemory: Platform Memory Stats for Windows
[2020.10.28-12.43.08:392][  0]LogMemory: Process Physical Memory: 117.29 MB used, 117.29 MB peak
[2020.10.28-12.43.08:392][  0]LogMemory: Process Virtual Memory: 95.60 MB used, 95.60 MB peak
[2020.10.28-12.43.08:392][  0]LogMemory: Physical Memory: 4980.95 MB used,  11226.46 MB free, 16207.41 MB total
[2020.10.28-12.43.08:392][  0]LogMemory: Virtual Memory: 5137.78 MB used,  134212592.00 MB free, 134217728.00 MB total
[2020.10.28-12.43.08:409][  0]LogWindows: WindowsPlatformFeatures enabled
[2020.10.28-12.43.08:668][  0]LogInit: Physics initialised using underlying interface: PhysX
[2020.10.28-12.43.08:671][  0]LogInit: Using OS detected language (en-US).
[2020.10.28-12.43.08:671][  0]LogInit: Using OS detected locale (en-US).
[2020.10.28-12.43.08:694][  0]LogTextLocalizationManager: No specific localization for 'en-US' exists, so the 'en' localization will be used.
[2020.10.28-12.43.09:053][  0]LogInit: Setting process to per monitor DPI aware
[2020.10.28-12.43.09:155][  0]LogSlate: New Slate User Created.  User Index 0, Is Virtual User: 0
[2020.10.28-12.43.09:155][  0]LogSlate: Slate User Registered.  User Index 0, Is Virtual User: 0
[2020.10.28-12.43.12:188][  0]LogHMD: Failed to initialize OpenVR with code 110
[2020.10.28-12.43.12:188][  0]LogD3D11RHI: D3D11 min allowed feature level: 11_0
[2020.10.28-12.43.12:188][  0]LogD3D11RHI: D3D11 max allowed feature level: 11_0
[2020.10.28-12.43.12:188][  0]LogD3D11RHI: D3D11 adapters:
[2020.10.28-12.43.12:241][  0]LogD3D11RHI:    0. 'AMD Radeon RX 550' (Feature Level 11_0)
[2020.10.28-12.43.12:241][  0]LogD3D11RHI:       4042/0/8103 MB DedicatedVideo/DedicatedSystem/SharedSystem, Outputs:1, VendorId:0x1002
[2020.10.28-12.43.12:270][  0]LogD3D11RHI:    1. 'Intel(R) UHD Graphics 630' (Feature Level 11_0)
[2020.10.28-12.43.12:270][  0]LogD3D11RHI:       128/0/8103 MB DedicatedVideo/DedicatedSystem/SharedSystem, Outputs:0, VendorId:0x8086
[2020.10.28-12.43.12:278][  0]LogD3D11RHI:    2. 'Microsoft Basic Render Driver' (Feature Level 11_0)
[2020.10.28-12.43.12:278][  0]LogD3D11RHI:       0/0/8103 MB DedicatedVideo/DedicatedSystem/SharedSystem, Outputs:0, VendorId:0x1414
[2020.10.28-12.43.12:278][  0]LogD3D11RHI: Chosen D3D11 Adapter: 0
[2020.10.28-12.43.12:288][  0]LogD3D11RHI: Creating new Direct3DDevice
[2020.10.28-12.43.12:288][  0]LogD3D11RHI:     GPU DeviceId: 0x699f (for the marketing name, search the web for "GPU Device Id")
[2020.10.28-12.43.12:288][  0]LogWindows: EnumDisplayDevices:
[2020.10.28-12.43.12:288][  0]LogWindows:    0. 'Intel(R) UHD Graphics 630' (P:1 D:1)
[2020.10.28-12.43.12:289][  0]LogWindows:    1. 'Intel(R) UHD Graphics 630' (P:0 D:0)
[2020.10.28-12.43.12:289][  0]LogWindows:    2. 'Intel(R) UHD Graphics 630' (P:0 D:0)
[2020.10.28-12.43.12:289][  0]LogWindows:    3. 'AMD Radeon RX 550' (P:0 D:0)
[2020.10.28-12.43.12:289][  0]LogWindows:    4. 'AMD Radeon RX 550' (P:0 D:0)
[2020.10.28-12.43.12:290][  0]LogWindows:    5. 'AMD Radeon RX 550' (P:0 D:0)
[2020.10.28-12.43.12:290][  0]LogWindows:    6. 'AMD Radeon RX 550' (P:0 D:0)
[2020.10.28-12.43.12:290][  0]LogWindows:    7. 'AMD Radeon RX 550' (P:0 D:0)
[2020.10.28-12.43.12:291][  0]LogWindows:    8. 'AMD Radeon RX 550' (P:0 D:0)
[2020.10.28-12.43.12:291][  0]LogWindows:    9. 'AMD Radeon RX 550' (P:0 D:0)
[2020.10.28-12.43.12:291][  0]LogWindows:    10. 'AMD Radeon RX 550' (P:0 D:0)
[2020.10.28-12.43.12:292][  0]LogWindows:    11. 'AMD Radeon RX 550' (P:0 D:0)
[2020.10.28-12.43.12:292][  0]LogWindows:    12. 'AMD Radeon RX 550' (P:0 D:0)
[2020.10.28-12.43.12:292][  0]LogWindows:    13. 'AMD Radeon RX 550' (P:0 D:0)
[2020.10.28-12.43.12:293][  0]LogWindows:    14. 'AMD Radeon RX 550' (P:0 D:0)
[2020.10.28-12.43.12:293][  0]LogWindows:    15. 'AMD Radeon RX 550' (P:0 D:0)
[2020.10.28-12.43.12:293][  0]LogWindows:    16. 'AMD Radeon RX 550' (P:0 D:0)
[2020.10.28-12.43.12:293][  0]LogWindows:    17. 'AMD Radeon RX 550' (P:0 D:0)
[2020.10.28-12.43.12:294][  0]LogWindows:    18. 'AMD Radeon RX 550' (P:0 D:0)
[2020.10.28-12.43.12:294][  0]LogWindows:    19. 'mv video hook driver2' (P:0 D:0)
[2020.10.28-12.43.12:294][  0]LogWindows: DebugString: PrimaryIsNotTheChoosenAdapter PrimaryIsNotTheChoosenAdapter PrimaryIsNotTheChoosenAdapter GetVideoDriverDetailsInvalid PrimaryIsNotTheChoosenAdapter FoundDriverCount:16 
[2020.10.28-12.43.12:294][  0]LogD3D11RHI:     Adapter Name: AMD Radeon RX 550
[2020.10.28-12.43.12:294][  0]LogD3D11RHI:   Driver Version: Adrenalin 17.12 (internal:25.20.14003.2000, unified:25.20.14003.2000)
[2020.10.28-12.43.12:294][  0]LogD3D11RHI:      Driver Date: 10-11-2018
[2020.10.28-12.43.12:295][  0]LogRHI: Texture pool is 2405 MB (70% of 3435 MB)
[2020.10.28-12.43.12:400][  0]LogD3D11RHI: RHI does not have support for 64 bit atomics
[2020.10.28-12.43.12:400][  0]LogD3D11RHI: Async texture creation enabled
[2020.10.28-12.43.12:400][  0]LogD3D11RHI: Array index from any shader is supported
[2020.10.28-12.43.12:429][  0]LogD3D11RHI: GPU Timing Frequency: 25.000000 (Debug: 2 1)
[2020.10.28-12.43.12:960][  0]LogTargetPlatformManager: Display: Loaded TargetPlatform 'AllDesktop'
[2020.10.28-12.43.12:983][  0]LogTargetPlatformManager: Display: Loaded TargetPlatform 'Android'
[2020.10.28-12.43.12:983][  0]LogTargetPlatformManager: Display: Loaded TargetPlatform 'Android_ASTC'
[2020.10.28-12.43.12:984][  0]LogTargetPlatformManager: Display: Loaded TargetPlatform 'Android_DXT'
[2020.10.28-12.43.12:984][  0]LogTargetPlatformManager: Display: Loaded TargetPlatform 'Android_ETC2'
[2020.10.28-12.43.12:984][  0]LogTargetPlatformManager: Display: Loaded TargetPlatform 'AndroidClient'
[2020.10.28-12.43.12:984][  0]LogTargetPlatformManager: Display: Loaded TargetPlatform 'Android_ASTCClient'
[2020.10.28-12.43.12:984][  0]LogTargetPlatformManager: Display: Loaded TargetPlatform 'Android_DXTClient'
[2020.10.28-12.43.12:984][  0]LogTargetPlatformManager: Display: Loaded TargetPlatform 'Android_ETC2Client'
[2020.10.28-12.43.12:984][  0]LogTargetPlatformManager: Display: Loaded TargetPlatform 'Android_Multi'
[2020.10.28-12.43.12:984][  0]LogTargetPlatformManager: Display: Loaded TargetPlatform 'Android_MultiClient'
[2020.10.28-12.43.13:020][  0]LogTargetPlatformManager: Display: Loaded TargetPlatform 'IOSClient'
[2020.10.28-12.43.13:020][  0]LogTargetPlatformManager: Display: Loaded TargetPlatform 'IOS'
[2020.10.28-12.43.13:042][  0]LogTargetPlatformManager: Display: Loaded TargetPlatform 'Linux'
[2020.10.28-12.43.13:052][  0]LogTargetPlatformManager: Display: Loaded TargetPlatform 'LinuxNoEditor'
[2020.10.28-12.43.13:061][  0]LogTargetPlatformManager: Display: Loaded TargetPlatform 'LinuxClient'
[2020.10.28-12.43.13:071][  0]LogTargetPlatformManager: Display: Loaded TargetPlatform 'LinuxServer'
[2020.10.28-12.43.13:084][  0]LogTargetPlatformManager: Display: Loaded TargetPlatform 'LinuxAArch64NoEditor'
[2020.10.28-12.43.13:094][  0]LogTargetPlatformManager: Display: Loaded TargetPlatform 'LinuxAArch64Client'
[2020.10.28-12.43.13:104][  0]LogTargetPlatformManager: Display: Loaded TargetPlatform 'LinuxAArch64Server'
[2020.10.28-12.43.13:133][  0]LogTargetPlatformManager: Display: Loaded TargetPlatform 'Lumin'
[2020.10.28-12.43.13:133][  0]LogTargetPlatformManager: Display: Loaded TargetPlatform 'LuminClient'
[2020.10.28-12.43.13:148][  0]LogTargetPlatformManager: Display: Loaded TargetPlatform 'TVOSClient'
[2020.10.28-12.43.13:148][  0]LogTargetPlatformManager: Display: Loaded TargetPlatform 'TVOS'
[2020.10.28-12.43.13:158][  0]LogTargetPlatformManager: Display: Loaded TargetPlatform 'WindowsNoEditor'
[2020.10.28-12.43.13:168][  0]LogTargetPlatformManager: Display: Loaded TargetPlatform 'Windows'
[2020.10.28-12.43.13:178][  0]LogTargetPlatformManager: Display: Loaded TargetPlatform 'WindowsClient'
[2020.10.28-12.43.13:187][  0]LogTargetPlatformManager: Display: Loaded TargetPlatform 'WindowsServer'
[2020.10.28-12.43.13:187][  0]LogTargetPlatformManager: Display: Building Assets For Windows
[2020.10.28-12.43.13:232][  0]LogAudioDebug: Display: Lib vorbis DLL was dynamically loaded.
[2020.10.28-12.43.13:377][  0]LogShaderCompilers: Guid format shader working directory is -15 characters bigger than the processId version (../../../../../../Users/130163/Documents/Unreal Projects/Null/Intermediate/Shaders/WorkingDirectory/15340/).
[2020.10.28-12.43.13:377][  0]LogShaderCompilers: Cleaned the shader compiler working directory 'C:/Users/130163/AppData/Local/Temp/UnrealShaderWorkingDir/5C4F0F024FBEC172CB732BAA27461C51/'.
[2020.10.28-12.43.13:380][  0]LogXGEController: Cleaning working directory: C:/Users/130163/AppData/Local/Temp/UnrealXGEWorkingDir/
[2020.10.28-12.43.13:380][  0]LogXGEController: Cannot use XGE Controller as Incredibuild is not installed on this machine.
[2020.10.28-12.43.13:380][  0]LogShaderCompilers: Cannot use XGE Shader Compiler as Incredibuild is not installed on this machine.
[2020.10.28-12.43.13:380][  0]LogShaderCompilers: Display: Using Local Shader Compiler.
[2020.10.28-12.43.16:800][  0]LogDerivedDataCache: Display: Max Cache Size: 512 MB
[2020.10.28-12.43.16:997][  0]LogDerivedDataCache: Loaded boot cache 0.20s 75MB C:/Users/130163/AppData/Local/UnrealEngine/4.25/DerivedDataCache/Boot.ddc.
[2020.10.28-12.43.16:997][  0]LogDerivedDataCache: Display: Loaded Boot cache: C:/Users/130163/AppData/Local/UnrealEngine/4.25/DerivedDataCache/Boot.ddc
[2020.10.28-12.43.16:997][  0]LogDerivedDataCache: FDerivedDataBackendGraph:  Pak pak cache file ../../../../../../Users/130163/Documents/Unreal Projects/Null/DerivedDataCache/DDC.ddp not found, will not use a pak cache.
[2020.10.28-12.43.16:997][  0]LogDerivedDataCache: Unable to find inner node Pak for hierarchical cache Hierarchy.
[2020.10.28-12.43.16:997][  0]LogDerivedDataCache: FDerivedDataBackendGraph:  CompressedPak pak cache file ../../../../../../Users/130163/Documents/Unreal Projects/Null/DerivedDataCache/Compressed.ddp not found, will not use a pak cache.
[2020.10.28-12.43.16:997][  0]LogDerivedDataCache: Unable to find inner node CompressedPak for hierarchical cache Hierarchy.
[2020.10.28-12.43.17:019][  0]LogDerivedDataCache: Display: Pak cache opened for reading ../../../Engine/DerivedDataCache/Compressed.ddp.
[2020.10.28-12.43.17:019][  0]LogDerivedDataCache: FDerivedDataBackendGraph:  EnterprisePak pak cache file ../../../Enterprise/DerivedDataCache/Compressed.ddp not found, will not use a pak cache.
[2020.10.28-12.43.17:019][  0]LogDerivedDataCache: Unable to find inner node EnterprisePak for hierarchical cache Hierarchy.
[2020.10.28-12.43.17:020][  0]LogDerivedDataCache: Using Local data cache path C:/Users/130163/AppData/Local/UnrealEngine/Common/DerivedDataCache: Writable
[2020.10.28-12.43.17:021][  0]LogDerivedDataCache: Shared data cache path not found in *engine.ini, will not use an Shared cache.
[2020.10.28-12.43.17:021][  0]LogDerivedDataCache: Unable to find inner node Shared for hierarchical cache Hierarchy.
[2020.10.28-12.43.17:082][  0]LogSlate: Using FreeType 2.10.0
[2020.10.28-12.43.17:106][  0]LogSlate: SlateFontServices - WITH_FREETYPE: 1, WITH_HARFBUZZ: 1
[2020.10.28-12.43.17:156][  0]LogAssetRegistry: FAssetRegistry took 0.0045 seconds to start up
[2020.10.28-12.43.17:533][  0]LogInit: Selected Device Profile: [Windows]
[2020.10.28-12.43.17:852][  0]LogMeshReduction: Using QuadricMeshReduction for automatic static mesh reduction
[2020.10.28-12.43.17:852][  0]LogMeshReduction: Using SimplygonMeshReduction for automatic skeletal mesh reduction
[2020.10.28-12.43.17:852][  0]LogMeshReduction: Using ProxyLODMeshReduction for automatic mesh merging
[2020.10.28-12.43.17:852][  0]LogMeshReduction: No distributed automatic mesh merging module available
[2020.10.28-12.43.17:853][  0]LogMeshMerging: No distributed automatic mesh merging module available
[2020.10.28-12.43.17:922][  0]LogNetVersion: Null 1.0.0, NetCL: 13144385, EngineNetVer: 14, GameNetVer: 0 (Checksum: 2551723397)
[2020.10.28-12.43.19:298][  0]LogAISub: UAISubsystem::UAISubsystem AISubsystem (0000029BAA38AA00), frame # 0
[2020.10.28-12.43.19:298][  0]LogAISub: UAISubsystem::UAISubsystem AIPerceptionSystem (0000029BAA22AAC0), frame # 0
[2020.10.28-12.43.19:303][  0]LogAISub: UAISubsystem::UAISubsystem EnvQueryManager (0000029BAA382A00), frame # 0
[2020.10.28-12.43.19:405][  0]LogPackageLocalizationCache: Processed 19 localized package path(s) for 1 prioritized culture(s) in 0.063693 seconds
[2020.10.28-12.43.19:410][  0]LogUObjectArray: 15917 objects as part of root set at end of initial load.
[2020.10.28-12.43.19:410][  0]LogUObjectAllocator: 3965568 out of 0 bytes used by permanent object pool.
[2020.10.28-12.43.19:410][  0]LogUObjectArray: CloseDisregardForGC: 0/0 objects in disregard for GC pool
[2020.10.28-12.43.20:365][  0]LogTcpMessaging: Initializing TcpMessaging bridge
[2020.10.28-12.43.20:374][  0]LogUdpMessaging: Initializing bridge on interface 0.0.0.0:0 to multicast group 230.0.0.1:6666.
[2020.10.28-12.43.20:533][  0]SourceControl: Source control is disabled
[2020.10.28-12.43.20:535][  0]LogWindows: Warning: CreateProc failed: The system cannot find the file specified. (0x00000002)
[2020.10.28-12.43.20:535][  0]LogWindows: Warning: URL: C:/Users/5922002512/AppData/Local/Programs/Git/bin/git.exe version
[2020.10.28-12.43.20:548][  0]LogWindows: Warning: CreateProc failed: The system cannot find the file specified. (0x00000002)
[2020.10.28-12.43.20:548][  0]LogWindows: Warning: URL: C:/Users/5922002512/AppData/Local/Programs/Git/bin/git.exe version
[2020.10.28-12.43.20:555][  0]LogWindows: Warning: CreateProc failed: The system cannot find the file specified. (0x00000002)
[2020.10.28-12.43.20:555][  0]LogWindows: Warning: URL: C:/Users/5922002512/AppData/Local/Programs/Git/bin/git.exe version
[2020.10.28-12.43.20:567][  0]LogWindows: Warning: CreateProc failed: The system cannot find the file specified. (0x00000002)
[2020.10.28-12.43.20:567][  0]LogWindows: Warning: URL: C:/Users/5922002512/AppData/Local/Programs/Git/bin/git.exe version
[2020.10.28-12.43.20:584][  0]LogVSAccessor: Display: Unable to create Visual Studio setup instance: 80040154
[2020.10.28-12.43.20:584][  0]LogVSAccessor: Display: Unable to create Visual Studio setup instance: 80040154
[2020.10.28-12.43.21:055][  0]LogAndroidPermission: UAndroidPermissionCallbackProxy::GetInstance
[2020.10.28-12.43.21:086][  0]LogAudioCaptureCore: Display: No Audio Capture implementations found. Audio input will be silent.
[2020.10.28-12.43.21:086][  0]LogAudioCaptureCore: Display: No Audio Capture implementations found. Audio input will be silent.
[2020.10.28-12.43.21:189][  0]LogOcInput: OculusInput pre-init called
[2020.10.28-12.43.21:208][  0]LogWindows: Failed to load 'OVRPlugin.dll' (GetLastError=126)
[2020.10.28-12.43.21:208][  0]LogWindows: File 'OVRPlugin.dll' does not exist
[2020.10.28-12.43.21:341][  0]LogEngine: Initializing Engine...
[2020.10.28-12.43.21:343][  0]LogHMD: Failed to initialize OpenVR with code 110
[2020.10.28-12.43.21:343][  0]LogMagicLeap: Warning: VR disabled because ZI is not enabled.  To enable, in the editor, Edit -> Project Settings -> Plugins -> Magic Leap Plugin -> Enable Zero Iteration
[2020.10.28-12.43.21:347][  0]LogStats: UGameplayTagsManager::InitializeManager -  0.002 s
[2020.10.28-12.43.21:467][  0]LogInit: Initializing FReadOnlyCVARCache
[2020.10.28-12.43.21:512][  0]LogAIModule: Creating AISystem for world Untitled
[2020.10.28-12.43.21:512][  0]LogAISub: UAISubsystem::UAISubsystem EnvQueryManager (0000029BB1927C00), frame # 0
[2020.10.28-12.43.21:512][  0]LogAISub: UAISubsystem::UAISubsystem AIPerceptionSystem (0000029BB1933B00), frame # 0
[2020.10.28-12.43.21:527][  0]LogAudioMixer: Display: Audio Mixer Platform Settings:
[2020.10.28-12.43.21:528][  0]LogAudioMixer: Display: 	Sample Rate:						  48000
[2020.10.28-12.43.21:528][  0]LogAudioMixer: Display: 	Callback Buffer Frame Size Requested: 1024
[2020.10.28-12.43.21:528][  0]LogAudioMixer: Display: 	Callback Buffer Frame Size To Use:	  1024
[2020.10.28-12.43.21:528][  0]LogAudioMixer: Display: 	Number of buffers to queue:			  2
[2020.10.28-12.43.21:528][  0]LogAudioMixer: Display: 	Max Channels (voices):				  32
[2020.10.28-12.43.21:528][  0]LogAudioMixer: Display: 	Number of Async Source Workers:		  0
[2020.10.28-12.43.21:528][  0]LogAudio: Display: AudioDevice MaxSources: 32
[2020.10.28-12.43.21:530][  0]LogAudio: Display: Using built-in audio occlusion.
[2020.10.28-12.43.21:530][  0]LogAudioMixer: Display: Initializing audio mixer.
[2020.10.28-12.43.21:555][  0]LogAudioMixer: Display: 0: FrontLeft
[2020.10.28-12.43.21:555][  0]LogAudioMixer: Display: 1: FrontRight
[2020.10.28-12.43.22:194][  0]LogAudioMixer: Display: Using Audio Device Speakers/Headphones (Realtek(R) Audio)
[2020.10.28-12.43.22:197][  0]LogAudioMixer: Display: Initializing Sound Submixes...
[2020.10.28-12.43.22:199][  0]LogAudioMixer: Display: Creating Master Submix 'MasterSubmixDefault'
[2020.10.28-12.43.22:199][  0]LogAudioMixer: Display: Creating Master Submix 'MasterReverbSubmixDefault'
[2020.10.28-12.43.22:201][  0]LogAudioMixer: Display: Creating Master Submix 'MasterEQSubmixDefault'
[2020.10.28-12.43.22:202][  0]LogInit: FAudioDevice initialized.
[2020.10.28-12.43.22:203][  0]LogNetVersion: Set ProjectVersion to 1.0.0.0. Version Checksum will be recalculated on next use.
[2020.10.28-12.43.22:274][  0]LogDerivedDataCache: Saved boot cache 0.07s 75MB C:/Users/130163/AppData/Local/UnrealEngine/4.25/DerivedDataCache/Boot.ddc.
[2020.10.28-12.43.22:279][  0]LogInit: Texture streaming: Enabled
[2020.10.28-12.43.22:303][  0]LogEngineSessionManager: EngineSessionManager initialized
[2020.10.28-12.43.22:303][  0]LogEditorSessionSummary: Verbose: Initializing EditorSessionSummaryWriter for editor session tracking
[2020.10.28-12.43.22:305][  0]LogEditorSessionSummary: EditorSessionSummaryWriter initialized
[2020.10.28-12.43.22:379][  0]LogInit: Transaction tracking system initialized
[2020.10.28-12.43.22:433][  0]BlueprintLog: New page: Editor Load
[2020.10.28-12.43.22:640][  0]LocalizationService: Localization service is disabled
[2020.10.28-12.43.22:844][  0]LogVSAccessor: Display: Unable to create Visual Studio setup instance: 80040154
[2020.10.28-12.43.22:844][  0]LogVSAccessor: Display: Unable to create Visual Studio setup instance: 80040154
[2020.10.28-12.43.22:967][  0]LogCook: Display: Max memory allowance for cook 16384mb min free memory 0mb
[2020.10.28-12.43.22:967][  0]LogCook: Display: Mobile HDR setting 1
[2020.10.28-12.43.23:045][  0]LogFileCache: Scanning file cache for directory 'C:/Users/130163/Documents/Unreal Projects/Null/Content/' took 0.00s
[2020.10.28-12.43.23:045][  0]LogLinker: Warning: Error opening file '../../../Engine/Content/BasicShapes/Cube.uasset'.
[2020.10.28-12.43.23:045][  0]LogLinker: Warning: Error opening file '../../../Engine/Content/BasicShapes/Cube.uasset'.
[2020.10.28-12.43.23:045][  0]LogUObjectGlobals: Warning: Failed to find object 'StaticMesh /Engine/BasicShapes/Cube.Cube'
[2020.10.28-12.43.23:475][  0]LogWindows: Warning: CreateProc failed: The system cannot find the file specified. (0x00000002)
[2020.10.28-12.43.23:475][  0]LogWindows: Warning: URL: C:/Users/5922002512/AppData/Local/Programs/Git/bin/git.exe version
[2020.10.28-12.43.23:618][  0]LogSlate: Took 0.006741 seconds to synchronously load lazily loaded font '../../../Engine/Content/Slate/Fonts/Roboto-Regular.ttf' (155K)
[2020.10.28-12.43.53:847][  0]LogSlate: Window 'Restore Packages' being destroyed
[2020.10.28-12.43.53:848][  0]LogWindowsTextInputMethodSystem: Display: IME system now deactivated.
[2020.10.28-12.43.53:850][  0]LogWindowsTextInputMethodSystem: Display: IME system now deactivated.
[2020.10.28-12.43.53:865][  0]LogUnrealEdMisc: Loading editor; pre map load, took 52.977
[2020.10.28-12.43.53:867][  0]Cmd: MAP LOAD FILE="../../../../../../Users/130163/Documents/Unreal Projects/Null/Content/Maps/NewMap1.umap" TEMPLATE=0 SHOWPROGRESS=1 FEATURELEVEL=3
[2020.10.28-12.43.53:867][  0]LogEditorServer: Warning: Can't find file '../../../../../../Users/130163/Documents/Unreal Projects/Null/Content/Maps/NewMap1.umap'
[2020.10.28-12.43.53:868][  0]Cmd: MAP CHECKDEP NOCLEARLOG
[2020.10.28-12.43.53:870][  0]MapCheck: Map check complete: 0 Error(s), 0 Warning(s), took 1.444ms to complete.
[2020.10.28-12.43.53:870][  0]LogFileHelpers: Loading map 'NewMap1' took 0.004
[2020.10.28-12.43.53:904][  0]LogUnrealEdMisc: Total Editor Startup Time, took 53.016
[2020.10.28-12.43.54:012][  0]LogSlate: Updating window title bar state: overlay mode, drag disabled, window buttons hidden, title bar hidden
[2020.10.28-12.43.54:019][  0]LogSlate: Updating window title bar state: overlay mode, drag disabled, window buttons hidden, title bar hidden
[2020.10.28-12.43.54:025][  0]LogSlate: Updating window title bar state: overlay mode, drag disabled, window buttons hidden, title bar hidden
[2020.10.28-12.43.54:031][  0]LogSlate: Updating window title bar state: overlay mode, drag disabled, window buttons hidden, title bar hidden
[2020.10.28-12.43.54:051][  0]LogCollectionManager: Loaded 0 collections in 0.001537 seconds
[2020.10.28-12.43.54:093][  0]LogFileCache: Scanning file cache for directory 'C:/Users/130163/Documents/Unreal Projects/Null/Saved/Collections/' took 0.00s
[2020.10.28-12.43.54:093][  0]LogFileCache: Scanning file cache for directory 'C:/Users/130163/Documents/Unreal Projects/Null/Content/Developers/130163/Collections/' took 0.00s
[2020.10.28-12.43.54:093][  0]LogFileCache: Scanning file cache for directory 'C:/Users/130163/Documents/Unreal Projects/Null/Content/Collections/' took 0.00s
[2020.10.28-12.43.54:093][  0]LogContentBrowser: Native class hierarchy populated in 0.0086 seconds. Added 3427 classes and 821 folders.
[2020.10.28-12.43.54:102][  0]LogContentBrowser: Native class hierarchy updated for 'WidgetCarousel' in 0.0003 seconds. Added 0 classes and 0 folders.
[2020.10.28-12.43.54:442][  0]LogContentBrowser: Native class hierarchy updated for 'AddContentDialog' in 0.0002 seconds. Added 0 classes and 0 folders.
[2020.10.28-12.43.54:450][  0]LogContentBrowser: Native class hierarchy updated for 'SceneOutliner' in 0.0003 seconds. Added 2 classes and 0 folders.
[2020.10.28-12.43.54:558][  0]LogSlate: Took 0.006942 seconds to synchronously load lazily loaded font '../../../Engine/Content/Slate/Fonts/Roboto-Bold.ttf' (160K)
[2020.10.28-12.43.54:569][  0]LogSlate: Took 0.006939 seconds to synchronously load lazily loaded font '../../../Engine/Content/Editor/Slate/Fonts/FontAwesome.ttf' (139K)
[2020.10.28-12.43.54:614][  0]LogRenderer: Reallocating scene render targets to support 1112x572 Format 10 NumSamples 1 (Frame:1).
[2020.10.28-12.43.54:774][  0]LogSlate: Window 'Tutorials' being destroyed
[2020.10.28-12.43.54:790][  0]LogContentBrowser: Native class hierarchy updated for 'HierarchicalLODOutliner' in 0.0002 seconds. Added 0 classes and 0 folders.
[2020.10.28-12.43.54:790][  0]LogLoad: (Engine Initialization) Total time: 53.90 seconds
[2020.10.28-12.43.54:790][  0]LogLoad: (Engine Initialization) Total Blueprint compile time: 0.00 seconds
[2020.10.28-12.43.54:803][  0]LogLinker: Warning: Error opening file '../../../Engine/Content/BasicShapes/Cube.uasset'.
[2020.10.28-12.43.54:827][  0]LogAssetRegistry: Asset discovery search completed in 37.6725 seconds
[2020.10.28-12.43.54:831][  0]LogCollectionManager: Fixed up redirectors for 0 collections in 0.000326 seconds (updated 0 objects)
[2020.10.28-12.43.54:838][  0]LogContentStreaming: Texture pool size now 1000 MB
[2020.10.28-12.43.54:856][  1]LogLinker: Warning: Error opening file '../../../Engine/Content/BasicShapes/Cube.uasset'.
[2020.10.28-12.43.55:829][114]LogSlate: Took 0.006260 seconds to synchronously load lazily loaded font '../../../Engine/Content/Slate/Fonts/Roboto-Light.ttf' (167K)
[2020.10.28-12.44.05:806][221]LogSlate: Took 0.000147 seconds to synchronously load lazily loaded font '../../../Engine/Content/Slate/Fonts/Roboto-Light.ttf' (167K)
[2020.10.28-12.44.14:899][276]LogObjectTools: Deleting 1 worlds: /Game/StarterContent/Maps/NewWorld.NewWorld
[2020.10.28-12.44.14:899][276]LogObjectTools: Currently 1 active worlds: /Temp/Untitled_0.Untitled
[2020.10.28-12.44.14:912][276]LogUObjectHash: Compacting FUObjectHashTables data took   0.57ms
[2020.10.28-12.44.15:916][276]LogSlate: Window 'Delete Assets' being destroyed
[2020.10.28-12.44.15:945][276]LogWorld: UWorld::CleanupWorld for NewWorld, bSessionEnded=true, bCleanupResources=true
[2020.10.28-12.44.15:945][276]LogSlate: InvalidateAllWidgets triggered.  All widgets were invalidated
[2020.10.28-12.44.16:006][276]LogUObjectHash: Compacting FUObjectHashTables data took   0.52ms
[2020.10.28-12.44.24:508][822]LogSlate: Window 'New Level' being destroyed
[2020.10.28-12.44.24:513][822]Cmd: MAP LOAD FILE="../../../Engine/Content/Maps/Templates/Template_Default.umap" TEMPLATE=1 SHOWPROGRESS=1 FEATURELEVEL=3
[2020.10.28-12.44.24:541][822]LightingResults: New page: Lighting Build
[2020.10.28-12.44.24:544][822]LogContentBrowser: Native class hierarchy updated for 'StatsViewer' in 0.0002 seconds. Added 6 classes and 0 folders.
[2020.10.28-12.44.24:545][822]LoadErrors: New page: Loading map: Template_Default.umap
[2020.10.28-12.44.24:545][822]LogWorld: UWorld::CleanupWorld for Untitled, bSessionEnded=true, bCleanupResources=true
[2020.10.28-12.44.24:545][822]LogSlate: InvalidateAllWidgets triggered.  All widgets were invalidated
[2020.10.28-12.44.24:546][822]MapCheck: New page: Map Check
[2020.10.28-12.44.24:546][822]LightingResults: New page: Lighting Build
[2020.10.28-12.44.24:555][822]LogAISub: UAISubsystem::~UAISubsystem EnvQueryManager (0000029BB1927C00), frame # 2822
[2020.10.28-12.44.24:555][822]LogAISub: UAISubsystem::~UAISubsystem AIPerceptionSystem (0000029BB1933B00), frame # 2822
[2020.10.28-12.44.24:555][822]LogUObjectHash: Compacting FUObjectHashTables data took   0.47ms
[2020.10.28-12.44.24:655][822]LogAIModule: Creating AISystem for world Untitled_1
[2020.10.28-12.44.24:655][822]LogAISub: UAISubsystem::UAISubsystem EnvQueryManager (0000029BD5053E00), frame # 2822
[2020.10.28-12.44.24:655][822]LogAISub: UAISubsystem::UAISubsystem AIPerceptionSystem (0000029BD51E2AC0), frame # 2822
[2020.10.28-12.44.24:667][822]LogEditorServer: Finished looking for orphan Actors (0.000 secs)
[2020.10.28-12.44.24:678][822]LogUObjectHash: Compacting FUObjectHashTables data took   0.60ms
[2020.10.28-12.44.24:694][822]Cmd: MAP CHECKDEP NOCLEARLOG
[2020.10.28-12.44.24:694][822]MapCheck: Map check complete: 0 Error(s), 0 Warning(s), took 0.116ms to complete.
[2020.10.28-12.44.24:695][822]LogFileHelpers: Loading map 'Template_Default' took 0.182
[2020.10.28-12.44.53:557][138]LogSlate: Window 'Save Level As' being destroyed
[2020.10.28-12.44.53:607][138]Cmd: OBJ SAVEPACKAGE PACKAGE="/Game/Maps/Level1_Dev" FILE="../../../../../../Users/130163/Documents/Unreal Projects/Null/Content/Maps/Level1_Dev.umap" SILENT=true AUTOSAVING=false KEEPDIRTY=false
[2020.10.28-12.44.53:616][138]LogUObjectHash: Compacting FUObjectHashTables data took   0.18ms
[2020.10.28-12.44.53:632][138]LogSavePackage: Moving '../../../../../../Users/130163/Documents/Unreal Projects/Null/Saved/Level1_Dev599E96624799B3915421A1B86B81BA72.tmp' to '../../../../../../Users/130163/Documents/Unreal Projects/Null/Content/Maps/Level1_Dev.umap'
[2020.10.28-12.44.53:659][138]Cmd: OBJ SAVEPACKAGE PACKAGE="/Game/Maps/Level1_Dev_BuiltData" FILE="../../../../../../Users/130163/Documents/Unreal Projects/Null/Content/Maps/Level1_Dev_BuiltData.uasset" SILENT=true
[2020.10.28-12.44.53:673][138]LogSavePackage: Moving '../../../../../../Users/130163/Documents/Unreal Projects/Null/Saved/Level1_Dev_BuiltData6F298FE04320C67987DE04B44A0DAE10.tmp' to '../../../../../../Users/130163/Documents/Unreal Projects/Null/Content/Maps/Level1_Dev_BuiltData.uasset'
[2020.10.28-12.44.53:685][138]LogFileHelpers: Saving map 'Level1_Dev' took 0.116
[2020.10.28-12.44.53:689][138]AssetCheck: New page: Asset Save: multiple assets
[2020.10.28-12.44.53:689][138]LogContentValidation: Display: Validating World /Game/Maps/Level1_Dev.Level1_Dev
[2020.10.28-12.44.53:689][138]LogContentValidation: Display: Validating MapBuildDataRegistry /Game/Maps/Level1_Dev_BuiltData.Level1_Dev_BuiltData
