Log file open, 12/10/20 12:37:29
LogInit: Display: Running engine for game: Null
LogPlatformFile: Not using cached read wrapper
LogTaskGraph: Started task graph with 5 named threads and 47 total threads with 3 sets of task threads.
LogStats: Stats thread started at 0.219482
LogD3D11RHI: Loaded GFSDK_Aftermath_Lib.x64.dll
LogICUInternationalization: ICU TimeZone Detection - Raw Offset: -5:00, Platform Override: ''
LogPluginManager: Mounting plugin Paper2D
LogPluginManager: Mounting plugin AISupport
LogPluginManager: Mounting plugin LightPropagationVolume
LogPluginManager: Mounting plugin CameraShakePreviewer
LogPluginManager: Mounting plugin ActorLayerUtilities
LogPluginManager: Mounting plugin AnimationSharing
LogPluginManager: Mounting plugin CLionSourceCodeAccess
LogPluginManager: Mounting plugin CodeLiteSourceCodeAccess
LogPluginManager: Mounting plugin GitSourceControl
LogPluginManager: Mounting plugin KDevelopSourceCodeAccess
LogPluginManager: Mounting plugin NullSourceCodeAccess
LogPluginManager: Mounting plugin PerforceSourceControl
LogPluginManager: Mounting plugin PlasticSourceControl
LogPluginManager: Mounting plugin RiderSourceCodeAccess
LogPluginManager: Mounting plugin SubversionSourceControl
LogPluginManager: Mounting plugin UObjectPlugin
LogPluginManager: Mounting plugin VisualStudioCodeSourceCodeAccess
LogPluginManager: Mounting plugin VisualStudioSourceCodeAccess
LogPluginManager: Mounting plugin XCodeSourceCodeAccess
LogPluginManager: Mounting plugin AssetManagerEditor
LogPluginManager: Mounting plugin CryptoKeys
LogPluginManager: Mounting plugin CurveEditorTools
LogPluginManager: Mounting plugin DataValidation
LogPluginManager: Mounting plugin EditorScriptingUtilities
LogPluginManager: Mounting plugin FacialAnimation
LogPluginManager: Mounting plugin GameplayTagsEditor
LogPluginManager: Mounting plugin GeometryMode
LogPluginManager: Mounting plugin MacGraphicsSwitching
LogPluginManager: Mounting plugin MaterialAnalyzer
LogPluginManager: Mounting plugin MobileLauncherProfileWizard
LogPluginManager: Mounting plugin PluginBrowser
LogPluginManager: Mounting plugin SpeedTreeImporter
LogPluginManager: Mounting plugin DatasmithContent
LogPluginManager: Mounting plugin VariantManagerContent
LogPluginManager: Mounting plugin AlembicImporter
LogPluginManager: Mounting plugin AutomationUtils
LogPluginManager: Mounting plugin BackChannel
LogPluginManager: Mounting plugin ChaosCloth
LogPluginManager: Mounting plugin ChaosClothEditor
LogPluginManager: Mounting plugin ChaosEditor
LogPluginManager: Mounting plugin ChaosNiagara
LogPluginManager: Mounting plugin ChaosSolverPlugin
LogPluginManager: Mounting plugin CharacterAI
LogPluginManager: Mounting plugin GeometryCache
LogPluginManager: Mounting plugin GeometryCollectionPlugin
LogPluginManager: Mounting plugin GeometryProcessing
LogPluginManager: Mounting plugin PlanarCut
LogPluginManager: Mounting plugin PlatformCrypto
LogPluginManager: Mounting plugin ProxyLODPlugin
LogPluginManager: Mounting plugin SkeletalReduction
LogPluginManager: Mounting plugin Niagara
LogPluginManager: Mounting plugin MagicLeap
LogPluginManager: Mounting plugin MagicLeapLightEstimation
LogPluginManager: Mounting plugin MagicLeapMedia
LogPluginManager: Mounting plugin MagicLeapPassableWorld
LogPluginManager: Mounting plugin MLSDK
LogPluginManager: Mounting plugin AndroidMedia
LogPluginManager: Mounting plugin AvfMedia
LogPluginManager: Mounting plugin ImgMedia
LogPluginManager: Mounting plugin MediaCompositing
LogPluginManager: Mounting plugin MediaPlayerEditor
LogPluginManager: Mounting plugin WebMMedia
LogPluginManager: Mounting plugin WmfMedia
LogPluginManager: Mounting plugin MeshPainting
LogPluginManager: Mounting plugin TcpMessaging
LogPluginManager: Mounting plugin UdpMessaging
LogPluginManager: Mounting plugin ActorSequence
LogPluginManager: Mounting plugin LevelSequenceEditor
LogPluginManager: Mounting plugin MatineeToLevelSequence
LogPluginManager: Mounting plugin MovieRenderPipeline
LogPluginManager: Mounting plugin TemplateSequence
LogPluginManager: Mounting plugin NetcodeUnitTest
LogPluginManager: Mounting plugin NUTUnrealEngine4
LogPluginManager: Mounting plugin OnlineSubsystemGooglePlay
LogPluginManager: Mounting plugin OnlineSubsystemIOS
LogPluginManager: Mounting plugin OnlineSubsystem
LogPluginManager: Mounting plugin OnlineSubsystemNull
LogPluginManager: Mounting plugin OnlineSubsystemUtils
LogPluginManager: Mounting plugin LauncherChunkInstaller
LogPluginManager: Mounting plugin AndroidDeviceProfileSelector
LogPluginManager: Mounting plugin AndroidMoviePlayer
LogPluginManager: Mounting plugin AndroidPermission
LogPluginManager: Mounting plugin AppleImageUtils
LogPluginManager: Mounting plugin AppleMoviePlayer
LogPluginManager: Mounting plugin ArchVisCharacter
LogPluginManager: Mounting plugin AssetTags
LogPluginManager: Mounting plugin AudioCapture
LogPluginManager: Mounting plugin CableComponent
LogPluginManager: Mounting plugin CustomMeshComponent
LogPluginManager: Mounting plugin EditableMesh
LogPluginManager: Mounting plugin ExampleDeviceProfileSelector
LogPluginManager: Mounting plugin GoogleCloudMessaging
LogPluginManager: Mounting plugin GooglePAD
LogPluginManager: Mounting plugin IOSDeviceProfileSelector
LogPluginManager: Mounting plugin LinuxDeviceProfileSelector
LogPluginManager: Mounting plugin LocationServicesBPLibrary
LogPluginManager: Mounting plugin MobilePatchingUtils
LogPluginManager: Mounting plugin OculusVR
LogPluginManager: Mounting plugin PhysXVehicles
LogPluginManager: Mounting plugin PostSplashScreen
LogPluginManager: Mounting plugin ProceduralMeshComponent
LogPluginManager: Mounting plugin RuntimePhysXCooking
LogPluginManager: Mounting plugin SignificanceManager
LogPluginManager: Mounting plugin SoundFields
LogPluginManager: Mounting plugin SteamVR
LogPluginManager: Mounting plugin Synthesis
LogPluginManager: Mounting plugin WebMMoviePlayer
LogPluginManager: Mounting plugin WindowsMoviePlayer
LogPluginManager: Mounting plugin ScreenshotTools
LogInit: Using libcurl 7.55.1-DEV
LogInit:  - built for x86_64-pc-win32
LogInit:  - supports SSL with OpenSSL/1.1.1
LogInit:  - supports HTTP deflate (compression) using libz 1.2.8
LogInit:  - other features:
LogInit:      CURL_VERSION_SSL
LogInit:      CURL_VERSION_LIBZ
LogInit:      CURL_VERSION_IPV6
LogInit:      CURL_VERSION_ASYNCHDNS
LogInit:      CURL_VERSION_LARGEFILE
LogInit:      CURL_VERSION_IDN
LogInit:  CurlRequestOptions (configurable via config and command line):
LogInit:  - bVerifyPeer = true  - Libcurl will verify peer certificate
LogInit:  - bUseHttpProxy = false  - Libcurl will NOT use HTTP proxy
LogInit:  - bDontReuseConnections = false  - Libcurl will reuse connections
LogInit:  - MaxHostConnections = 16  - Libcurl will limit the number of connections to a host
LogInit:  - LocalHostAddr = Default
LogInit:  - BufferSize = 65536
LogOnline: OSS: Creating online subsystem instance for: NULL
LogInit: WinSock: version 1.1 (2.2), MaxSocks=32767, MaxUdp=65467
LogOnline: OSS: TryLoadSubsystemAndSetDefault: Loaded subsystem for module [NULL]
LogInit: Build: ++UE4+Release-4.25-CL-14469661
LogInit: Engine Version: 4.25.4-14469661+++UE4+Release-4.25
LogInit: Compatible Engine Version: 4.25.0-13144385+++UE4+Release-4.25
LogInit: Net CL: 13144385
LogInit: OS: Windows 10 (Release 1909) (), CPU: AMD Ryzen 7 1700 Eight-Core Processor          , GPU: NVIDIA GeForce GTX 1080
LogInit: Compiled (64-bit): Oct 11 2020 08:10:49
LogInit: Compiled with Visual C++: 19.24.28315.00
LogInit: Build Configuration: Development
LogInit: Branch Name: ++UE4+Release-4.25
LogInit: Command Line:  /Game/Maps/LEVEL_ONE_FINAL -game -PIEVIACONSOLE -Multiprocess GameUserSettingsINI=C:/Users/Matthew/Documents/GitHub/Null/Saved/Config/Windows/PIEGameUserSettings0.ini -MultiprocessSaveConfig -MultiprocessOSS -messaging -SessionName="Play in Standalone Game" -windowed -ResX=1280 -ResY=720
LogInit: Base Directory: D:/EGS games/UE_4.25/Engine/Binaries/Win64/
LogInit: Allocator: TBB
LogInit: Installed Engine Build: 1
LogDevObjectVersion: Number of dev versions registered: 26
LogDevObjectVersion:   Dev-Blueprints (B0D832E4-1F89-4F0D-ACCF-7EB736FD4AA2): 10
LogDevObjectVersion:   Dev-Build (E1C64328-A22C-4D53-A36C-8E866417BD8C): 0
LogDevObjectVersion:   Dev-Core (375EC13C-06E4-48FB-B500-84F0262A717E): 4
LogDevObjectVersion:   Dev-Editor (E4B068ED-F494-42E9-A231-DA0B2E46BB41): 38
LogDevObjectVersion:   Dev-Framework (CFFC743F-43B0-4480-9391-14DF171D2073): 37
LogDevObjectVersion:   Dev-Mobile (B02B49B5-BB20-44E9-A304-32B752E40360): 2
LogDevObjectVersion:   Dev-Networking (A4E4105C-59A1-49B5-A7C5-40C4547EDFEE): 0
LogDevObjectVersion:   Dev-Online (39C831C9-5AE6-47DC-9A44-9C173E1C8E7C): 0
LogDevObjectVersion:   Dev-Physics (78F01B33-EBEA-4F98-B9B4-84EACCB95AA2): 4
LogDevObjectVersion:   Dev-Platform (6631380F-2D4D-43E0-8009-CF276956A95A): 0
LogDevObjectVersion:   Dev-Rendering (12F88B9F-8875-4AFC-A67C-D90C383ABD29): 43
LogDevObjectVersion:   Dev-Sequencer (7B5AE74C-D270-4C10-A958-57980B212A5A): 12
LogDevObjectVersion:   Dev-VR (D7296918-1DD6-4BDD-9DE2-64A83CC13884): 3
LogDevObjectVersion:   Dev-LoadTimes (C2A15278-BFE7-4AFE-6C17-90FF531DF755): 1
LogDevObjectVersion:   Private-Geometry (6EACA3D4-40EC-4CC1-B786-8BED09428FC5): 3
LogDevObjectVersion:   Dev-AnimPhys (29E575DD-E0A3-4627-9D10-D276232CDCEA): 17
LogDevObjectVersion:   Dev-Anim (AF43A65D-7FD3-4947-9873-3E8ED9C1BB05): 7
LogDevObjectVersion:   Dev-ReflectionCapture (6B266CEC-1EC7-4B8F-A30B-E4D90942FC07): 1
LogDevObjectVersion:   Dev-Automation (0DF73D61-A23F-47EA-B727-89E90C41499A): 1
LogDevObjectVersion:   FortniteMain (601D1886-AC64-4F84-AA16-D3DE0DEAC7D6): 31
LogDevObjectVersion:   Dev-Enterprise (9DFFBCD6-494F-0158-E221-12823C92A888): 10
LogDevObjectVersion:   Dev-Niagara (F2AED0AC-9AFE-416F-8664-AA7FFA26D6FC): 1
LogDevObjectVersion:   Dev-Destruction (174F1F0B-B4C6-45A5-B13F-2EE8D0FB917D): 10
LogDevObjectVersion:   Dev-Physics-Ext (35F94A83-E258-406C-A318-09F59610247C): 37
LogDevObjectVersion:   Dev-PhysicsMaterial-Chaos (B68FC16E-8B1B-42E2-B453-215C058844FE): 1
LogDevObjectVersion:   Dev-CineCamera (B2E18506-4273-CFC2-A54E-F4BB758BBA07): 1
LogInit: Presizing for max 25165824 objects, including 0 objects not considered by GC, pre-allocating 0 bytes for permanent pool.
LogConfig: Applying CVar settings from Section [/Script/Engine.StreamingSettings] File [C:/Users/Matthew/Documents/GitHub/Null/Saved/Config/Windows/Engine.ini]
LogConfig: Setting CVar [[s.MinBulkDataSizeForAsyncLoading:131072]]
LogConfig: Setting CVar [[s.AsyncLoadingThreadEnabled:0]]
LogConfig: Setting CVar [[s.EventDrivenLoaderEnabled:1]]
LogConfig: Setting CVar [[s.WarnIfTimeLimitExceeded:0]]
LogConfig: Setting CVar [[s.TimeLimitExceededMultiplier:1.5]]
LogConfig: Setting CVar [[s.TimeLimitExceededMinTime:0.005]]
LogConfig: Setting CVar [[s.UseBackgroundLevelStreaming:1]]
LogConfig: Setting CVar [[s.PriorityAsyncLoadingExtraTime:15.0]]
LogConfig: Setting CVar [[s.LevelStreamingActorsUpdateTimeLimit:5.0]]
LogConfig: Setting CVar [[s.PriorityLevelStreamingActorsUpdateExtraTime:5.0]]
LogConfig: Setting CVar [[s.LevelStreamingComponentsRegistrationGranularity:10]]
LogConfig: Setting CVar [[s.UnregisterComponentsTimeLimit:1.0]]
LogConfig: Setting CVar [[s.LevelStreamingComponentsUnregistrationGranularity:5]]
LogConfig: Setting CVar [[s.FlushStreamingOnExit:1]]
LogInit: Object subsystem initialized
LogConfig: Setting CVar [[con.DebugEarlyDefault:1]]
LogConfig: Setting CVar [[r.setres:1280x720]]
[2020.12.10-17.37.30:134][  0]LogConfig: Setting CVar [[con.DebugEarlyDefault:1]]
[2020.12.10-17.37.30:134][  0]LogConfig: Setting CVar [[r.setres:1280x720]]
[2020.12.10-17.37.30:134][  0]LogConfig: Applying CVar settings from Section [/Script/Engine.RendererSettings] File [C:/Users/Matthew/Documents/GitHub/Null/Saved/Config/Windows/Engine.ini]
[2020.12.10-17.37.30:134][  0]LogConfig: Setting CVar [[r.GPUCrashDebugging:0]]
[2020.12.10-17.37.30:134][  0]LogConfig: Applying CVar settings from Section [/Script/Engine.RendererOverrideSettings] File [C:/Users/Matthew/Documents/GitHub/Null/Saved/Config/Windows/Engine.ini]
[2020.12.10-17.37.30:134][  0]LogConfig: Applying CVar settings from Section [/Script/Engine.StreamingSettings] File [C:/Users/Matthew/Documents/GitHub/Null/Saved/Config/Windows/Engine.ini]
[2020.12.10-17.37.30:134][  0]LogConfig: Setting CVar [[s.MinBulkDataSizeForAsyncLoading:131072]]
[2020.12.10-17.37.30:134][  0]LogConfig: Setting CVar [[s.AsyncLoadingThreadEnabled:0]]
[2020.12.10-17.37.30:134][  0]LogConfig: Setting CVar [[s.EventDrivenLoaderEnabled:1]]
[2020.12.10-17.37.30:134][  0]LogConfig: Setting CVar [[s.WarnIfTimeLimitExceeded:0]]
[2020.12.10-17.37.30:134][  0]LogConfig: Setting CVar [[s.TimeLimitExceededMultiplier:1.5]]
[2020.12.10-17.37.30:134][  0]LogConfig: Setting CVar [[s.TimeLimitExceededMinTime:0.005]]
[2020.12.10-17.37.30:134][  0]LogConfig: Setting CVar [[s.UseBackgroundLevelStreaming:1]]
[2020.12.10-17.37.30:134][  0]LogConfig: Setting CVar [[s.PriorityAsyncLoadingExtraTime:15.0]]
[2020.12.10-17.37.30:134][  0]LogConfig: Setting CVar [[s.LevelStreamingActorsUpdateTimeLimit:5.0]]
[2020.12.10-17.37.30:134][  0]LogConfig: Setting CVar [[s.PriorityLevelStreamingActorsUpdateExtraTime:5.0]]
[2020.12.10-17.37.30:134][  0]LogConfig: Setting CVar [[s.LevelStreamingComponentsRegistrationGranularity:10]]
[2020.12.10-17.37.30:134][  0]LogConfig: Setting CVar [[s.UnregisterComponentsTimeLimit:1.0]]
[2020.12.10-17.37.30:134][  0]LogConfig: Setting CVar [[s.LevelStreamingComponentsUnregistrationGranularity:5]]
[2020.12.10-17.37.30:134][  0]LogConfig: Setting CVar [[s.FlushStreamingOnExit:1]]
[2020.12.10-17.37.30:134][  0]LogConfig: Applying CVar settings from Section [/Script/Engine.GarbageCollectionSettings] File [C:/Users/Matthew/Documents/GitHub/Null/Saved/Config/Windows/Engine.ini]
[2020.12.10-17.37.30:134][  0]LogConfig: Setting CVar [[gc.MaxObjectsNotConsideredByGC:1]]
[2020.12.10-17.37.30:134][  0]LogConfig: Setting CVar [[gc.SizeOfPermanentObjectPool:0]]
[2020.12.10-17.37.30:134][  0]LogConfig: Setting CVar [[gc.FlushStreamingOnGC:0]]
[2020.12.10-17.37.30:134][  0]LogConfig: Setting CVar [[gc.NumRetriesBeforeForcingGC:10]]
[2020.12.10-17.37.30:134][  0]LogConfig: Setting CVar [[gc.AllowParallelGC:1]]
[2020.12.10-17.37.30:134][  0]LogConfig: Setting CVar [[gc.TimeBetweenPurgingPendingKillObjects:61.1]]
[2020.12.10-17.37.30:134][  0]LogConfig: Setting CVar [[gc.MaxObjectsInEditor:25165824]]
[2020.12.10-17.37.30:135][  0]LogConfig: Setting CVar [[gc.IncrementalBeginDestroyEnabled:1]]
[2020.12.10-17.37.30:135][  0]LogConfig: Setting CVar [[gc.CreateGCClusters:1]]
[2020.12.10-17.37.30:135][  0]LogConfig: Setting CVar [[gc.MinGCClusterSize:5]]
[2020.12.10-17.37.30:135][  0]LogConfig: Setting CVar [[gc.ActorClusteringEnabled:0]]
[2020.12.10-17.37.30:135][  0]LogConfig: Setting CVar [[gc.BlueprintClusteringEnabled:0]]
[2020.12.10-17.37.30:135][  0]LogConfig: Setting CVar [[gc.UseDisregardForGCOnDedicatedServers:0]]
[2020.12.10-17.37.30:135][  0]LogConfig: Applying CVar settings from Section [/Script/Engine.NetworkSettings] File [C:/Users/Matthew/Documents/GitHub/Null/Saved/Config/Windows/Engine.ini]
[2020.12.10-17.37.30:135][  0]LogConfig: Applying CVar settings from Section [/Script/UnrealEd.CookerSettings] File [C:/Users/Matthew/Documents/GitHub/Null/Saved/Config/Windows/Engine.ini]
[2020.12.10-17.37.30:140][  0]LogConfig: Applying CVar settings from Section [ViewDistanceQuality@3] File [C:/Users/Matthew/Documents/GitHub/Null/Saved/Config/Windows/Scalability.ini]
[2020.12.10-17.37.30:140][  0]LogConfig: Setting CVar [[r.SkeletalMeshLODBias:0]]
[2020.12.10-17.37.30:140][  0]LogConfig: Setting CVar [[r.ViewDistanceScale:1.0]]
[2020.12.10-17.37.30:140][  0]LogConfig: Applying CVar settings from Section [AntiAliasingQuality@3] File [C:/Users/Matthew/Documents/GitHub/Null/Saved/Config/Windows/Scalability.ini]
[2020.12.10-17.37.30:140][  0]LogConfig: Setting CVar [[r.PostProcessAAQuality:4]]
[2020.12.10-17.37.30:140][  0]LogConfig: Applying CVar settings from Section [ShadowQuality@3] File [C:/Users/Matthew/Documents/GitHub/Null/Saved/Config/Windows/Scalability.ini]
[2020.12.10-17.37.30:140][  0]LogConfig: Setting CVar [[r.LightFunctionQuality:1]]
[2020.12.10-17.37.30:140][  0]LogConfig: Setting CVar [[r.ShadowQuality:5]]
[2020.12.10-17.37.30:140][  0]LogConfig: Setting CVar [[r.Shadow.CSM.MaxCascades:10]]
[2020.12.10-17.37.30:140][  0]LogConfig: Setting CVar [[r.Shadow.MaxResolution:2048]]
[2020.12.10-17.37.30:140][  0]LogConfig: Setting CVar [[r.Shadow.MaxCSMResolution:2048]]
[2020.12.10-17.37.30:140][  0]LogConfig: Setting CVar [[r.Shadow.RadiusThreshold:0.01]]
[2020.12.10-17.37.30:140][  0]LogConfig: Setting CVar [[r.Shadow.DistanceScale:1.0]]
[2020.12.10-17.37.30:140][  0]LogConfig: Setting CVar [[r.Shadow.CSM.TransitionScale:1.0]]
[2020.12.10-17.37.30:140][  0]LogConfig: Setting CVar [[r.Shadow.PreShadowResolutionFactor:1.0]]
[2020.12.10-17.37.30:140][  0]LogConfig: Setting CVar [[r.DistanceFieldShadowing:1]]
[2020.12.10-17.37.30:140][  0]LogConfig: Setting CVar [[r.DistanceFieldAO:1]]
[2020.12.10-17.37.30:140][  0]LogConfig: Setting CVar [[r.AOQuality:2]]
[2020.12.10-17.37.30:140][  0]LogConfig: Setting CVar [[r.VolumetricFog:1]]
[2020.12.10-17.37.30:140][  0]LogConfig: Setting CVar [[r.VolumetricFog.GridPixelSize:8]]
[2020.12.10-17.37.30:140][  0]LogConfig: Setting CVar [[r.VolumetricFog.GridSizeZ:128]]
[2020.12.10-17.37.30:140][  0]LogConfig: Setting CVar [[r.VolumetricFog.HistoryMissSupersampleCount:4]]
[2020.12.10-17.37.30:140][  0]LogConfig: Setting CVar [[r.LightMaxDrawDistanceScale:1]]
[2020.12.10-17.37.30:140][  0]LogConfig: Setting CVar [[r.CapsuleShadows:1]]
[2020.12.10-17.37.30:140][  0]LogConfig: Applying CVar settings from Section [PostProcessQuality@3] File [C:/Users/Matthew/Documents/GitHub/Null/Saved/Config/Windows/Scalability.ini]
[2020.12.10-17.37.30:140][  0]LogConfig: Setting CVar [[r.MotionBlurQuality:4]]
[2020.12.10-17.37.30:140][  0]LogConfig: Setting CVar [[r.AmbientOcclusionMipLevelFactor:0.4]]
[2020.12.10-17.37.30:140][  0]LogConfig: Setting CVar [[r.AmbientOcclusionMaxQuality:100]]
[2020.12.10-17.37.30:140][  0]LogConfig: Setting CVar [[r.AmbientOcclusionLevels:-1]]
[2020.12.10-17.37.30:140][  0]LogConfig: Setting CVar [[r.AmbientOcclusionRadiusScale:1.0]]
[2020.12.10-17.37.30:140][  0]LogConfig: Setting CVar [[r.DepthOfFieldQuality:2]]
[2020.12.10-17.37.30:140][  0]LogConfig: Setting CVar [[r.RenderTargetPoolMin:400]]
[2020.12.10-17.37.30:140][  0]LogConfig: Setting CVar [[r.LensFlareQuality:2]]
[2020.12.10-17.37.30:140][  0]LogConfig: Setting CVar [[r.SceneColorFringeQuality:1]]
[2020.12.10-17.37.30:140][  0]LogConfig: Setting CVar [[r.EyeAdaptationQuality:2]]
[2020.12.10-17.37.30:140][  0]LogConfig: Setting CVar [[r.BloomQuality:5]]
[2020.12.10-17.37.30:140][  0]LogConfig: Setting CVar [[r.FastBlurThreshold:100]]
[2020.12.10-17.37.30:140][  0]LogConfig: Setting CVar [[r.Upscale.Quality:3]]
[2020.12.10-17.37.30:140][  0]LogConfig: Setting CVar [[r.Tonemapper.GrainQuantization:1]]
[2020.12.10-17.37.30:140][  0]LogConfig: Setting CVar [[r.LightShaftQuality:1]]
[2020.12.10-17.37.30:140][  0]LogConfig: Setting CVar [[r.Filter.SizeScale:1]]
[2020.12.10-17.37.30:140][  0]LogConfig: Setting CVar [[r.Tonemapper.Quality:5]]
[2020.12.10-17.37.30:140][  0]LogConfig: Setting CVar [[r.DOF.Gather.AccumulatorQuality:1        ; higher gathering accumulator quality]]
[2020.12.10-17.37.30:140][  0]LogConfig: Setting CVar [[r.DOF.Gather.PostfilterMethod:1          ; Median3x3 postfilering method]]
[2020.12.10-17.37.30:140][  0]LogConfig: Setting CVar [[r.DOF.Gather.EnableBokehSettings:0       ; no bokeh simulation when gathering]]
[2020.12.10-17.37.30:140][  0]LogConfig: Setting CVar [[r.DOF.Gather.RingCount:4                 ; medium number of samples when gathering]]
[2020.12.10-17.37.30:140][  0]LogConfig: Setting CVar [[r.DOF.Scatter.ForegroundCompositing:1    ; additive foreground scattering]]
[2020.12.10-17.37.30:140][  0]LogConfig: Setting CVar [[r.DOF.Scatter.BackgroundCompositing:2    ; additive background scattering]]
[2020.12.10-17.37.30:140][  0]LogConfig: Setting CVar [[r.DOF.Scatter.EnableBokehSettings:1      ; bokeh simulation when scattering]]
[2020.12.10-17.37.30:140][  0]LogConfig: Setting CVar [[r.DOF.Scatter.MaxSpriteRatio:0.1         ; only a maximum of 10% of scattered bokeh]]
[2020.12.10-17.37.30:140][  0]LogConfig: Setting CVar [[r.DOF.Recombine.Quality:1                ; cheap slight out of focus]]
[2020.12.10-17.37.30:140][  0]LogConfig: Setting CVar [[r.DOF.Recombine.EnableBokehSettings:0    ; no bokeh simulation on slight out of focus]]
[2020.12.10-17.37.30:140][  0]LogConfig: Setting CVar [[r.DOF.TemporalAAQuality:1                ; more stable temporal accumulation]]
[2020.12.10-17.37.30:140][  0]LogConfig: Setting CVar [[r.DOF.Kernel.MaxForegroundRadius:0.025]]
[2020.12.10-17.37.30:140][  0]LogConfig: Setting CVar [[r.DOF.Kernel.MaxBackgroundRadius:0.025]]
[2020.12.10-17.37.30:140][  0]LogConfig: Applying CVar settings from Section [TextureQuality@3] File [C:/Users/Matthew/Documents/GitHub/Null/Saved/Config/Windows/Scalability.ini]
[2020.12.10-17.37.30:140][  0]LogConfig: Setting CVar [[r.Streaming.MipBias:0]]
[2020.12.10-17.37.30:140][  0]LogConfig: Setting CVar [[r.Streaming.AmortizeCPUToGPUCopy:0]]
[2020.12.10-17.37.30:140][  0]LogConfig: Setting CVar [[r.Streaming.MaxNumTexturesToStreamPerFrame:0]]
[2020.12.10-17.37.30:141][  0]LogConfig: Setting CVar [[r.Streaming.Boost:1]]
[2020.12.10-17.37.30:141][  0]LogConfig: Setting CVar [[r.MaxAnisotropy:8]]
[2020.12.10-17.37.30:141][  0]LogConfig: Setting CVar [[r.VT.MaxAnisotropy:8]]
[2020.12.10-17.37.30:141][  0]LogConfig: Setting CVar [[r.Streaming.LimitPoolSizeToVRAM:0]]
[2020.12.10-17.37.30:141][  0]LogConfig: Setting CVar [[r.Streaming.PoolSize:1000]]
[2020.12.10-17.37.30:141][  0]LogConfig: Setting CVar [[r.Streaming.MaxEffectiveScreenSize:0]]
[2020.12.10-17.37.30:141][  0]LogConfig: Applying CVar settings from Section [EffectsQuality@3] File [C:/Users/Matthew/Documents/GitHub/Null/Saved/Config/Windows/Scalability.ini]
[2020.12.10-17.37.30:141][  0]LogConfig: Setting CVar [[r.TranslucencyLightingVolumeDim:64]]
[2020.12.10-17.37.30:141][  0]LogConfig: Setting CVar [[r.RefractionQuality:2]]
[2020.12.10-17.37.30:141][  0]LogConfig: Setting CVar [[r.SSR.Quality:3]]
[2020.12.10-17.37.30:141][  0]LogConfig: Setting CVar [[r.SSR.HalfResSceneColor:0]]
[2020.12.10-17.37.30:141][  0]LogConfig: Setting CVar [[r.SceneColorFormat:4]]
[2020.12.10-17.37.30:141][  0]LogConfig: Setting CVar [[r.DetailMode:2]]
[2020.12.10-17.37.30:141][  0]LogConfig: Setting CVar [[r.TranslucencyVolumeBlur:1]]
[2020.12.10-17.37.30:141][  0]LogConfig: Setting CVar [[r.MaterialQualityLevel:1 ; High quality]]
[2020.12.10-17.37.30:141][  0]LogConfig: Setting CVar [[r.SSS.Scale:1]]
[2020.12.10-17.37.30:141][  0]LogConfig: Setting CVar [[r.SSS.SampleSet:2]]
[2020.12.10-17.37.30:141][  0]LogConfig: Setting CVar [[r.SSS.Quality:1]]
[2020.12.10-17.37.30:141][  0]LogConfig: Setting CVar [[r.SSS.HalfRes:0]]
[2020.12.10-17.37.30:141][  0]LogConfig: Setting CVar [[r.SSGI.Quality:3]]
[2020.12.10-17.37.30:141][  0]LogConfig: Setting CVar [[r.EmitterSpawnRateScale:1.0]]
[2020.12.10-17.37.30:141][  0]LogConfig: Setting CVar [[r.ParticleLightQuality:2]]
[2020.12.10-17.37.30:141][  0]LogConfig: Setting CVar [[r.SkyAtmosphere.AerialPerspectiveLUT.FastApplyOnOpaque:1 ; Always have FastSkyLUT 1 in this case to avoid wrong sky]]
[2020.12.10-17.37.30:141][  0]LogConfig: Setting CVar [[r.SkyAtmosphere.AerialPerspectiveLUT.SampleCountPerSlice:1]]
[2020.12.10-17.37.30:141][  0]LogConfig: Setting CVar [[r.SkyAtmosphere.AerialPerspectiveLUT.DepthResolution:16.0]]
[2020.12.10-17.37.30:141][  0]LogConfig: Setting CVar [[r.SkyAtmosphere.FastSkyLUT:1]]
[2020.12.10-17.37.30:141][  0]LogConfig: Setting CVar [[r.SkyAtmosphere.FastSkyLUT.SampleCountMin:4.0]]
[2020.12.10-17.37.30:141][  0]LogConfig: Setting CVar [[r.SkyAtmosphere.FastSkyLUT.SampleCountMax:32.0]]
[2020.12.10-17.37.30:141][  0]LogConfig: Setting CVar [[r.SkyAtmosphere.SampleCountMin:4.0]]
[2020.12.10-17.37.30:141][  0]LogConfig: Setting CVar [[r.SkyAtmosphere.SampleCountMax:32.0]]
[2020.12.10-17.37.30:141][  0]LogConfig: Setting CVar [[r.SkyAtmosphere.TransmittanceLUT.UseSmallFormat:0]]
[2020.12.10-17.37.30:141][  0]LogConfig: Setting CVar [[r.SkyAtmosphere.TransmittanceLUT.SampleCount:10.0]]
[2020.12.10-17.37.30:141][  0]LogConfig: Setting CVar [[r.SkyAtmosphere.MultiScatteringLUT.SampleCount:15.0]]
[2020.12.10-17.37.30:141][  0]LogConfig: Applying CVar settings from Section [FoliageQuality@3] File [C:/Users/Matthew/Documents/GitHub/Null/Saved/Config/Windows/Scalability.ini]
[2020.12.10-17.37.30:141][  0]LogConfig: Setting CVar [[foliage.DensityScale:1.0]]
[2020.12.10-17.37.30:141][  0]LogConfig: Setting CVar [[grass.DensityScale:1.0]]
[2020.12.10-17.37.30:141][  0]LogConfig: Applying CVar settings from Section [ShadingQuality@3] File [C:/Users/Matthew/Documents/GitHub/Null/Saved/Config/Windows/Scalability.ini]
[2020.12.10-17.37.30:141][  0]LogConfig: Setting CVar [[r.HairStrands.SkyLighting.SampleCount:16]]
[2020.12.10-17.37.30:141][  0]LogConfig: Setting CVar [[r.HairStrands.SkyLighting.JitterIntegration:0]]
[2020.12.10-17.37.30:141][  0]LogConfig: Setting CVar [[r.HairStrands.SkyAO.SampleCount:16]]
[2020.12.10-17.37.30:141][  0]LogConfig: Setting CVar [[r.HairStrands.DeepShadow.SuperSampling:0]]
[2020.12.10-17.37.30:141][  0]LogConfig: Setting CVar [[r.HairStrands.VisibilityPPLL:0]]
[2020.12.10-17.37.30:141][  0]LogConfig: Setting CVar [[r.HairStrands.RasterizationScale:0.5]]
[2020.12.10-17.37.30:141][  0]LogConfig: Setting CVar [[r.HairStrands.VelocityRasterizationScale:1]]
[2020.12.10-17.37.30:141][  0]LogInit: Selected Device Profile: [Windows]
[2020.12.10-17.37.30:141][  0]LogInit: Applying CVar settings loaded from the selected device profile: [Windows]
[2020.12.10-17.37.30:141][  0]LogHAL: Display: Platform has ~ 16 GB [17128570880 / 17179869184 / 16], which maps to Larger [LargestMinGB=32, LargerMinGB=12, DefaultMinGB=8, SmallerMinGB=6, SmallestMinGB=0)
[2020.12.10-17.37.30:141][  0]LogInit: Going up to parent DeviceProfile []
[2020.12.10-17.37.30:141][  0]LogConfig: Applying CVar settings from Section [ViewDistanceQuality@3] File [C:/Users/Matthew/Documents/GitHub/Null/Saved/Config/Windows/Scalability.ini]
[2020.12.10-17.37.30:141][  0]LogConfig: Setting CVar [[r.SkeletalMeshLODBias:0]]
[2020.12.10-17.37.30:141][  0]LogConfig: Setting CVar [[r.ViewDistanceScale:1.0]]
[2020.12.10-17.37.30:141][  0]LogConfig: Applying CVar settings from Section [AntiAliasingQuality@3] File [C:/Users/Matthew/Documents/GitHub/Null/Saved/Config/Windows/Scalability.ini]
[2020.12.10-17.37.30:141][  0]LogConfig: Setting CVar [[r.PostProcessAAQuality:4]]
[2020.12.10-17.37.30:141][  0]LogConfig: Applying CVar settings from Section [ShadowQuality@3] File [C:/Users/Matthew/Documents/GitHub/Null/Saved/Config/Windows/Scalability.ini]
[2020.12.10-17.37.30:141][  0]LogConfig: Setting CVar [[r.LightFunctionQuality:1]]
[2020.12.10-17.37.30:141][  0]LogConfig: Setting CVar [[r.ShadowQuality:5]]
[2020.12.10-17.37.30:141][  0]LogConfig: Setting CVar [[r.Shadow.CSM.MaxCascades:10]]
[2020.12.10-17.37.30:141][  0]LogConfig: Setting CVar [[r.Shadow.MaxResolution:2048]]
[2020.12.10-17.37.30:141][  0]LogConfig: Setting CVar [[r.Shadow.MaxCSMResolution:2048]]
[2020.12.10-17.37.30:141][  0]LogConfig: Setting CVar [[r.Shadow.RadiusThreshold:0.01]]
[2020.12.10-17.37.30:141][  0]LogConfig: Setting CVar [[r.Shadow.DistanceScale:1.0]]
[2020.12.10-17.37.30:141][  0]LogConfig: Setting CVar [[r.Shadow.CSM.TransitionScale:1.0]]
[2020.12.10-17.37.30:141][  0]LogConfig: Setting CVar [[r.Shadow.PreShadowResolutionFactor:1.0]]
[2020.12.10-17.37.30:142][  0]LogConfig: Setting CVar [[r.DistanceFieldShadowing:1]]
[2020.12.10-17.37.30:142][  0]LogConfig: Setting CVar [[r.DistanceFieldAO:1]]
[2020.12.10-17.37.30:142][  0]LogConfig: Setting CVar [[r.AOQuality:2]]
[2020.12.10-17.37.30:142][  0]LogConfig: Setting CVar [[r.VolumetricFog:1]]
[2020.12.10-17.37.30:142][  0]LogConfig: Setting CVar [[r.VolumetricFog.GridPixelSize:8]]
[2020.12.10-17.37.30:142][  0]LogConfig: Setting CVar [[r.VolumetricFog.GridSizeZ:128]]
[2020.12.10-17.37.30:142][  0]LogConfig: Setting CVar [[r.VolumetricFog.HistoryMissSupersampleCount:4]]
[2020.12.10-17.37.30:142][  0]LogConfig: Setting CVar [[r.LightMaxDrawDistanceScale:1]]
[2020.12.10-17.37.30:142][  0]LogConfig: Setting CVar [[r.CapsuleShadows:1]]
[2020.12.10-17.37.30:142][  0]LogConfig: Applying CVar settings from Section [PostProcessQuality@3] File [C:/Users/Matthew/Documents/GitHub/Null/Saved/Config/Windows/Scalability.ini]
[2020.12.10-17.37.30:142][  0]LogConfig: Setting CVar [[r.MotionBlurQuality:4]]
[2020.12.10-17.37.30:142][  0]LogConfig: Setting CVar [[r.AmbientOcclusionMipLevelFactor:0.4]]
[2020.12.10-17.37.30:142][  0]LogConfig: Setting CVar [[r.AmbientOcclusionMaxQuality:100]]
[2020.12.10-17.37.30:142][  0]LogConfig: Setting CVar [[r.AmbientOcclusionLevels:-1]]
[2020.12.10-17.37.30:142][  0]LogConfig: Setting CVar [[r.AmbientOcclusionRadiusScale:1.0]]
[2020.12.10-17.37.30:142][  0]LogConfig: Setting CVar [[r.DepthOfFieldQuality:2]]
[2020.12.10-17.37.30:142][  0]LogConfig: Setting CVar [[r.RenderTargetPoolMin:400]]
[2020.12.10-17.37.30:142][  0]LogConfig: Setting CVar [[r.LensFlareQuality:2]]
[2020.12.10-17.37.30:142][  0]LogConfig: Setting CVar [[r.SceneColorFringeQuality:1]]
[2020.12.10-17.37.30:142][  0]LogConfig: Setting CVar [[r.EyeAdaptationQuality:2]]
[2020.12.10-17.37.30:142][  0]LogConfig: Setting CVar [[r.BloomQuality:5]]
[2020.12.10-17.37.30:142][  0]LogConfig: Setting CVar [[r.FastBlurThreshold:100]]
[2020.12.10-17.37.30:142][  0]LogConfig: Setting CVar [[r.Upscale.Quality:3]]
[2020.12.10-17.37.30:142][  0]LogConfig: Setting CVar [[r.Tonemapper.GrainQuantization:1]]
[2020.12.10-17.37.30:142][  0]LogConfig: Setting CVar [[r.LightShaftQuality:1]]
[2020.12.10-17.37.30:142][  0]LogConfig: Setting CVar [[r.Filter.SizeScale:1]]
[2020.12.10-17.37.30:142][  0]LogConfig: Setting CVar [[r.Tonemapper.Quality:5]]
[2020.12.10-17.37.30:142][  0]LogConfig: Setting CVar [[r.DOF.Gather.AccumulatorQuality:1        ; higher gathering accumulator quality]]
[2020.12.10-17.37.30:142][  0]LogConfig: Setting CVar [[r.DOF.Gather.PostfilterMethod:1          ; Median3x3 postfilering method]]
[2020.12.10-17.37.30:142][  0]LogConfig: Setting CVar [[r.DOF.Gather.EnableBokehSettings:0       ; no bokeh simulation when gathering]]
[2020.12.10-17.37.30:142][  0]LogConfig: Setting CVar [[r.DOF.Gather.RingCount:4                 ; medium number of samples when gathering]]
[2020.12.10-17.37.30:142][  0]LogConfig: Setting CVar [[r.DOF.Scatter.ForegroundCompositing:1    ; additive foreground scattering]]
[2020.12.10-17.37.30:142][  0]LogConfig: Setting CVar [[r.DOF.Scatter.BackgroundCompositing:2    ; additive background scattering]]
[2020.12.10-17.37.30:142][  0]LogConfig: Setting CVar [[r.DOF.Scatter.EnableBokehSettings:1      ; bokeh simulation when scattering]]
[2020.12.10-17.37.30:142][  0]LogConfig: Setting CVar [[r.DOF.Scatter.MaxSpriteRatio:0.1         ; only a maximum of 10% of scattered bokeh]]
[2020.12.10-17.37.30:142][  0]LogConfig: Setting CVar [[r.DOF.Recombine.Quality:1                ; cheap slight out of focus]]
[2020.12.10-17.37.30:142][  0]LogConfig: Setting CVar [[r.DOF.Recombine.EnableBokehSettings:0    ; no bokeh simulation on slight out of focus]]
[2020.12.10-17.37.30:142][  0]LogConfig: Setting CVar [[r.DOF.TemporalAAQuality:1                ; more stable temporal accumulation]]
[2020.12.10-17.37.30:142][  0]LogConfig: Setting CVar [[r.DOF.Kernel.MaxForegroundRadius:0.025]]
[2020.12.10-17.37.30:142][  0]LogConfig: Setting CVar [[r.DOF.Kernel.MaxBackgroundRadius:0.025]]
[2020.12.10-17.37.30:142][  0]LogConfig: Applying CVar settings from Section [TextureQuality@3] File [C:/Users/Matthew/Documents/GitHub/Null/Saved/Config/Windows/Scalability.ini]
[2020.12.10-17.37.30:142][  0]LogConfig: Setting CVar [[r.Streaming.MipBias:0]]
[2020.12.10-17.37.30:142][  0]LogConfig: Setting CVar [[r.Streaming.AmortizeCPUToGPUCopy:0]]
[2020.12.10-17.37.30:142][  0]LogConfig: Setting CVar [[r.Streaming.MaxNumTexturesToStreamPerFrame:0]]
[2020.12.10-17.37.30:142][  0]LogConfig: Setting CVar [[r.Streaming.Boost:1]]
[2020.12.10-17.37.30:142][  0]LogConfig: Setting CVar [[r.MaxAnisotropy:8]]
[2020.12.10-17.37.30:142][  0]LogConfig: Setting CVar [[r.VT.MaxAnisotropy:8]]
[2020.12.10-17.37.30:142][  0]LogConfig: Setting CVar [[r.Streaming.LimitPoolSizeToVRAM:0]]
[2020.12.10-17.37.30:142][  0]LogConfig: Setting CVar [[r.Streaming.PoolSize:1000]]
[2020.12.10-17.37.30:142][  0]LogConfig: Setting CVar [[r.Streaming.MaxEffectiveScreenSize:0]]
[2020.12.10-17.37.30:142][  0]LogConfig: Applying CVar settings from Section [EffectsQuality@3] File [C:/Users/Matthew/Documents/GitHub/Null/Saved/Config/Windows/Scalability.ini]
[2020.12.10-17.37.30:142][  0]LogConfig: Setting CVar [[r.TranslucencyLightingVolumeDim:64]]
[2020.12.10-17.37.30:142][  0]LogConfig: Setting CVar [[r.RefractionQuality:2]]
[2020.12.10-17.37.30:142][  0]LogConfig: Setting CVar [[r.SSR.Quality:3]]
[2020.12.10-17.37.30:142][  0]LogConfig: Setting CVar [[r.SSR.HalfResSceneColor:0]]
[2020.12.10-17.37.30:142][  0]LogConfig: Setting CVar [[r.SceneColorFormat:4]]
[2020.12.10-17.37.30:142][  0]LogConfig: Setting CVar [[r.DetailMode:2]]
[2020.12.10-17.37.30:142][  0]LogConfig: Setting CVar [[r.TranslucencyVolumeBlur:1]]
[2020.12.10-17.37.30:142][  0]LogConfig: Setting CVar [[r.MaterialQualityLevel:1 ; High quality]]
[2020.12.10-17.37.30:142][  0]LogConfig: Setting CVar [[r.SSS.Scale:1]]
[2020.12.10-17.37.30:142][  0]LogConfig: Setting CVar [[r.SSS.SampleSet:2]]
[2020.12.10-17.37.30:142][  0]LogConfig: Setting CVar [[r.SSS.Quality:1]]
[2020.12.10-17.37.30:142][  0]LogConfig: Setting CVar [[r.SSS.HalfRes:0]]
[2020.12.10-17.37.30:142][  0]LogConfig: Setting CVar [[r.SSGI.Quality:3]]
[2020.12.10-17.37.30:142][  0]LogConfig: Setting CVar [[r.EmitterSpawnRateScale:1.0]]
[2020.12.10-17.37.30:142][  0]LogConfig: Setting CVar [[r.ParticleLightQuality:2]]
[2020.12.10-17.37.30:142][  0]LogConfig: Setting CVar [[r.SkyAtmosphere.AerialPerspectiveLUT.FastApplyOnOpaque:1 ; Always have FastSkyLUT 1 in this case to avoid wrong sky]]
[2020.12.10-17.37.30:142][  0]LogConfig: Setting CVar [[r.SkyAtmosphere.AerialPerspectiveLUT.SampleCountPerSlice:1]]
[2020.12.10-17.37.30:142][  0]LogConfig: Setting CVar [[r.SkyAtmosphere.AerialPerspectiveLUT.DepthResolution:16.0]]
[2020.12.10-17.37.30:142][  0]LogConfig: Setting CVar [[r.SkyAtmosphere.FastSkyLUT:1]]
[2020.12.10-17.37.30:142][  0]LogConfig: Setting CVar [[r.SkyAtmosphere.FastSkyLUT.SampleCountMin:4.0]]
[2020.12.10-17.37.30:143][  0]LogConfig: Setting CVar [[r.SkyAtmosphere.FastSkyLUT.SampleCountMax:32.0]]
[2020.12.10-17.37.30:143][  0]LogConfig: Setting CVar [[r.SkyAtmosphere.SampleCountMin:4.0]]
[2020.12.10-17.37.30:143][  0]LogConfig: Setting CVar [[r.SkyAtmosphere.SampleCountMax:32.0]]
[2020.12.10-17.37.30:143][  0]LogConfig: Setting CVar [[r.SkyAtmosphere.TransmittanceLUT.UseSmallFormat:0]]
[2020.12.10-17.37.30:143][  0]LogConfig: Setting CVar [[r.SkyAtmosphere.TransmittanceLUT.SampleCount:10.0]]
[2020.12.10-17.37.30:143][  0]LogConfig: Setting CVar [[r.SkyAtmosphere.MultiScatteringLUT.SampleCount:15.0]]
[2020.12.10-17.37.30:143][  0]LogConfig: Applying CVar settings from Section [FoliageQuality@3] File [C:/Users/Matthew/Documents/GitHub/Null/Saved/Config/Windows/Scalability.ini]
[2020.12.10-17.37.30:143][  0]LogConfig: Setting CVar [[foliage.DensityScale:1.0]]
[2020.12.10-17.37.30:143][  0]LogConfig: Setting CVar [[grass.DensityScale:1.0]]
[2020.12.10-17.37.30:143][  0]LogConfig: Applying CVar settings from Section [ShadingQuality@3] File [C:/Users/Matthew/Documents/GitHub/Null/Saved/Config/Windows/Scalability.ini]
[2020.12.10-17.37.30:143][  0]LogConfig: Setting CVar [[r.HairStrands.SkyLighting.SampleCount:16]]
[2020.12.10-17.37.30:143][  0]LogConfig: Setting CVar [[r.HairStrands.SkyLighting.JitterIntegration:0]]
[2020.12.10-17.37.30:143][  0]LogConfig: Setting CVar [[r.HairStrands.SkyAO.SampleCount:16]]
[2020.12.10-17.37.30:143][  0]LogConfig: Setting CVar [[r.HairStrands.DeepShadow.SuperSampling:0]]
[2020.12.10-17.37.30:143][  0]LogConfig: Setting CVar [[r.HairStrands.VisibilityPPLL:0]]
[2020.12.10-17.37.30:143][  0]LogConfig: Setting CVar [[r.HairStrands.RasterizationScale:0.5]]
[2020.12.10-17.37.30:143][  0]LogConfig: Setting CVar [[r.HairStrands.VelocityRasterizationScale:1]]
[2020.12.10-17.37.30:143][  0]LogConfig: Applying CVar settings from Section [Startup] File [../../../Engine/Config/ConsoleVariables.ini]
[2020.12.10-17.37.30:143][  0]LogConfig: Setting CVar [[net.UseAdaptiveNetUpdateFrequency:0]]
[2020.12.10-17.37.30:143][  0]LogConfig: Setting CVar [[p.chaos.AllowCreatePhysxBodies:1]]
[2020.12.10-17.37.30:143][  0]LogConfig: Setting CVar [[fx.SkipVectorVMBackendOptimizations:1]]
[2020.12.10-17.37.30:143][  0]LogConfig: Applying CVar settings from Section [ConsoleVariables] File [C:/Users/Matthew/Documents/GitHub/Null/Saved/Config/Windows/Engine.ini]
[2020.12.10-17.37.30:143][  0]LogInit: Computer: DESKTOP-PNS0Q25
[2020.12.10-17.37.30:143][  0]LogInit: User: Matthew
[2020.12.10-17.37.30:143][  0]LogInit: CPU Page size=4096, Cores=8
[2020.12.10-17.37.30:143][  0]LogInit: High frequency timer resolution =10.000000 MHz
[2020.12.10-17.37.30:143][  0]LogMemory: Memory total: Physical=16.0GB (16GB approx)
[2020.12.10-17.37.30:143][  0]LogMemory: Platform Memory Stats for Windows
[2020.12.10-17.37.30:143][  0]LogMemory: Process Physical Memory: 119.80 MB used, 119.80 MB peak
[2020.12.10-17.37.30:143][  0]LogMemory: Process Virtual Memory: 114.30 MB used, 114.30 MB peak
[2020.12.10-17.37.30:143][  0]LogMemory: Physical Memory: 9569.85 MB used,  6765.23 MB free, 16335.08 MB total
[2020.12.10-17.37.30:143][  0]LogMemory: Virtual Memory: 5201.71 MB used,  134212528.00 MB free, 134217728.00 MB total
[2020.12.10-17.37.30:149][  0]LogWindows: WindowsPlatformFeatures enabled
[2020.12.10-17.37.30:197][  0]LogInit: Physics initialised using underlying interface: PhysX
[2020.12.10-17.37.30:197][  0]LogInit: Using OS detected language (en-US).
[2020.12.10-17.37.30:197][  0]LogInit: Using OS detected locale (en-US).
[2020.12.10-17.37.30:199][  0]LogTextLocalizationManager: No specific localization for 'en-US' exists, so the 'en' localization will be used.
[2020.12.10-17.37.30:410][  0]LogSlate: New Slate User Created.  User Index 0, Is Virtual User: 0
[2020.12.10-17.37.30:410][  0]LogSlate: Slate User Registered.  User Index 0, Is Virtual User: 0
[2020.12.10-17.37.30:421][  0]LogHMD: Failed to initialize OpenVR with code 110
[2020.12.10-17.37.30:421][  0]LogD3D11RHI: D3D11 min allowed feature level: 11_0
[2020.12.10-17.37.30:421][  0]LogD3D11RHI: D3D11 max allowed feature level: 11_0
[2020.12.10-17.37.30:421][  0]LogD3D11RHI: D3D11 adapters:
[2020.12.10-17.37.30:526][  0]LogD3D11RHI:    0. 'NVIDIA GeForce GTX 1080' (Feature Level 11_0)
[2020.12.10-17.37.30:526][  0]LogD3D11RHI:       8079/0/8167 MB DedicatedVideo/DedicatedSystem/SharedSystem, Outputs:2, VendorId:0x10de
[2020.12.10-17.37.30:529][  0]LogD3D11RHI:    1. 'Microsoft Basic Render Driver' (Feature Level 11_0)
[2020.12.10-17.37.30:529][  0]LogD3D11RHI:       0/0/8167 MB DedicatedVideo/DedicatedSystem/SharedSystem, Outputs:0, VendorId:0x1414
[2020.12.10-17.37.30:529][  0]LogD3D11RHI: Chosen D3D11 Adapter: 0
[2020.12.10-17.37.30:539][  0]LogD3D11RHI: Creating new Direct3DDevice
[2020.12.10-17.37.30:539][  0]LogD3D11RHI:     GPU DeviceId: 0x1b80 (for the marketing name, search the web for "GPU Device Id")
[2020.12.10-17.37.30:539][  0]LogWindows: EnumDisplayDevices:
[2020.12.10-17.37.30:539][  0]LogWindows:    0. 'NVIDIA GeForce GTX 1080' (P:1 D:1)
[2020.12.10-17.37.30:540][  0]LogWindows:    1. 'NVIDIA GeForce GTX 1080' (P:0 D:1)
[2020.12.10-17.37.30:540][  0]LogWindows:    2. 'NVIDIA GeForce GTX 1080' (P:0 D:0)
[2020.12.10-17.37.30:540][  0]LogWindows:    3. 'NVIDIA GeForce GTX 1080' (P:0 D:0)
[2020.12.10-17.37.30:540][  0]LogWindows: DebugString: FoundDriverCount:4 
[2020.12.10-17.37.30:540][  0]LogD3D11RHI:     Adapter Name: NVIDIA GeForce GTX 1080
[2020.12.10-17.37.30:540][  0]LogD3D11RHI:   Driver Version: 460.79 (internal:27.21.14.6079, unified:460.79)
[2020.12.10-17.37.30:540][  0]LogD3D11RHI:      Driver Date: 12-3-2020
[2020.12.10-17.37.30:540][  0]LogRHI: Texture pool is 5655 MB (70% of 8079 MB)
[2020.12.10-17.37.30:615][  0]LogD3D11RHI: RHI has support for 64 bit atomics
[2020.12.10-17.37.30:615][  0]LogD3D11RHI: Async texture creation enabled
[2020.12.10-17.37.30:615][  0]LogD3D11RHI: Array index from any shader is supported
[2020.12.10-17.37.30:617][  0]LogD3D11RHI: HDR output is supported on display 0 (NvId: 0x80061081).
[2020.12.10-17.37.30:634][  0]LogD3D11RHI: GPU Timing Frequency: 1000.000000 (Debug: 2 1)
[2020.12.10-17.37.30:936][  0]LogTargetPlatformManager: Display: Loaded TargetPlatform 'WindowsNoEditor'
[2020.12.10-17.37.30:941][  0]LogTargetPlatformManager: Display: Loaded TargetPlatform 'Windows'
[2020.12.10-17.37.30:952][  0]LogTargetPlatformManager: Display: Loaded TargetPlatform 'WindowsClient'
[2020.12.10-17.37.30:961][  0]LogTargetPlatformManager: Display: Loaded TargetPlatform 'WindowsServer'
[2020.12.10-17.37.30:961][  0]LogTargetPlatformManager: Display: Building Assets For Windows
[2020.12.10-17.37.30:969][  0]LogAudioDebug: Display: Lib vorbis DLL was dynamically loaded.
[2020.12.10-17.37.31:024][  0]LogShaderCompilers: Guid format shader working directory is 9 characters bigger than the processId version (C:/Users/Matthew/Documents/GitHub/Null/Intermediate/Shaders/WorkingDirectory/22436/).
[2020.12.10-17.37.31:025][  0]LogShaderCompilers: Cleaned the shader compiler working directory 'C:/Users/Matthew/AppData/Local/Temp/UnrealShaderWorkingDir/F44F66BD4E5D0B426EE5A4930F28B088/'.
[2020.12.10-17.37.31:025][  0]LogXGEController: Cannot use XGE Controller as Incredibuild is not installed on this machine.
[2020.12.10-17.37.31:025][  0]LogShaderCompilers: Cannot use XGE Shader Compiler as Incredibuild is not installed on this machine.
[2020.12.10-17.37.31:025][  0]LogShaderCompilers: Display: Using Local Shader Compiler.
[2020.12.10-17.37.31:832][  0]LogDerivedDataCache: Display: Max Cache Size: 512 MB
[2020.12.10-17.37.31:884][  0]LogDerivedDataCache: Loaded boot cache 0.05s 75MB C:/Users/Matthew/AppData/Local/UnrealEngine/4.25/DerivedDataCache/Boot.ddc.
[2020.12.10-17.37.31:884][  0]LogDerivedDataCache: Display: Loaded Boot cache: C:/Users/Matthew/AppData/Local/UnrealEngine/4.25/DerivedDataCache/Boot.ddc
[2020.12.10-17.37.31:884][  0]LogDerivedDataCache: FDerivedDataBackendGraph:  Pak pak cache file C:/Users/Matthew/Documents/GitHub/Null/DerivedDataCache/DDC.ddp not found, will not use a pak cache.
[2020.12.10-17.37.31:884][  0]LogDerivedDataCache: Unable to find inner node Pak for hierarchical cache Hierarchy.
[2020.12.10-17.37.31:884][  0]LogDerivedDataCache: FDerivedDataBackendGraph:  CompressedPak pak cache file C:/Users/Matthew/Documents/GitHub/Null/DerivedDataCache/Compressed.ddp not found, will not use a pak cache.
[2020.12.10-17.37.31:884][  0]LogDerivedDataCache: Unable to find inner node CompressedPak for hierarchical cache Hierarchy.
[2020.12.10-17.37.31:896][  0]LogDerivedDataCache: Display: Pak cache opened for reading ../../../Engine/DerivedDataCache/Compressed.ddp.
[2020.12.10-17.37.31:896][  0]LogDerivedDataCache: FDerivedDataBackendGraph:  EnterprisePak pak cache file ../../../Enterprise/DerivedDataCache/Compressed.ddp not found, will not use a pak cache.
[2020.12.10-17.37.31:896][  0]LogDerivedDataCache: Unable to find inner node EnterprisePak for hierarchical cache Hierarchy.
[2020.12.10-17.37.31:897][  0]LogDerivedDataCache: Using Local data cache path C:/Users/Matthew/AppData/Local/UnrealEngine/Common/DerivedDataCache: Writable
[2020.12.10-17.37.31:897][  0]LogDerivedDataCache: Shared data cache path not found in *engine.ini, will not use an Shared cache.
[2020.12.10-17.37.31:897][  0]LogDerivedDataCache: Unable to find inner node Shared for hierarchical cache Hierarchy.
[2020.12.10-17.37.31:976][  0]LogSlate: Using FreeType 2.10.0
[2020.12.10-17.37.31:976][  0]LogSlate: SlateFontServices - WITH_FREETYPE: 1, WITH_HARFBUZZ: 1
[2020.12.10-17.37.32:079][  0]LogInit: Using OS detected language (en-US).
[2020.12.10-17.37.32:079][  0]LogInit: Using OS detected locale (en-US).
[2020.12.10-17.37.32:079][  0]LogTextLocalizationManager: No localization for 'en-US' exists, so 'en' will be used for the language.
[2020.12.10-17.37.32:079][  0]LogTextLocalizationManager: No localization for 'en-US' exists, so 'en' will be used for the locale.
[2020.12.10-17.37.32:079][  0]LogSlate: FontCache flush requested. Reason: Culture for localization was changed
[2020.12.10-17.37.32:079][  0]LogSlate: FontCache flush requested. Reason: Culture for localization was changed
[2020.12.10-17.37.32:080][  0]LogTextLocalizationManager: Compacting localization data took   0.00ms
[2020.12.10-17.37.32:084][  0]LogAssetRegistry: FAssetRegistry took 0.0024 seconds to start up
[2020.12.10-17.37.32:297][  0]LogPackageLocalizationCache: Processed 19 localized package path(s) for 1 prioritized culture(s) in 0.000896 seconds
[2020.12.10-17.37.32:347][  0]LogInit: Selected Device Profile: [Windows]
[2020.12.10-17.37.32:453][  0]LogMeshReduction: Using QuadricMeshReduction for automatic static mesh reduction
[2020.12.10-17.37.32:453][  0]LogMeshReduction: Using SimplygonMeshReduction for automatic skeletal mesh reduction
[2020.12.10-17.37.32:453][  0]LogMeshReduction: Using ProxyLODMeshReduction for automatic mesh merging
[2020.12.10-17.37.32:453][  0]LogMeshReduction: No distributed automatic mesh merging module available
[2020.12.10-17.37.32:453][  0]LogMeshMerging: No distributed automatic mesh merging module available
[2020.12.10-17.37.32:470][  0]LogNetVersion: Null 1.0.0, NetCL: 13144385, EngineNetVer: 14, GameNetVer: 0 (Checksum: 2551723397)
[2020.12.10-17.37.32:722][  0]LogAISub: UAISubsystem::UAISubsystem AISubsystem (00000271D476B880), frame # 0
[2020.12.10-17.37.32:722][  0]LogAISub: UAISubsystem::UAISubsystem AIPerceptionSystem (00000271D4794540), frame # 0
[2020.12.10-17.37.32:724][  0]LogAISub: UAISubsystem::UAISubsystem EnvQueryManager (00000271D47D0C00), frame # 0
[2020.12.10-17.37.32:834][  0]LogCollectionManager: Loaded 0 collections in 0.000906 seconds
[2020.12.10-17.37.32:869][  0]LogFileCache: Scanning file cache for directory 'C:/Users/Matthew/Documents/GitHub/Null/Saved/Collections/' took 0.00s
[2020.12.10-17.37.32:869][  0]LogFileCache: Scanning file cache for directory 'C:/Users/Matthew/Documents/GitHub/Null/Content/Developers/Matthew/Collections/' took 0.00s
[2020.12.10-17.37.32:869][  0]LogFileCache: Scanning file cache for directory 'C:/Users/Matthew/Documents/GitHub/Null/Content/Collections/' took 0.00s
[2020.12.10-17.37.32:869][  0]LogCollectionManager: Fixed up redirectors for 0 collections in 0.000003 seconds (updated 0 objects)
[2020.12.10-17.37.32:946][  0]LogMoviePlayer: Initializing movie player
[2020.12.10-17.37.33:130][  0]LogTcpMessaging: Initializing TcpMessaging bridge
[2020.12.10-17.37.33:133][  0]LogUdpMessaging: Initializing bridge on interface 0.0.0.0:0 to multicast group 230.0.0.1:6666.
[2020.12.10-17.37.33:197][  0]SourceControl: Source control is disabled
[2020.12.10-17.37.33:197][  0]SourceControl: Source control is disabled
[2020.12.10-17.37.33:203][  0]SourceControl: Source control is disabled
[2020.12.10-17.37.33:216][  0]LogVSAccessor: Display: Unable to create Visual Studio setup instance: 80040154
[2020.12.10-17.37.33:217][  0]LogVSAccessor: Display: Unable to create Visual Studio setup instance: 80040154
[2020.12.10-17.37.33:330][  0]LogAndroidPermission: UAndroidPermissionCallbackProxy::GetInstance
[2020.12.10-17.37.33:348][  0]LogAudioCaptureCore: Display: No Audio Capture implementations found. Audio input will be silent.
[2020.12.10-17.37.33:348][  0]LogAudioCaptureCore: Display: No Audio Capture implementations found. Audio input will be silent.
[2020.12.10-17.37.33:393][  0]LogOcInput: OculusInput pre-init called
[2020.12.10-17.37.33:421][  0]LogUObjectArray: 19064 objects as part of root set at end of initial load.
[2020.12.10-17.37.33:421][  0]LogUObjectAllocator: 5015424 out of 0 bytes used by permanent object pool.
[2020.12.10-17.37.33:421][  0]LogUObjectArray: CloseDisregardForGC: 0/0 objects in disregard for GC pool
[2020.12.10-17.37.33:467][  0]LogEngine: Initializing Engine...
[2020.12.10-17.37.33:475][  0]LogHMD: Failed to initialize OpenVR with code 110
[2020.12.10-17.37.33:475][  0]LogMagicLeap: Warning: VR disabled because ZI is not enabled.  To enable, in the editor, Edit -> Project Settings -> Plugins -> Magic Leap Plugin -> Enable Zero Iteration
[2020.12.10-17.37.33:477][  0]LogStats: UGameplayTagsManager::InitializeManager -  0.000 s
[2020.12.10-17.37.33:571][  0]LogInit: Initializing FReadOnlyCVARCache
[2020.12.10-17.37.33:575][  0]LogAudioMixer: Display: Audio Mixer Platform Settings:
[2020.12.10-17.37.33:575][  0]LogAudioMixer: Display: 	Sample Rate:						  48000
[2020.12.10-17.37.33:576][  0]LogAudioMixer: Display: 	Callback Buffer Frame Size Requested: 1024
[2020.12.10-17.37.33:576][  0]LogAudioMixer: Display: 	Callback Buffer Frame Size To Use:	  1024
[2020.12.10-17.37.33:576][  0]LogAudioMixer: Display: 	Number of buffers to queue:			  2
[2020.12.10-17.37.33:576][  0]LogAudioMixer: Display: 	Max Channels (voices):				  32
[2020.12.10-17.37.33:576][  0]LogAudioMixer: Display: 	Number of Async Source Workers:		  0
[2020.12.10-17.37.33:576][  0]LogAudio: Display: AudioDevice MaxSources: 32
[2020.12.10-17.37.33:576][  0]LogAudio: Display: Using built-in audio occlusion.
[2020.12.10-17.37.33:576][  0]LogAudioMixer: Display: Initializing audio mixer.
[2020.12.10-17.37.33:586][  0]LogAudioMixer: Display: 0: FrontLeft
[2020.12.10-17.37.33:586][  0]LogAudioMixer: Display: 1: FrontRight
[2020.12.10-17.37.33:618][  0]LogAudioMixer: Display: Using Audio Device Speakers (HyperX Cloud Stinger Core Wireless + 7.1)
[2020.12.10-17.37.33:625][  0]LogAudioMixer: Display: Initializing Sound Submixes...
[2020.12.10-17.37.33:626][  0]LogAudioMixer: Display: Creating Master Submix 'MasterSubmixDefault'
[2020.12.10-17.37.33:626][  0]LogAudioMixer: Display: Creating Master Submix 'MasterReverbSubmixDefault'
[2020.12.10-17.37.33:627][  0]LogAudioMixer: Display: Creating Master Submix 'MasterEQSubmixDefault'
[2020.12.10-17.37.33:628][  0]LogInit: FAudioDevice initialized.
[2020.12.10-17.37.33:630][  0]LogNetVersion: Set ProjectVersion to 1.0.0.0. Version Checksum will be recalculated on next use.
[2020.12.10-17.37.33:630][  0]LogInit: Texture streaming: Enabled
[2020.12.10-17.37.33:789][  0]LogSlate: Updating window title bar state: overlay mode, drag disabled, window buttons hidden, title bar hidden
[2020.12.10-17.37.33:790][  0]LogInit: Display: Game Engine Initialized.
[2020.12.10-17.37.33:810][  0]LogNiagaraEditor: Warning: GEditor isn't valid! Particle reset commands will not work for Niagara components!
[2020.12.10-17.37.33:864][  0]LogInit: Display: Starting Game.
[2020.12.10-17.37.33:864][  0]LogNet: Browse: /Game/Maps/LEVEL_ONE_FINAL?Name=Player
[2020.12.10-17.37.33:867][  0]LogLoad: LoadMap: /Game/Maps/LEVEL_ONE_FINAL?Name=Player
[2020.12.10-17.37.33:867][  0]LogWorld: BeginTearingDown for /Temp/Untitled_0
[2020.12.10-17.37.33:868][  0]LogWorld: UWorld::CleanupWorld for Untitled, bSessionEnded=true, bCleanupResources=true
[2020.12.10-17.37.33:868][  0]LogSlate: InvalidateAllWidgets triggered.  All widgets were invalidated
[2020.12.10-17.37.33:884][  0]LogUObjectHash: Compacting FUObjectHashTables data took   0.65ms
[2020.12.10-17.37.34:527][  0]LogAIModule: Creating AISystem for world LEVEL_ONE_FINAL
[2020.12.10-17.37.34:527][  0]LogAISub: UAISubsystem::UAISubsystem EnvQueryManager (00000271C9DA7000), frame # 0
[2020.12.10-17.37.34:527][  0]LogAISub: UAISubsystem::UAISubsystem AIPerceptionSystem (00000271C9D90B80), frame # 0
[2020.12.10-17.37.34:527][  0]LogLoad: Game class is 'ThirdPersonGameMode_C'
[2020.12.10-17.37.34:533][  0]LogPhysics: Warning: Scale for /Game/Maps/LEVEL_ONE_FINAL.LEVEL_ONE_FINAL:PersistentLevel.Cube61_2.StaticMeshComponent0 has a component set to zero, which will result in a bad body instance. Scale:X=4.500 Y=4.500 Z=0.000
[2020.12.10-17.37.34:533][  0]LogPhysics: Warning: Scale for /Game/Maps/LEVEL_ONE_FINAL.LEVEL_ONE_FINAL:PersistentLevel.Cube96.StaticMeshComponent0 has a component set to zero, which will result in a bad body instance. Scale:X=4.500 Y=4.500 Z=0.000
[2020.12.10-17.37.34:534][  0]LogPhysics: Warning: Scale for /Game/Maps/LEVEL_ONE_FINAL.LEVEL_ONE_FINAL:PersistentLevel.Cube97.StaticMeshComponent0 has a component set to zero, which will result in a bad body instance. Scale:X=4.500 Y=4.500 Z=0.000
[2020.12.10-17.37.34:534][  0]LogPhysics: Warning: Scale for /Game/Maps/LEVEL_ONE_FINAL.LEVEL_ONE_FINAL:PersistentLevel.Cube98.StaticMeshComponent0 has a component set to zero, which will result in a bad body instance. Scale:X=4.500 Y=4.500 Z=0.000
[2020.12.10-17.37.34:534][  0]LogPhysics: Warning: Scale for /Game/Maps/LEVEL_ONE_FINAL.LEVEL_ONE_FINAL:PersistentLevel.Cube99.StaticMeshComponent0 has a component set to zero, which will result in a bad body instance. Scale:X=4.500 Y=4.500 Z=0.000
[2020.12.10-17.37.34:534][  0]LogPhysics: Warning: Scale for /Game/Maps/LEVEL_ONE_FINAL.LEVEL_ONE_FINAL:PersistentLevel.Cube100.StaticMeshComponent0 has a component set to zero, which will result in a bad body instance. Scale:X=4.500 Y=4.500 Z=0.000
[2020.12.10-17.37.34:534][  0]LogPhysics: Warning: Scale for /Game/Maps/LEVEL_ONE_FINAL.LEVEL_ONE_FINAL:PersistentLevel.Cube101.StaticMeshComponent0 has a component set to zero, which will result in a bad body instance. Scale:X=4.500 Y=4.500 Z=0.000
[2020.12.10-17.37.34:534][  0]LogPhysics: Warning: Scale for /Game/Maps/LEVEL_ONE_FINAL.LEVEL_ONE_FINAL:PersistentLevel.Cube102.StaticMeshComponent0 has a component set to zero, which will result in a bad body instance. Scale:X=4.500 Y=4.500 Z=0.000
[2020.12.10-17.37.34:534][  0]LogPhysics: Warning: Scale for /Game/Maps/LEVEL_ONE_FINAL.LEVEL_ONE_FINAL:PersistentLevel.Cube103.StaticMeshComponent0 has a component set to zero, which will result in a bad body instance. Scale:X=4.500 Y=4.500 Z=0.000
[2020.12.10-17.37.34:534][  0]LogPhysics: Warning: Scale for /Game/Maps/LEVEL_ONE_FINAL.LEVEL_ONE_FINAL:PersistentLevel.Cube104_32.StaticMeshComponent0 has a component set to zero, which will result in a bad body instance. Scale:X=4.500 Y=4.500 Z=0.000
[2020.12.10-17.37.34:534][  0]LogPhysics: Warning: Scale for /Game/Maps/LEVEL_ONE_FINAL.LEVEL_ONE_FINAL:PersistentLevel.Cube105.StaticMeshComponent0 has a component set to zero, which will result in a bad body instance. Scale:X=4.500 Y=4.500 Z=0.000
[2020.12.10-17.37.34:534][  0]LogPhysics: Warning: Scale for /Game/Maps/LEVEL_ONE_FINAL.LEVEL_ONE_FINAL:PersistentLevel.Cube106.StaticMeshComponent0 has a component set to zero, which will result in a bad body instance. Scale:X=4.500 Y=4.500 Z=0.000
[2020.12.10-17.37.34:534][  0]LogPhysics: Warning: Scale for /Game/Maps/LEVEL_ONE_FINAL.LEVEL_ONE_FINAL:PersistentLevel.Cube107.StaticMeshComponent0 has a component set to zero, which will result in a bad body instance. Scale:X=4.500 Y=4.500 Z=0.000
[2020.12.10-17.37.34:534][  0]LogPhysics: Warning: Scale for /Game/Maps/LEVEL_ONE_FINAL.LEVEL_ONE_FINAL:PersistentLevel.Cube108.StaticMeshComponent0 has a component set to zero, which will result in a bad body instance. Scale:X=4.500 Y=4.500 Z=0.000
[2020.12.10-17.37.34:534][  0]LogPhysics: Warning: Scale for /Game/Maps/LEVEL_ONE_FINAL.LEVEL_ONE_FINAL:PersistentLevel.Cube109.StaticMeshComponent0 has a component set to zero, which will result in a bad body instance. Scale:X=4.500 Y=4.500 Z=0.000
[2020.12.10-17.37.34:534][  0]LogPhysics: Warning: Scale for /Game/Maps/LEVEL_ONE_FINAL.LEVEL_ONE_FINAL:PersistentLevel.Cube110.StaticMeshComponent0 has a component set to zero, which will result in a bad body instance. Scale:X=4.500 Y=4.500 Z=0.000
[2020.12.10-17.37.34:534][  0]LogPhysics: Warning: Scale for /Game/Maps/LEVEL_ONE_FINAL.LEVEL_ONE_FINAL:PersistentLevel.Cube111.StaticMeshComponent0 has a component set to zero, which will result in a bad body instance. Scale:X=4.500 Y=4.500 Z=0.000
[2020.12.10-17.37.34:534][  0]LogPhysics: Warning: Scale for /Game/Maps/LEVEL_ONE_FINAL.LEVEL_ONE_FINAL:PersistentLevel.Cube112.StaticMeshComponent0 has a component set to zero, which will result in a bad body instance. Scale:X=4.500 Y=4.500 Z=0.000
[2020.12.10-17.37.34:534][  0]LogPhysics: Warning: Scale for /Game/Maps/LEVEL_ONE_FINAL.LEVEL_ONE_FINAL:PersistentLevel.Cube113.StaticMeshComponent0 has a component set to zero, which will result in a bad body instance. Scale:X=4.500 Y=4.500 Z=0.000
[2020.12.10-17.37.34:534][  0]LogPhysics: Warning: Scale for /Game/Maps/LEVEL_ONE_FINAL.LEVEL_ONE_FINAL:PersistentLevel.Cube114.StaticMeshComponent0 has a component set to zero, which will result in a bad body instance. Scale:X=4.500 Y=4.500 Z=0.000
[2020.12.10-17.37.34:534][  0]LogPhysics: Warning: Scale for /Game/Maps/LEVEL_ONE_FINAL.LEVEL_ONE_FINAL:PersistentLevel.Cube115.StaticMeshComponent0 has a component set to zero, which will result in a bad body instance. Scale:X=4.500 Y=4.500 Z=0.000
[2020.12.10-17.37.34:534][  0]LogPhysics: Warning: Scale for /Game/Maps/LEVEL_ONE_FINAL.LEVEL_ONE_FINAL:PersistentLevel.Cube116.StaticMeshComponent0 has a component set to zero, which will result in a bad body instance. Scale:X=4.500 Y=4.500 Z=0.000
[2020.12.10-17.37.34:534][  0]LogPhysics: Warning: Scale for /Game/Maps/LEVEL_ONE_FINAL.LEVEL_ONE_FINAL:PersistentLevel.Cube117.StaticMeshComponent0 has a component set to zero, which will result in a bad body instance. Scale:X=4.500 Y=4.500 Z=0.000
[2020.12.10-17.37.34:535][  0]LogPhysics: Warning: Scale for /Game/Maps/LEVEL_ONE_FINAL.LEVEL_ONE_FINAL:PersistentLevel.Cube118.StaticMeshComponent0 has a component set to zero, which will result in a bad body instance. Scale:X=4.500 Y=4.500 Z=0.000
[2020.12.10-17.37.34:535][  0]LogPhysics: Warning: Scale for /Game/Maps/LEVEL_ONE_FINAL.LEVEL_ONE_FINAL:PersistentLevel.Cube119.StaticMeshComponent0 has a component set to zero, which will result in a bad body instance. Scale:X=4.500 Y=4.500 Z=0.000
[2020.12.10-17.37.34:535][  0]LogPhysics: Warning: Scale for /Game/Maps/LEVEL_ONE_FINAL.LEVEL_ONE_FINAL:PersistentLevel.Cube120.StaticMeshComponent0 has a component set to zero, which will result in a bad body instance. Scale:X=4.500 Y=4.500 Z=0.000
[2020.12.10-17.37.34:535][  0]LogPhysics: Warning: Scale for /Game/Maps/LEVEL_ONE_FINAL.LEVEL_ONE_FINAL:PersistentLevel.Cube121.StaticMeshComponent0 has a component set to zero, which will result in a bad body instance. Scale:X=4.500 Y=4.500 Z=0.000
[2020.12.10-17.37.34:535][  0]LogPhysics: Warning: Scale for /Game/Maps/LEVEL_ONE_FINAL.LEVEL_ONE_FINAL:PersistentLevel.Cube122.StaticMeshComponent0 has a component set to zero, which will result in a bad body instance. Scale:X=4.500 Y=4.500 Z=0.000
[2020.12.10-17.37.34:535][  0]LogPhysics: Warning: Scale for /Game/Maps/LEVEL_ONE_FINAL.LEVEL_ONE_FINAL:PersistentLevel.Cube123.StaticMeshComponent0 has a component set to zero, which will result in a bad body instance. Scale:X=4.500 Y=4.500 Z=0.000
[2020.12.10-17.37.34:535][  0]LogPhysics: Warning: Scale for /Game/Maps/LEVEL_ONE_FINAL.LEVEL_ONE_FINAL:PersistentLevel.Cube124.StaticMeshComponent0 has a component set to zero, which will result in a bad body instance. Scale:X=4.500 Y=4.500 Z=0.000
[2020.12.10-17.37.34:535][  0]LogPhysics: Warning: Scale for /Game/Maps/LEVEL_ONE_FINAL.LEVEL_ONE_FINAL:PersistentLevel.Cube125.StaticMeshComponent0 has a component set to zero, which will result in a bad body instance. Scale:X=4.500 Y=4.500 Z=0.000
[2020.12.10-17.37.34:554][  0]LogWorld: Bringing World /Game/Maps/LEVEL_ONE_FINAL.LEVEL_ONE_FINAL up for play (max tick rate 0) at 2020.12.10-12.37.34
[2020.12.10-17.37.34:560][  0]LogWorld: Bringing up level for play took: 0.031924
[2020.12.10-17.37.34:561][  0]LogGameMode: FindPlayerStart: PATHS NOT DEFINED or NO PLAYERSTART with positive rating
[2020.12.10-17.37.34:588][  0]LogLoad: Took 0.721391 seconds to LoadMap(/Game/Maps/LEVEL_ONE_FINAL)
[2020.12.10-17.37.34:632][  0]LogSlate: Took 0.000166 seconds to synchronously load lazily loaded font '../../../Engine/Content/Slate/Fonts/Roboto-Regular.ttf' (155K)
[2020.12.10-17.37.34:654][  0]LogRenderer: Reallocating scene render targets to support 1280x720 Format 10 NumSamples 1 (Frame:1).
[2020.12.10-17.37.34:654][  0]LogLoad: (Engine Initialization) Total time: 6.15 seconds
[2020.12.10-17.37.34:654][  0]LogLoad: (Engine Initialization) Total Blueprint compile time: 0.00 seconds
[2020.12.10-17.37.34:692][  0]LogContentStreaming: Texture pool size now 1000 MB
[2020.12.10-17.37.34:696][  0]LogSlate: InvalidateAllWidgets triggered.  All widgets were invalidated
[2020.12.10-17.37.34:826][  1]LogSlate: Took 0.000148 seconds to synchronously load lazily loaded font '../../../Engine/Content/Slate/Fonts/Roboto-Regular.ttf' (155K)
[2020.12.10-17.38.09:979][990]LogRenderer: Reallocating scene render targets to support 1828x1368 Format 10 NumSamples 1 (Frame:8992).
[2020.12.10-17.38.21:065][964]LogRenderer: Reallocating scene render targets to support 2216x1248 Format 10 NumSamples 1 (Frame:10967).
[2020.12.10-17.38.22:455][ 60]LogRenderer: Reallocating scene render targets to support 1280x668 Format 10 NumSamples 1 (Frame:11064).
[2020.12.10-17.38.25:373][333]LogRenderer: Reallocating scene render targets to support 1280x1368 Format 10 NumSamples 1 (Frame:11338).
[2020.12.10-17.38.31:092][752]LogBlueprintUserMessages: [Battery_Pickup2_5] 0.3
[2020.12.10-17.38.48:216][403]LogBlueprintUserMessages: [Battery_Pickup_2] 0.6
[2020.12.10-17.38.49:403][733]LogBlueprintUserMessages: [ThirdPersonCharacter_2] Ability Activated
[2020.12.10-17.38.54:402][969]LogBlueprintUserMessages: [ThirdPersonCharacter_2] Ability Ended
[2020.12.10-17.38.55:172][132]LogBlueprintUserMessages: [Fire_Damage6] 0.15
[2020.12.10-17.38.55:670][236]LogScript: Warning: Accessed None trying to read property K2Node_DynamicCast_AsThird_Person_Character
	Fire_Damage_C /Game/Maps/LEVEL_ONE_FINAL.LEVEL_ONE_FINAL:PersistentLevel.Fire_Damage6
	Function /Game/Joeys_Code/Fire_Damage.Fire_Damage_C:ExecuteUbergraph_Fire_Damage:003E
[2020.12.10-17.38.55:670][236]LogScript: Warning: Script call stack:
	Function /Game/Joeys_Code/Fire_Damage.Fire_Damage_C:ExecuteUbergraph_Fire_Damage

[2020.12.10-17.38.55:671][236]LogScript: Warning: Accessed None trying to read property K2Node_DynamicCast_AsThird_Person_Character
	Fire_Damage_C /Game/Maps/LEVEL_ONE_FINAL.LEVEL_ONE_FINAL:PersistentLevel.Fire_Damage6
	Function /Game/Joeys_Code/Fire_Damage.Fire_Damage_C:ExecuteUbergraph_Fire_Damage:006C
[2020.12.10-17.38.55:671][236]LogScript: Warning: Script call stack:
	Function /Game/Joeys_Code/Fire_Damage.Fire_Damage_C:ExecuteUbergraph_Fire_Damage

[2020.12.10-17.38.55:671][236]LogScript: Warning: Attempted to assign to None
	Fire_Damage_C /Game/Maps/LEVEL_ONE_FINAL.LEVEL_ONE_FINAL:PersistentLevel.Fire_Damage6
	Function /Game/Joeys_Code/Fire_Damage.Fire_Damage_C:ExecuteUbergraph_Fire_Damage:0081
[2020.12.10-17.38.55:671][236]LogScript: Warning: Script call stack:
	Function /Game/Joeys_Code/Fire_Damage.Fire_Damage_C:ExecuteUbergraph_Fire_Damage

[2020.12.10-17.38.55:671][236]LogScript: Warning: Accessed None trying to read property K2Node_DynamicCast_AsThird_Person_Character
	Fire_Damage_C /Game/Maps/LEVEL_ONE_FINAL.LEVEL_ONE_FINAL:PersistentLevel.Fire_Damage6
	Function /Game/Joeys_Code/Fire_Damage.Fire_Damage_C:ExecuteUbergraph_Fire_Damage:00AF
[2020.12.10-17.38.55:671][236]LogScript: Warning: Script call stack:
	Function /Game/Joeys_Code/Fire_Damage.Fire_Damage_C:ExecuteUbergraph_Fire_Damage

[2020.12.10-17.38.55:671][236]LogBlueprintUserMessages: [Fire_Damage6] 0.0
[2020.12.10-17.38.55:739][248]LogBlueprintUserMessages: [Fire_Damage2_5] 0.05
[2020.12.10-17.39.04:802][419]LogBlueprintUserMessages: [Battery_Pickup4_11] 0.6
[2020.12.10-17.39.05:724][618]LogBlueprintUserMessages: [ThirdPersonCharacter_2] Ability Activated
[2020.12.10-17.39.10:725][623]LogBlueprintUserMessages: [ThirdPersonCharacter_2] Ability Ended
[2020.12.10-17.39.17:682][ 16]LogWindowsDesktop: Alt-F4 pressed!
[2020.12.10-17.39.17:693][ 16]LogSlate: Window 'Null (64-bit Development PCD3D_SM5) ' being destroyed
[2020.12.10-17.39.17:694][ 16]LogWindowsTextInputMethodSystem: Display: IME system now deactivated.
[2020.12.10-17.39.17:697][ 16]LogSlate: Updating window title bar state: overlay mode, drag disabled, window buttons hidden, title bar hidden
[2020.12.10-17.39.17:697][ 16]LogEngine: All Windows Closed
[2020.12.10-17.39.17:697][ 16]LogWindows: FPlatformMisc::RequestExit(0)
[2020.12.10-17.39.17:697][ 16]LogCore: Engine exit requested (reason: Win RequestExit)
[2020.12.10-17.39.17:900][ 17]LogCore: Engine exit requested (reason: EngineExit() was called; note: exit was already requested)
[2020.12.10-17.39.17:940][ 17]LogAudio: Display: Shutting down audio device while 2 references to it are still alive. For more information, compile with INSTRUMENT_AUDIODEVICE_HANDLES.
[2020.12.10-17.39.17:995][ 17]LogInit: Display: PreExit Game.
[2020.12.10-17.39.18:030][ 17]LogWorld: BeginTearingDown for /Game/Maps/LEVEL_ONE_FINAL
[2020.12.10-17.39.18:031][ 17]LogWorld: UWorld::CleanupWorld for LEVEL_ONE_FINAL, bSessionEnded=true, bCleanupResources=true
[2020.12.10-17.39.18:034][ 17]LogSlate: InvalidateAllWidgets triggered.  All widgets were invalidated
[2020.12.10-17.39.18:561][ 17]LogExit: Preparing to exit.
[2020.12.10-17.39.19:227][ 17]LogMoviePlayer: Shutting down movie player
[2020.12.10-17.39.19:650][ 17]LogSlate: Updating window title bar state: overlay mode, drag disabled, window buttons hidden, title bar hidden
[2020.12.10-17.39.19:708][ 17]LogDemo: Cleaned up 0 splitscreen connections with owner deletion
[2020.12.10-17.39.19:743][ 17]LogExit: Game engine shut down
[2020.12.10-17.39.20:251][ 17]LogAISub: UAISubsystem::~UAISubsystem AISubsystem (00000271D476B880), frame # 24017
[2020.12.10-17.39.20:251][ 17]LogAISub: UAISubsystem::~UAISubsystem AIPerceptionSystem (00000271D4794540), frame # 24017
[2020.12.10-17.39.20:252][ 17]LogAISub: UAISubsystem::~UAISubsystem EnvQueryManager (00000271D47D0C00), frame # 24017
[2020.12.10-17.39.21:173][ 17]LogAISub: UAISubsystem::~UAISubsystem EnvQueryManager (00000271C9DA7000), frame # 24017
[2020.12.10-17.39.21:173][ 17]LogAISub: UAISubsystem::~UAISubsystem AIPerceptionSystem (00000271C9D90B80), frame # 24017
[2020.12.10-17.39.21:242][ 17]LogExit: Object subsystem successfully closed.
[2020.12.10-17.39.21:368][ 17]LogShaderCompilers: Display: Shaders left to compile 0
[2020.12.10-17.39.22:269][ 17]LogModuleManager: Shutting down and abandoning module SequenceRecorderSections (502)
[2020.12.10-17.39.22:273][ 17]LogModuleManager: Shutting down and abandoning module SequenceRecorder (500)
[2020.12.10-17.39.22:282][ 17]LogModuleManager: Shutting down and abandoning module AutomationController (498)
[2020.12.10-17.39.22:291][ 17]LogModuleManager: Shutting down and abandoning module AutomationWorker (496)
[2020.12.10-17.39.22:310][ 17]LogModuleManager: Shutting down and abandoning module Voice (494)
[2020.12.10-17.39.22:323][ 17]LogModuleManager: Shutting down and abandoning module AIModule (492)
[2020.12.10-17.39.22:323][ 17]LogModuleManager: Shutting down and abandoning module GameplayDebugger (491)
[2020.12.10-17.39.22:323][ 17]LogModuleManager: Shutting down and abandoning module AITestSuite (489)
[2020.12.10-17.39.22:323][ 17]LogModuleManager: Shutting down and abandoning module NavigationSystem (487)
[2020.12.10-17.39.22:323][ 17]LogModuleManager: Shutting down and abandoning module OculusMR (484)
[2020.12.10-17.39.22:339][ 17]LogModuleManager: Shutting down and abandoning module WmfMediaFactory (482)
[2020.12.10-17.39.22:339][ 17]LogModuleManager: Shutting down and abandoning module WebMMediaFactory (480)
[2020.12.10-17.39.22:339][ 17]LogModuleManager: Shutting down and abandoning module WebMMedia (478)
[2020.12.10-17.39.22:350][ 17]LogModuleManager: Shutting down and abandoning module OpenExrWrapper (476)
[2020.12.10-17.39.22:350][ 17]LogModuleManager: Shutting down and abandoning module ImgMediaFactory (474)
[2020.12.10-17.39.22:350][ 17]LogModuleManager: Shutting down and abandoning module AvfMediaFactory (472)
[2020.12.10-17.39.22:350][ 17]LogModuleManager: Shutting down and abandoning module MagicLeapMediaCodecFactory (470)
[2020.12.10-17.39.22:350][ 17]LogModuleManager: Shutting down and abandoning module MagicLeapMediaFactory (468)
[2020.12.10-17.39.22:350][ 17]LogModuleManager: Shutting down and abandoning module PlanarCut (466)
[2020.12.10-17.39.22:371][ 17]LogModuleManager: Shutting down and abandoning module CharacterAI (464)
[2020.12.10-17.39.22:371][ 17]LogModuleManager: Shutting down and abandoning module SessionServices (462)
[2020.12.10-17.39.22:371][ 17]LogModuleManager: Shutting down and abandoning module MovieSceneCapture (460)
[2020.12.10-17.39.22:371][ 17]LogModuleManager: Shutting down and abandoning module LiveCoding (458)
[2020.12.10-17.39.22:389][ 17]LogModuleManager: Shutting down and abandoning module LevelSequence (456)
[2020.12.10-17.39.22:389][ 17]LogModuleManager: Shutting down and abandoning module MovieSceneTracks (454)
[2020.12.10-17.39.22:389][ 17]LogModuleManager: Shutting down and abandoning module MovieScene (452)
[2020.12.10-17.39.22:389][ 17]LogModuleManager: Shutting down and abandoning module StreamingPauseRendering (450)
[2020.12.10-17.39.22:415][ 17]LogModuleManager: Shutting down and abandoning module PortalServices (448)
[2020.12.10-17.39.22:415][ 17]LogModuleManager: Shutting down and abandoning module PortalRpc (446)
[2020.12.10-17.39.22:415][ 17]LogModuleManager: Shutting down and abandoning module MessagingRpc (444)
[2020.12.10-17.39.22:415][ 17]LogModuleManager: Shutting down and abandoning module AudioMixerXAudio2 (442)
[2020.12.10-17.39.22:415][ 17]LogModuleManager: Shutting down and abandoning module AudioMixerCore (441)
[2020.12.10-17.39.22:415][ 17]LogModuleManager: Shutting down and abandoning module ProfilerService (438)
[2020.12.10-17.39.22:613][ 17]LogModuleManager: Shutting down and abandoning module TaskGraph (436)
[2020.12.10-17.39.22:625][ 17]LogModuleManager: Shutting down and abandoning module Synthesis (434)
[2020.12.10-17.39.22:637][ 17]LogModuleManager: Shutting down and abandoning module ProceduralMeshComponent (432)
[2020.12.10-17.39.22:637][ 17]LogModuleManager: Shutting down and abandoning module OculusInput (430)
[2020.12.10-17.39.22:637][ 17]LogModuleManager: Shutting down and abandoning module MobilePatchingUtils (428)
[2020.12.10-17.39.22:637][ 17]LogModuleManager: Shutting down and abandoning module GooglePAD (426)
[2020.12.10-17.39.22:637][ 17]LogModuleManager: Shutting down and abandoning module EditableMesh (424)
[2020.12.10-17.39.22:654][ 17]LogModuleManager: Shutting down and abandoning module CustomMeshComponent (422)
[2020.12.10-17.39.22:654][ 17]LogModuleManager: Shutting down and abandoning module CableComponent (420)
[2020.12.10-17.39.22:668][ 17]LogModuleManager: Shutting down and abandoning module AudioCapture (418)
[2020.12.10-17.39.22:669][ 17]LogModuleManager: Shutting down and abandoning module AudioCaptureRtAudio (417)
[2020.12.10-17.39.22:684][ 17]LogModuleManager: Shutting down and abandoning module AssetTags (414)
[2020.12.10-17.39.22:684][ 17]LogModuleManager: Shutting down and abandoning module ArchVisCharacter (412)
[2020.12.10-17.39.22:684][ 17]LogModuleManager: Shutting down and abandoning module AppleImageUtilsBlueprintSupport (410)
[2020.12.10-17.39.22:684][ 17]LogModuleManager: Shutting down and abandoning module AppleImageUtils (408)
[2020.12.10-17.39.22:684][ 17]LogModuleManager: Shutting down and abandoning module AndroidPermission (406)
[2020.12.10-17.39.22:684][ 17]LogModuleManager: Shutting down and abandoning module NUTUnrealEngine4 (404)
[2020.12.10-17.39.22:704][ 17]LogModuleManager: Shutting down and abandoning module NetcodeUnitTest (402)
[2020.12.10-17.39.22:708][ 17]LogModuleManager: Shutting down and abandoning module TemplateSequence (400)
[2020.12.10-17.39.22:708][ 17]LogModuleManager: Shutting down and abandoning module MovieRenderPipelineRenderPasses (398)
[2020.12.10-17.39.22:732][ 17]LogModuleManager: Shutting down and abandoning module MovieRenderPipelineSettings (396)
[2020.12.10-17.39.22:732][ 17]LogModuleManager: Shutting down and abandoning module MovieRenderPipelineCore (394)
[2020.12.10-17.39.22:732][ 17]LogModuleManager: Shutting down and abandoning module ImageWriteQueue (393)
[2020.12.10-17.39.22:735][ 17]LogModuleManager: Shutting down and abandoning module MediaCompositing (390)
[2020.12.10-17.39.22:735][ 17]LogModuleManager: Shutting down and abandoning module ImgMedia (388)
[2020.12.10-17.39.22:735][ 17]LogModuleManager: Shutting down and abandoning module MagicLeapSharedWorld (386)
[2020.12.10-17.39.22:735][ 17]LogModuleManager: Shutting down and abandoning module MagicLeapLightEstimation (384)
[2020.12.10-17.39.22:735][ 17]LogModuleManager: Shutting down and abandoning module MagicLeapHelperVulkan (382)
[2020.12.10-17.39.22:735][ 17]LogModuleManager: Shutting down and abandoning module MagicLeapHelperOpenGL (380)
[2020.12.10-17.39.22:735][ 17]LogModuleManager: Shutting down and abandoning module MagicLeapAudio (378)
[2020.12.10-17.39.22:740][ 17]LogModuleManager: Shutting down and abandoning module MeshSolverUtilities (376)
[2020.12.10-17.39.22:745][ 17]LogModuleManager: Shutting down and abandoning module MeshConversion (374)
[2020.12.10-17.39.22:761][ 17]LogModuleManager: Shutting down and abandoning module DynamicMesh (372)
[2020.12.10-17.39.22:775][ 17]LogModuleManager: Shutting down and abandoning module GeometryAlgorithms (370)
[2020.12.10-17.39.22:784][ 17]LogModuleManager: Shutting down and abandoning module GeometricObjects (368)
[2020.12.10-17.39.22:801][ 17]LogModuleManager: Shutting down and abandoning module GeometryCollectionTracks (366)
[2020.12.10-17.39.22:801][ 17]LogModuleManager: Shutting down and abandoning module GeometryCollectionSequencer (365)
[2020.12.10-17.39.22:817][ 17]LogModuleManager: Shutting down and abandoning module GeometryCacheTracks (362)
[2020.12.10-17.39.22:817][ 17]LogModuleManager: Shutting down and abandoning module GeometryCacheSequencer (361)
[2020.12.10-17.39.22:817][ 17]LogModuleManager: Shutting down and abandoning module GeometryCache (358)
[2020.12.10-17.39.22:817][ 17]LogModuleManager: Shutting down and abandoning module GeometryCacheEd (357)
[2020.12.10-17.39.22:817][ 17]LogModuleManager: Shutting down and abandoning module ChaosNiagara (354)
[2020.12.10-17.39.22:817][ 17]LogModuleManager: Shutting down and abandoning module ChaosCloth (352)
[2020.12.10-17.39.22:836][ 17]LogModuleManager: Shutting down and abandoning module BackChannel (350)
[2020.12.10-17.39.22:848][ 17]LogModuleManager: Shutting down and abandoning module AutomationUtils (348)
[2020.12.10-17.39.22:848][ 17]LogModuleManager: Shutting down and abandoning module VisualStudioSourceCodeAccess (346)
[2020.12.10-17.39.22:856][ 17]LogModuleManager: Shutting down and abandoning module HotReload (345)
[2020.12.10-17.39.22:856][ 17]LogModuleManager: Shutting down and abandoning module VisualStudioCodeSourceCodeAccess (342)
[2020.12.10-17.39.22:856][ 17]LogModuleManager: Shutting down and abandoning module UObjectPlugin (340)
[2020.12.10-17.39.22:856][ 17]LogModuleManager: Shutting down and abandoning module SubversionSourceControl (338)
[2020.12.10-17.39.22:875][ 17]LogModuleManager: Shutting down and abandoning module RiderSourceCodeAccess (336)
[2020.12.10-17.39.22:875][ 17]LogModuleManager: Shutting down and abandoning module PerforceSourceControl (334)
[2020.12.10-17.39.22:895][ 17]LogModuleManager: Shutting down and abandoning module SourceControl (333)
[2020.12.10-17.39.22:909][ 17]LogModuleManager: Shutting down and abandoning module CLionSourceCodeAccess (330)
[2020.12.10-17.39.22:909][ 17]LogModuleManager: Shutting down and abandoning module ActorLayerUtilities (328)
[2020.12.10-17.39.22:909][ 17]LogModuleManager: Shutting down and abandoning module SoundFields (326)
[2020.12.10-17.39.22:909][ 17]LogModuleManager: Shutting down and abandoning module SignificanceManager (324)
[2020.12.10-17.39.22:909][ 17]LogModuleManager: Shutting down and abandoning module RuntimePhysXCooking (322)
[2020.12.10-17.39.22:909][ 17]LogModuleManager: Shutting down and abandoning module PhysXVehiclesEditor (320)
[2020.12.10-17.39.22:909][ 17]LogModuleManager: Shutting down and abandoning module LocationServicesBPLibrary (316)
[2020.12.10-17.39.22:909][ 17]LogModuleManager: Shutting down and abandoning module ActorSequence (314)
[2020.12.10-17.39.22:909][ 17]LogModuleManager: Shutting down and abandoning module UdpMessaging (312)
[2020.12.10-17.39.23:010][ 17]LogModuleManager: Shutting down and abandoning module TcpMessaging (310)
[2020.12.10-17.39.23:129][ 17]LogModuleManager: Shutting down and abandoning module MagicLeapARPin (308)
[2020.12.10-17.39.23:130][ 17]LogModuleManager: Shutting down and abandoning module MagicLeapHandMeshing (306)
[2020.12.10-17.39.23:130][ 17]LogModuleManager: Shutting down and abandoning module MagicLeapSecureStorage (304)
[2020.12.10-17.39.23:130][ 17]LogModuleManager: Shutting down and abandoning module MagicLeapPrivileges (302)
[2020.12.10-17.39.23:130][ 17]LogModuleManager: Shutting down and abandoning module MagicLeapPlanes (300)
[2020.12.10-17.39.23:140][ 17]LogMagicLeapPlanes: Planes tracker already destroyed.
[2020.12.10-17.39.23:140][ 17]LogModuleManager: Shutting down and abandoning module MagicLeapImageTracker (298)
[2020.12.10-17.39.23:140][ 17]LogModuleManager: Shutting down and abandoning module MagicLeapIdentity (296)
[2020.12.10-17.39.23:140][ 17]LogModuleManager: Shutting down and abandoning module MagicLeapHandTracking (294)
[2020.12.10-17.39.23:140][ 17]LogModuleManager: Shutting down and abandoning module MagicLeapEyeTracker (292)
[2020.12.10-17.39.23:140][ 17]LogModuleManager: Shutting down and abandoning module MagicLeapController (290)
[2020.12.10-17.39.23:158][ 17]LogSlate: Slate User Destroyed.  User Index 0, Is Virtual User: 0
[2020.12.10-17.39.23:158][ 17]LogModuleManager: Shutting down and abandoning module MagicLeapARPinImpl (288)
[2020.12.10-17.39.23:173][ 17]LogModuleManager: Shutting down and abandoning module MagicLeapAR (286)
[2020.12.10-17.39.23:173][ 17]LogModuleManager: Shutting down and abandoning module AugmentedReality (285)
[2020.12.10-17.39.23:173][ 17]LogModuleManager: Shutting down and abandoning module NiagaraAnimNotifies (282)
[2020.12.10-17.39.23:173][ 17]LogModuleManager: Shutting down and abandoning module Niagara (280)
[2020.12.10-17.39.23:190][ 17]LogModuleManager: Shutting down and abandoning module SignalProcessing (279)
[2020.12.10-17.39.23:190][ 17]LogModuleManager: Shutting down and abandoning module NiagaraEditor (277)
[2020.12.10-17.39.23:214][ 17]LogModuleManager: Shutting down and abandoning module NiagaraCore (274)
[2020.12.10-17.39.23:214][ 17]LogModuleManager: Shutting down and abandoning module GameplayTagsEditor (272)
[2020.12.10-17.39.23:214][ 17]LogModuleManager: Shutting down and abandoning module FacialAnimation (270)
[2020.12.10-17.39.23:214][ 17]LogModuleManager: Shutting down and abandoning module AssetManagerEditor (268)
[2020.12.10-17.39.23:232][ 17]LogModuleManager: Shutting down and abandoning module TreeMap (267)
[2020.12.10-17.39.23:258][ 17]LogModuleManager: Shutting down and abandoning module AnimationSharing (264)
[2020.12.10-17.39.23:258][ 17]LogModuleManager: Shutting down and abandoning module LightPropagationVolumeRuntime (262)
[2020.12.10-17.39.23:258][ 17]LogModuleManager: Shutting down and abandoning module Paper2D (260)
[2020.12.10-17.39.23:258][ 17]LogModuleManager: Shutting down and abandoning module WindowsMoviePlayer (258)
[2020.12.10-17.39.23:272][ 17]LogModuleManager: Shutting down and abandoning module WebMMoviePlayer (256)
[2020.12.10-17.39.23:287][ 17]LogModuleManager: Shutting down and abandoning module NetworkReplayStreaming (254)
[2020.12.10-17.39.23:287][ 17]LogModuleManager: Shutting down and abandoning module PacketHandler (252)
[2020.12.10-17.39.23:287][ 17]LogModuleManager: Shutting down and abandoning module ClothingSystemEditor (250)
[2020.12.10-17.39.23:287][ 17]LogModuleManager: Shutting down and abandoning module ClothingSystemRuntimeNv (248)
[2020.12.10-17.39.23:311][ 17]LogModuleManager: Shutting down and abandoning module MediaAssets (246)
[2020.12.10-17.39.23:311][ 17]LogModuleManager: Shutting down and abandoning module Overlay (244)
[2020.12.10-17.39.23:311][ 17]LogModuleManager: Shutting down and abandoning module OverlayEditor (243)
[2020.12.10-17.39.23:311][ 17]LogModuleManager: Shutting down and abandoning module VREditor (240)
[2020.12.10-17.39.23:338][ 17]LogModuleManager: Shutting down and abandoning module StringTableEditor (238)
[2020.12.10-17.39.23:359][ 17]LogModuleManager: Shutting down and abandoning module GameplayTasksEditor (236)
[2020.12.10-17.39.23:375][ 17]LogModuleManager: Shutting down and abandoning module BehaviorTreeEditor (234)
[2020.12.10-17.39.23:399][ 17]LogModuleManager: Shutting down and abandoning module FunctionalTesting (232)
[2020.12.10-17.39.23:410][ 17]LogModuleManager: Shutting down and abandoning module CollisionAnalyzer (230)
[2020.12.10-17.39.23:428][ 17]LogModuleManager: Shutting down and abandoning module UMG (228)
[2020.12.10-17.39.23:428][ 17]LogModuleManager: Shutting down and abandoning module UMGEditor (227)
[2020.12.10-17.39.23:445][ 17]LogModuleManager: Shutting down and abandoning module Sequencer (226)
[2020.12.10-17.39.23:465][ 17]LogModuleManager: Shutting down and abandoning module MessageLog (223)
[2020.12.10-17.39.23:465][ 17]LogModuleManager: Shutting down and abandoning module MaterialEditor (221)
[2020.12.10-17.39.23:465][ 17]LogModuleManager: Shutting down and abandoning module ContentBrowser (220)
[2020.12.10-17.39.23:465][ 17]LogModuleManager: Shutting down and abandoning module WorkspaceMenuStructure (219)
[2020.12.10-17.39.23:465][ 17]LogModuleManager: Shutting down and abandoning module CollectionManager (217)
[2020.12.10-17.39.23:479][ 17]LogModuleManager: Shutting down and abandoning module DirectoryWatcher (216)
[2020.12.10-17.39.23:479][ 17]LogModuleManager: Shutting down and abandoning module SlateReflector (208)
[2020.12.10-17.39.23:495][ 17]LogModuleManager: Shutting down and abandoning module Slate (206)
[2020.12.10-17.39.23:495][ 17]LogModuleManager: Shutting down and abandoning module SlateCore (204)
[2020.12.10-17.39.23:495][ 17]LogModuleManager: Shutting down and abandoning module LandscapeEditorUtilities (202)
[2020.12.10-17.39.23:495][ 17]LogModuleManager: Shutting down and abandoning module EditorStyle (200)
[2020.12.10-17.39.23:496][ 17]LogModuleManager: Shutting down and abandoning module UnrealEd (198)
[2020.12.10-17.39.23:496][ 17]LogModuleManager: Shutting down and abandoning module MRMesh (196)
[2020.12.10-17.39.23:496][ 17]LogModuleManager: Shutting down and abandoning module Messaging (194)
[2020.12.10-17.39.23:496][ 17]LogModuleManager: Shutting down and abandoning module SourceCodeAccess (192)
[2020.12.10-17.39.23:496][ 17]LogModuleManager: Shutting down and abandoning module HeadMountedDisplay (190)
[2020.12.10-17.39.23:496][ 17]LogModuleManager: Shutting down and abandoning module XAudio2 (188)
[2020.12.10-17.39.23:507][ 17]LogModuleManager: Shutting down and abandoning module Networking (186)
[2020.12.10-17.39.23:507][ 17]LogModuleManager: Shutting down and abandoning module Core (184)
[2020.12.10-17.39.23:507][ 17]LogModuleManager: Shutting down and abandoning module MovieSceneTools (182)
[2020.12.10-17.39.23:524][ 17]LogModuleManager: Shutting down and abandoning module KismetCompiler (180)
[2020.12.10-17.39.23:524][ 17]LogModuleManager: Shutting down and abandoning module MeshBuilder (178)
[2020.12.10-17.39.23:524][ 17]LogModuleManager: Shutting down and abandoning module MeshUtilities (176)
[2020.12.10-17.39.23:544][ 17]LogModuleManager: Shutting down and abandoning module MeshMergeUtilities (175)
[2020.12.10-17.39.23:561][ 17]LogModuleManager: Shutting down and abandoning module MeshReductionInterface (174)
[2020.12.10-17.39.23:562][ 17]LogModuleManager: Shutting down and abandoning module MeshBoneReduction (173)
[2020.12.10-17.39.23:572][ 17]LogModuleManager: Shutting down and abandoning module SkeletalMeshReduction (171)
[2020.12.10-17.39.23:587][ 17]LogModuleManager: Shutting down and abandoning module ProxyLODMeshReduction (169)
[2020.12.10-17.39.23:614][ 17]LogModuleManager: Shutting down and abandoning module QuadricMeshReduction (167)
[2020.12.10-17.39.23:633][ 17]LogModuleManager: Shutting down and abandoning module MaterialBaking (163)
[2020.12.10-17.39.23:642][ 17]LogModuleManager: Shutting down and abandoning module NullInstallBundleManager (158)
[2020.12.10-17.39.23:642][ 17]LogModuleManager: Shutting down and abandoning module PIEPreviewDeviceProfileSelector (156)
[2020.12.10-17.39.23:664][ 17]LogModuleManager: Shutting down and abandoning module DerivedDataCache (154)
[2020.12.10-17.39.23:664][ 17]LogModuleManager: Shutting down and abandoning module XGEController (152)
[2020.12.10-17.39.23:664][ 17]LogModuleManager: Shutting down and abandoning module TargetPlatform (150)
[2020.12.10-17.39.23:683][ 17]LogModuleManager: Shutting down and abandoning module VulkanShaderFormat (149)
[2020.12.10-17.39.23:699][ 17]LogModuleManager: Shutting down and abandoning module ShaderFormatVectorVM (147)
[2020.12.10-17.39.23:706][ 17]LogModuleManager: Shutting down and abandoning module ShaderFormatOpenGL (145)
[2020.12.10-17.39.23:709][ 17]LogModuleManager: Shutting down and abandoning module ShaderFormatD3D (143)
[2020.12.10-17.39.23:709][ 17]LogModuleManager: Shutting down and abandoning module MetalShaderFormat (141)
[2020.12.10-17.39.23:731][ 17]LogModuleManager: Shutting down and abandoning module TextureFormatUncompressed (139)
[2020.12.10-17.39.23:731][ 17]LogModuleManager: Shutting down and abandoning module TextureFormatPVR (137)
[2020.12.10-17.39.23:731][ 17]LogModuleManager: Shutting down and abandoning module TextureFormatDXT (135)
[2020.12.10-17.39.23:731][ 17]LogModuleManager: Shutting down and abandoning module TextureFormatIntelISPCTexComp (133)
[2020.12.10-17.39.23:734][ 17]LogModuleManager: Shutting down and abandoning module TextureFormatASTC (131)
[2020.12.10-17.39.23:734][ 17]LogModuleManager: Shutting down and abandoning module ImageWrapper (130)
[2020.12.10-17.39.23:734][ 17]LogModuleManager: Shutting down and abandoning module TextureFormatAndroid (127)
[2020.12.10-17.39.23:734][ 17]LogModuleManager: Shutting down and abandoning module AudioFormatOpus (125)
[2020.12.10-17.39.23:741][ 17]LogModuleManager: Shutting down and abandoning module AudioFormatOgg (123)
[2020.12.10-17.39.23:741][ 17]LogModuleManager: Shutting down and abandoning module AudioFormatADPCM (121)
[2020.12.10-17.39.23:741][ 17]LogModuleManager: Shutting down and abandoning module WindowsServerTargetPlatform (119)
[2020.12.10-17.39.23:741][ 17]LogModuleManager: Shutting down and abandoning module WindowsClientTargetPlatform (117)
[2020.12.10-17.39.23:741][ 17]LogModuleManager: Shutting down and abandoning module WindowsTargetPlatform (115)
[2020.12.10-17.39.23:741][ 17]LogModuleManager: Shutting down and abandoning module WindowsNoEditorTargetPlatform (113)
[2020.12.10-17.39.23:741][ 17]LogModuleManager: Shutting down and abandoning module InputCore (110)
[2020.12.10-17.39.23:741][ 17]LogModuleManager: Shutting down and abandoning module Settings (108)
[2020.12.10-17.39.23:741][ 17]LogModuleManager: Shutting down and abandoning module PhysXCooking (106)
[2020.12.10-17.39.23:741][ 17]LogModuleManager: Shutting down and abandoning module ChaosSolvers (104)
[2020.12.10-17.39.23:761][ 17]LogModuleManager: Shutting down and abandoning module FieldSystemEngine (103)
[2020.12.10-17.39.23:761][ 17]LogModuleManager: Shutting down and abandoning module Chaos (100)
[2020.12.10-17.39.23:761][ 17]LogModuleManager: Shutting down and abandoning module WindowsPlatformFeatures (98)
[2020.12.10-17.39.23:774][ 17]LogModuleManager: Shutting down and abandoning module GameplayMediaEncoder (97)
[2020.12.10-17.39.23:795][ 17]LogModuleManager: Shutting down and abandoning module AVEncoder (96)
[2020.12.10-17.39.23:815][ 17]LogModuleManager: Shutting down and abandoning module SteamVRInputDevice (92)
[2020.12.10-17.39.23:831][ 17]LogModuleManager: Shutting down and abandoning module SteamVRInput (90)
[2020.12.10-17.39.23:831][ 17]LogModuleManager: Shutting down and abandoning module SteamVR (88)
[2020.12.10-17.39.23:831][ 17]LogHMD: Freeing OpenVRDLLHandle.
[2020.12.10-17.39.23:831][ 17]LogModuleManager: Shutting down and abandoning module OculusHMD (86)
[2020.12.10-17.39.23:831][ 17]LogModuleManager: Shutting down and abandoning module ExampleDeviceProfileSelector (84)
[2020.12.10-17.39.23:831][ 17]LogModuleManager: Shutting down and abandoning module LauncherChunkInstaller (82)
[2020.12.10-17.39.23:831][ 17]LogModuleManager: Shutting down and abandoning module OnlineBlueprintSupport (80)
[2020.12.10-17.39.23:831][ 17]LogModuleManager: Shutting down and abandoning module OnlineSubsystem (76)
[2020.12.10-17.39.23:832][ 17]LogModuleManager: Shutting down and abandoning module XMPP (71)
[2020.12.10-17.39.23:847][ 17]LogModuleManager: Shutting down and abandoning module WebSockets (70)
[2020.12.10-17.39.23:905][ 17]LogModuleManager: Shutting down and abandoning module HTTP (67)
[2020.12.10-17.39.23:925][ 17]LogModuleManager: Shutting down and abandoning module SSL (66)
[2020.12.10-17.39.23:926][ 17]LogModuleManager: Shutting down and abandoning module WmfMedia (62)
[2020.12.10-17.39.23:948][ 17]LogModuleManager: Shutting down and abandoning module Media (61)
[2020.12.10-17.39.23:949][ 17]LogModuleManager: Shutting down and abandoning module MagicLeap (58)
[2020.12.10-17.39.23:949][ 17]LogModuleManager: Shutting down and abandoning module NiagaraVertexFactories (56)
[2020.12.10-17.39.23:949][ 17]LogModuleManager: Shutting down and abandoning module NiagaraShader (54)
[2020.12.10-17.39.23:949][ 17]LogModuleManager: Shutting down and abandoning module VariantManagerContent (52)
[2020.12.10-17.39.23:949][ 17]LogModuleManager: Shutting down and abandoning module DatasmithContent (50)
[2020.12.10-17.39.23:949][ 17]LogModuleManager: Shutting down and abandoning module AISupportModule (48)
[2020.12.10-17.39.23:950][ 17]LogModuleManager: Shutting down and abandoning module DesktopPlatform (46)
[2020.12.10-17.39.23:955][ 17]LogModuleManager: Shutting down and abandoning module PlatformCryptoOpenSSL (44)
[2020.12.10-17.39.23:976][ 17]LogModuleManager: Shutting down and abandoning module PlatformCryptoTypes (42)
[2020.12.10-17.39.23:976][ 17]LogModuleManager: Shutting down and abandoning module PlatformCrypto (40)
[2020.12.10-17.39.23:976][ 17]LogModuleManager: Shutting down and abandoning module AnimationModifiers (38)
[2020.12.10-17.39.23:998][ 17]LogModuleManager: Shutting down and abandoning module PropertyEditor (37)
[2020.12.10-17.39.23:998][ 17]LogModuleManager: Shutting down and abandoning module AudioEditor (34)
[2020.12.10-17.39.24:031][ 17]LogModuleManager: Shutting down and abandoning module TextureCompressor (32)
[2020.12.10-17.39.24:031][ 17]LogModuleManager: Shutting down and abandoning module RenderCore (30)
[2020.12.10-17.39.24:031][ 17]LogModuleManager: Shutting down and abandoning module Landscape (28)
[2020.12.10-17.39.24:031][ 17]LogModuleManager: Shutting down and abandoning module SlateRHIRenderer (26)
[2020.12.10-17.39.24:047][ 17]LogModuleManager: Shutting down and abandoning module OpenGLDrv (24)
[2020.12.10-17.39.24:063][ 17]LogModuleManager: Shutting down and abandoning module D3D11RHI (22)
[2020.12.10-17.39.24:063][ 17]LogModuleManager: Shutting down and abandoning module AnimGraphRuntime (20)
[2020.12.10-17.39.24:063][ 17]LogModuleManager: Shutting down and abandoning module Renderer (18)
[2020.12.10-17.39.24:076][ 17]LogModuleManager: Shutting down and abandoning module Engine (16)
[2020.12.10-17.39.24:076][ 17]LogModuleManager: Shutting down and abandoning module CoreUObject (14)
[2020.12.10-17.39.24:076][ 17]LogModuleManager: Shutting down and abandoning module NetworkFile (12)
[2020.12.10-17.39.24:092][ 17]LogModuleManager: Shutting down and abandoning module CookedIterativeFile (10)
[2020.12.10-17.39.24:092][ 17]LogModuleManager: Shutting down and abandoning module StreamingFile (8)
[2020.12.10-17.39.24:103][ 17]LogModuleManager: Shutting down and abandoning module SandboxFile (6)
[2020.12.10-17.39.24:124][ 17]LogModuleManager: Shutting down and abandoning module PakFile (4)
[2020.12.10-17.39.24:124][ 17]LogModuleManager: Shutting down and abandoning module RSA (3)
[2020.12.10-17.39.24:513][ 17]LogContentStreaming: Display: There are 1 unreleased StreamingManagers
[2020.12.10-17.39.24:529][ 17]LogD3D11RHI: Shutdown
[2020.12.10-17.39.24:529][ 17]LogD3D11RHI: CleanupD3DDevice
[2020.12.10-17.39.24:589][ 17]LogExit: Exiting.
[2020.12.10-17.39.24:595][ 17]Log file closed, 12/10/20 12:39:24
